<?xml version="1.0" encoding="UTF-8"?>
<!-- Generated by org.testng.reporters.JUnitXMLReporter -->
<testsuite hostname="Aswinikumars-MacBook-Pro.local" name="Default test" tests="29" failures="0" timestamp="26 Jun 2023 15:48:24 GMT" time="2025.507" errors="0">
  <testcase name="preConditionsTest_for_COLORADO" time="514.71" classname="com.twc.ios.app.testcases.AndroidCOLORADOPrivacyTest"/>
  <testcase name="verify_enabling_Privacy_optin_for_COLORADO" time="247.989" classname="com.twc.ios.app.testcases.AndroidCOLORADOPrivacyTest"/>
  <testcase name="navigate_To_Feed_Cards_when_Privacy_optin_for_COLORADO" time="150.028" classname="com.twc.ios.app.testcases.AndroidCOLORADOPrivacyTest"/>
  <testcase name="validate_NextGen_IM_Adcall_sod_val_privacy_optin_for_COLORADO" time="0.315" classname="com.twc.ios.app.testcases.AndroidCOLORADOPrivacyTest"/>
  <testcase name="verify_Daily_details_call_sod_val_privacy_optin_for_COLORADO" time="0.192" classname="com.twc.ios.app.testcases.AndroidCOLORADOPrivacyTest"/>
  <testcase name="Verify_Amazon_Call_for_COLORADO" time="0.134" classname="com.twc.ios.app.testcases.AndroidCOLORADOPrivacyTest"/>
  <testcase name="Verify_Lotame_call_privacy_optin_for_COLORADO" time="0.17" classname="com.twc.ios.app.testcases.AndroidCOLORADOPrivacyTest"/>
  <testcase name="Verify_LocationWFXTriggers_Call_privacy_optin_for_COLORADO" time="0.122" classname="com.twc.ios.app.testcases.AndroidCOLORADOPrivacyTest"/>
  <testcase name="Verify_WFXTriggers_Call_privacy_optin_for_COLORADO" time="0.117" classname="com.twc.ios.app.testcases.AndroidCOLORADOPrivacyTest"/>
  <testcase name="validate_NextGen_IM_call_rdp_val_privacy_optin_for_COLORADO" time="0.121" classname="com.twc.ios.app.testcases.AndroidCOLORADOPrivacyTest"/>
  <testcase name="Verify_Criteo_SDK_inapp_v2_Call_privacy_optin_for_COLORADO" time="0.128" classname="com.twc.ios.app.testcases.AndroidCOLORADOPrivacyTest"/>
  <testcase name="Verify_Criteo_SDK_config_app_Call_privacy_optin_for_COLORADO" time="0.15" classname="com.twc.ios.app.testcases.AndroidCOLORADOPrivacyTest"/>
  <testcase name="derive_VideoCall_IU_when_Privacy_optin_for_COLORADO" time="113.576" classname="com.twc.ios.app.testcases.AndroidCOLORADOPrivacyTest"/>
  <testcase name="verify_PrerollAd_call_sod_val_privacy_optin_for_COLORADO" time="0.298" classname="com.twc.ios.app.testcases.AndroidCOLORADOPrivacyTest"/>
  <testcase name="validate_PrerollVideo_call_rdp_val_privacy_optin_for_COLORADO" time="0.237" classname="com.twc.ios.app.testcases.AndroidCOLORADOPrivacyTest"/>
  <testcase name="verify_enabling_Privacy_optout_for_COLORADO" time="267.516" classname="com.twc.ios.app.testcases.AndroidCOLORADOPrivacyTest"/>
  <testcase name="navigate_To_Feed_Cards_when_Privacy_optout_for_COLORADO" time="104.545" classname="com.twc.ios.app.testcases.AndroidCOLORADOPrivacyTest"/>
  <testcase name="validate_NextGen_IM_Adcall_sod_val_privacy_optout_for_COLORADO" time="0.258" classname="com.twc.ios.app.testcases.AndroidCOLORADOPrivacyTest"/>
  <testcase name="verify_Daily_details_call_sod_val_privacy_optout_for_COLORADO" time="0.125" classname="com.twc.ios.app.testcases.AndroidCOLORADOPrivacyTest"/>
  <testcase name="Verify_Amazon_Call_privacy_optout_for_COLORADO" time="0.152" classname="com.twc.ios.app.testcases.AndroidCOLORADOPrivacyTest"/>
  <testcase name="Verify_Lotame_Call_privacy_optout_for_COLORADO" time="0.136" classname="com.twc.ios.app.testcases.AndroidCOLORADOPrivacyTest"/>
  <testcase name="Verify_LocationWFXTriggers_Call_privacy_optout_for_COLORADO" time="0.126" classname="com.twc.ios.app.testcases.AndroidCOLORADOPrivacyTest"/>
  <testcase name="Verify_WFXTriggers_Call_privacy_optout_for_COLORADO" time="0.119" classname="com.twc.ios.app.testcases.AndroidCOLORADOPrivacyTest"/>
  <testcase name="validate_NextGen_IM_call_rdp_val_privacy_optout_for_COLORADO" time="0.116" classname="com.twc.ios.app.testcases.AndroidCOLORADOPrivacyTest"/>
  <testcase name="Verify_Criteo_SDK_inapp_v2_Call_privacy_optout_for_COLORADO" time="0.141" classname="com.twc.ios.app.testcases.AndroidCOLORADOPrivacyTest"/>
  <testcase name="Verify_Criteo_SDK_config_app_Call_privacy_optout_for_COLORADO" time="0.114" classname="com.twc.ios.app.testcases.AndroidCOLORADOPrivacyTest"/>
  <testcase name="derive_VideoCall_IU_when_Privacy_optout_for_COLORADO" time="112.406" classname="com.twc.ios.app.testcases.AndroidCOLORADOPrivacyTest"/>
  <testcase name="verify_PrerollAd_call_sod_val_privacy_optout_for_COLORADO" time="0.081" classname="com.twc.ios.app.testcases.AndroidCOLORADOPrivacyTest"/>
  <testcase name="validate_PrerollVideo_call_rdp_val_privacy_optout_for_COLORADO" time="240.1" classname="com.twc.ios.app.testcases.AndroidCOLORADOPrivacyTest"/>
</testsuite> <!-- Default test -->
