<?xml version="1.0" encoding="UTF-8"?>
<testng-results skipped="0" failed="139" total="147" passed="8">
  <reporter-output>
  </reporter-output>
  <suite name="Default suite" duration-ms="2018841" started-at="2022-11-23T09:00:08Z" finished-at="2022-11-23T09:33:46Z">
    <groups>
    </groups>
    <test name="Default test" duration-ms="2018841" started-at="2022-11-23T09:00:08Z" finished-at="2022-11-23T09:33:46Z">
      <class name="com.twc.ios.app.testcases.AndroidSmokeTest">
        <test-method status="PASS" signature="beforeClass()[pri:0, instance:com.twc.ios.app.testcases.AndroidSmokeTest@7ae9a33a]" name="beforeClass" is-config="true" duration-ms="30589" started-at="2022-11-23T14:30:08Z" finished-at="2022-11-23T14:30:38Z">
          <reporter-output>
          </reporter-output>
        </test-method> <!-- beforeClass -->
        <test-method status="PASS" signature="beforeTest()[pri:0, instance:com.twc.ios.app.testcases.AndroidSmokeTest@7ae9a33a]" name="beforeTest" duration-ms="182505" started-at="2022-11-23T14:30:38Z" finished-at="2022-11-23T14:33:41Z">
          <reporter-output>
          </reporter-output>
        </test-method> <!-- beforeTest -->
        <test-method status="FAIL" signature="Verify_Feed_Calls()[pri:100, instance:com.twc.ios.app.testcases.AndroidSmokeTest@7ae9a33a]" name="Verify_Feed_Calls" duration-ms="966088" started-at="2022-11-23T14:33:41Z" finished-at="2022-11-23T14:49:47Z">
          <exception class="java.lang.NullPointerException">
            <full-stacktrace>
              <![CDATA[java.lang.NullPointerException
	at com.twc.ios.app.general.Utils.get_v3_wx_forecast_daily_15day_data(Utils.java:9939)
	at com.twc.ios.app.testcases.AndroidSmokeTest.Verify_Feed_Calls(AndroidSmokeTest.java:233)
	at sun.reflect.NativeMethodAccessorImpl.invoke0(Native Method)
	at sun.reflect.NativeMethodAccessorImpl.invoke(NativeMethodAccessorImpl.java:62)
	at sun.reflect.DelegatingMethodAccessorImpl.invoke(DelegatingMethodAccessorImpl.java:43)
	at java.lang.reflect.Method.invoke(Method.java:498)
	at org.testng.internal.MethodInvocationHelper.invokeMethod(MethodInvocationHelper.java:86)
	at org.testng.internal.Invoker.invokeMethod(Invoker.java:643)
	at org.testng.internal.Invoker.invokeTestMethod(Invoker.java:820)
	at org.testng.internal.Invoker.invokeTestMethods(Invoker.java:1128)
	at org.testng.internal.TestMethodWorker.invokeTestMethods(TestMethodWorker.java:129)
	at org.testng.internal.TestMethodWorker.run(TestMethodWorker.java:112)
	at org.testng.TestRunner.privateRun(TestRunner.java:782)
	at org.testng.TestRunner.run(TestRunner.java:632)
	at org.testng.SuiteRunner.runTest(SuiteRunner.java:366)
	at org.testng.SuiteRunner.runSequentially(SuiteRunner.java:361)
	at org.testng.SuiteRunner.privateRun(SuiteRunner.java:319)
	at org.testng.SuiteRunner.run(SuiteRunner.java:268)
	at org.testng.SuiteRunnerWorker.runSuite(SuiteRunnerWorker.java:52)
	at org.testng.SuiteRunnerWorker.run(SuiteRunnerWorker.java:86)
	at org.testng.TestNG.runSuitesSequentially(TestNG.java:1244)
	at org.testng.TestNG.runSuitesLocally(TestNG.java:1169)
	at org.testng.TestNG.run(TestNG.java:1064)
	at org.testng.remote.AbstractRemoteTestNG.run(AbstractRemoteTestNG.java:115)
	at org.testng.remote.RemoteTestNG.initAndRun(RemoteTestNG.java:251)
	at org.testng.remote.RemoteTestNG.main(RemoteTestNG.java:77)
]]>
            </full-stacktrace>
          </exception> <!-- java.lang.NullPointerException -->
          <reporter-output>
          </reporter-output>
        </test-method> <!-- Verify_Feed_Calls -->
        <test-method status="FAIL" signature="Verify_Homescreen_Adhesive_AdCall()[pri:101, instance:com.twc.ios.app.testcases.AndroidSmokeTest@7ae9a33a]" name="Verify_Homescreen_Adhesive_AdCall" duration-ms="19" started-at="2022-11-23T14:49:47Z" finished-at="2022-11-23T14:49:47Z">
          <exception class="java.lang.AssertionError">
            <message>
              <![CDATA[iu=%2F7646%2Fapp_android_us%2Fdb_display%2Fhome_screen%2Fadhv ad call is not present]]>
            </message>
            <full-stacktrace>
              <![CDATA[java.lang.AssertionError: iu=%2F7646%2Fapp_android_us%2Fdb_display%2Fhome_screen%2Fadhv ad call is not present
	at org.testng.Assert.fail(Assert.java:94)
	at com.twc.ios.app.general.Utils.verifyPubadCal(Utils.java:642)
	at com.twc.ios.app.testcases.AndroidSmokeTest.Verify_Homescreen_Adhesive_AdCall(AndroidSmokeTest.java:271)
	at sun.reflect.NativeMethodAccessorImpl.invoke0(Native Method)
	at sun.reflect.NativeMethodAccessorImpl.invoke(NativeMethodAccessorImpl.java:62)
	at sun.reflect.DelegatingMethodAccessorImpl.invoke(DelegatingMethodAccessorImpl.java:43)
	at java.lang.reflect.Method.invoke(Method.java:498)
	at org.testng.internal.MethodInvocationHelper.invokeMethod(MethodInvocationHelper.java:86)
	at org.testng.internal.Invoker.invokeMethod(Invoker.java:643)
	at org.testng.internal.Invoker.invokeTestMethod(Invoker.java:820)
	at org.testng.internal.Invoker.invokeTestMethods(Invoker.java:1128)
	at org.testng.internal.TestMethodWorker.invokeTestMethods(TestMethodWorker.java:129)
	at org.testng.internal.TestMethodWorker.run(TestMethodWorker.java:112)
	at org.testng.TestRunner.privateRun(TestRunner.java:782)
	at org.testng.TestRunner.run(TestRunner.java:632)
	at org.testng.SuiteRunner.runTest(SuiteRunner.java:366)
	at org.testng.SuiteRunner.runSequentially(SuiteRunner.java:361)
	at org.testng.SuiteRunner.privateRun(SuiteRunner.java:319)
	at org.testng.SuiteRunner.run(SuiteRunner.java:268)
	at org.testng.SuiteRunnerWorker.runSuite(SuiteRunnerWorker.java:52)
	at org.testng.SuiteRunnerWorker.run(SuiteRunnerWorker.java:86)
	at org.testng.TestNG.runSuitesSequentially(TestNG.java:1244)
	at org.testng.TestNG.runSuitesLocally(TestNG.java:1169)
	at org.testng.TestNG.run(TestNG.java:1064)
	at org.testng.remote.AbstractRemoteTestNG.run(AbstractRemoteTestNG.java:115)
	at org.testng.remote.RemoteTestNG.initAndRun(RemoteTestNG.java:251)
	at org.testng.remote.RemoteTestNG.main(RemoteTestNG.java:77)
]]>
            </full-stacktrace>
          </exception> <!-- java.lang.AssertionError -->
          <reporter-output>
          </reporter-output>
        </test-method> <!-- Verify_Homescreen_Adhesive_AdCall -->
        <test-method status="FAIL" signature="Verify_NextGen_IM_AdCall()[pri:102, instance:com.twc.ios.app.testcases.AndroidSmokeTest@7ae9a33a]" name="Verify_NextGen_IM_AdCall" duration-ms="21" started-at="2022-11-23T14:49:47Z" finished-at="2022-11-23T14:49:47Z">
          <exception class="java.lang.AssertionError">
            <message>
              <![CDATA[iu=%2F7646%2Fapp_android_us%2Fdb_display%2Fhome_screen%2Fmarquee ad call is not present]]>
            </message>
            <full-stacktrace>
              <![CDATA[java.lang.AssertionError: iu=%2F7646%2Fapp_android_us%2Fdb_display%2Fhome_screen%2Fmarquee ad call is not present
	at org.testng.Assert.fail(Assert.java:94)
	at com.twc.ios.app.general.Utils.verifyPubadCal(Utils.java:642)
	at com.twc.ios.app.testcases.AndroidSmokeTest.Verify_NextGen_IM_AdCall(AndroidSmokeTest.java:283)
	at sun.reflect.NativeMethodAccessorImpl.invoke0(Native Method)
	at sun.reflect.NativeMethodAccessorImpl.invoke(NativeMethodAccessorImpl.java:62)
	at sun.reflect.DelegatingMethodAccessorImpl.invoke(DelegatingMethodAccessorImpl.java:43)
	at java.lang.reflect.Method.invoke(Method.java:498)
	at org.testng.internal.MethodInvocationHelper.invokeMethod(MethodInvocationHelper.java:86)
	at org.testng.internal.Invoker.invokeMethod(Invoker.java:643)
	at org.testng.internal.Invoker.invokeTestMethod(Invoker.java:820)
	at org.testng.internal.Invoker.invokeTestMethods(Invoker.java:1128)
	at org.testng.internal.TestMethodWorker.invokeTestMethods(TestMethodWorker.java:129)
	at org.testng.internal.TestMethodWorker.run(TestMethodWorker.java:112)
	at org.testng.TestRunner.privateRun(TestRunner.java:782)
	at org.testng.TestRunner.run(TestRunner.java:632)
	at org.testng.SuiteRunner.runTest(SuiteRunner.java:366)
	at org.testng.SuiteRunner.runSequentially(SuiteRunner.java:361)
	at org.testng.SuiteRunner.privateRun(SuiteRunner.java:319)
	at org.testng.SuiteRunner.run(SuiteRunner.java:268)
	at org.testng.SuiteRunnerWorker.runSuite(SuiteRunnerWorker.java:52)
	at org.testng.SuiteRunnerWorker.run(SuiteRunnerWorker.java:86)
	at org.testng.TestNG.runSuitesSequentially(TestNG.java:1244)
	at org.testng.TestNG.runSuitesLocally(TestNG.java:1169)
	at org.testng.TestNG.run(TestNG.java:1064)
	at org.testng.remote.AbstractRemoteTestNG.run(AbstractRemoteTestNG.java:115)
	at org.testng.remote.RemoteTestNG.initAndRun(RemoteTestNG.java:251)
	at org.testng.remote.RemoteTestNG.main(RemoteTestNG.java:77)
]]>
            </full-stacktrace>
          </exception> <!-- java.lang.AssertionError -->
          <reporter-output>
          </reporter-output>
        </test-method> <!-- Verify_NextGen_IM_AdCall -->
        <test-method status="FAIL" signature="Verify_HourlyDetails_AdCall()[pri:103, instance:com.twc.ios.app.testcases.AndroidSmokeTest@7ae9a33a]" name="Verify_HourlyDetails_AdCall" duration-ms="18" started-at="2022-11-23T14:49:47Z" finished-at="2022-11-23T14:49:47Z">
          <exception class="java.lang.AssertionError">
            <message>
              <![CDATA[iu=%2F7646%2Fapp_android_us%2Fdb_display%2Fdetails%2Fhourly :ad Call expected to present but it not exists]]>
            </message>
            <full-stacktrace>
              <![CDATA[java.lang.AssertionError: iu=%2F7646%2Fapp_android_us%2Fdb_display%2Fdetails%2Fhourly :ad Call expected to present but it not exists
	at org.testng.Assert.fail(Assert.java:94)
	at com.twc.ios.app.general.Utils.verifyPubadCal(Utils.java:744)
	at com.twc.ios.app.testcases.AndroidSmokeTest.Verify_HourlyDetails_AdCall(AndroidSmokeTest.java:294)
	at sun.reflect.NativeMethodAccessorImpl.invoke0(Native Method)
	at sun.reflect.NativeMethodAccessorImpl.invoke(NativeMethodAccessorImpl.java:62)
	at sun.reflect.DelegatingMethodAccessorImpl.invoke(DelegatingMethodAccessorImpl.java:43)
	at java.lang.reflect.Method.invoke(Method.java:498)
	at org.testng.internal.MethodInvocationHelper.invokeMethod(MethodInvocationHelper.java:86)
	at org.testng.internal.Invoker.invokeMethod(Invoker.java:643)
	at org.testng.internal.Invoker.invokeTestMethod(Invoker.java:820)
	at org.testng.internal.Invoker.invokeTestMethods(Invoker.java:1128)
	at org.testng.internal.TestMethodWorker.invokeTestMethods(TestMethodWorker.java:129)
	at org.testng.internal.TestMethodWorker.run(TestMethodWorker.java:112)
	at org.testng.TestRunner.privateRun(TestRunner.java:782)
	at org.testng.TestRunner.run(TestRunner.java:632)
	at org.testng.SuiteRunner.runTest(SuiteRunner.java:366)
	at org.testng.SuiteRunner.runSequentially(SuiteRunner.java:361)
	at org.testng.SuiteRunner.privateRun(SuiteRunner.java:319)
	at org.testng.SuiteRunner.run(SuiteRunner.java:268)
	at org.testng.SuiteRunnerWorker.runSuite(SuiteRunnerWorker.java:52)
	at org.testng.SuiteRunnerWorker.run(SuiteRunnerWorker.java:86)
	at org.testng.TestNG.runSuitesSequentially(TestNG.java:1244)
	at org.testng.TestNG.runSuitesLocally(TestNG.java:1169)
	at org.testng.TestNG.run(TestNG.java:1064)
	at org.testng.remote.AbstractRemoteTestNG.run(AbstractRemoteTestNG.java:115)
	at org.testng.remote.RemoteTestNG.initAndRun(RemoteTestNG.java:251)
	at org.testng.remote.RemoteTestNG.main(RemoteTestNG.java:77)
]]>
            </full-stacktrace>
          </exception> <!-- java.lang.AssertionError -->
          <reporter-output>
          </reporter-output>
        </test-method> <!-- Verify_HourlyDetails_AdCall -->
        <test-method status="PASS" signature="Verify_TrendingPage_AdCall()[pri:104, instance:com.twc.ios.app.testcases.AndroidSmokeTest@7ae9a33a]" name="Verify_TrendingPage_AdCall" duration-ms="12" started-at="2022-11-23T14:49:47Z" finished-at="2022-11-23T14:49:47Z">
          <reporter-output>
          </reporter-output>
        </test-method> <!-- Verify_TrendingPage_AdCall -->
        <test-method status="FAIL" signature="Verify_Air_Quality_Details_AdCall()[pri:105, instance:com.twc.ios.app.testcases.AndroidSmokeTest@7ae9a33a]" name="Verify_Air_Quality_Details_AdCall" duration-ms="14" started-at="2022-11-23T14:49:47Z" finished-at="2022-11-23T14:49:47Z">
          <exception class="java.lang.AssertionError">
            <message>
              <![CDATA[iu=%2F7646%2Fapp_android_us%2Fdb_display%2Fcontent%2Faq ad call is not present]]>
            </message>
            <full-stacktrace>
              <![CDATA[java.lang.AssertionError: iu=%2F7646%2Fapp_android_us%2Fdb_display%2Fcontent%2Faq ad call is not present
	at org.testng.Assert.fail(Assert.java:94)
	at com.twc.ios.app.general.Utils.verifyPubadCal(Utils.java:642)
	at com.twc.ios.app.testcases.AndroidSmokeTest.Verify_Air_Quality_Details_AdCall(AndroidSmokeTest.java:318)
	at sun.reflect.NativeMethodAccessorImpl.invoke0(Native Method)
	at sun.reflect.NativeMethodAccessorImpl.invoke(NativeMethodAccessorImpl.java:62)
	at sun.reflect.DelegatingMethodAccessorImpl.invoke(DelegatingMethodAccessorImpl.java:43)
	at java.lang.reflect.Method.invoke(Method.java:498)
	at org.testng.internal.MethodInvocationHelper.invokeMethod(MethodInvocationHelper.java:86)
	at org.testng.internal.Invoker.invokeMethod(Invoker.java:643)
	at org.testng.internal.Invoker.invokeTestMethod(Invoker.java:820)
	at org.testng.internal.Invoker.invokeTestMethods(Invoker.java:1128)
	at org.testng.internal.TestMethodWorker.invokeTestMethods(TestMethodWorker.java:129)
	at org.testng.internal.TestMethodWorker.run(TestMethodWorker.java:112)
	at org.testng.TestRunner.privateRun(TestRunner.java:782)
	at org.testng.TestRunner.run(TestRunner.java:632)
	at org.testng.SuiteRunner.runTest(SuiteRunner.java:366)
	at org.testng.SuiteRunner.runSequentially(SuiteRunner.java:361)
	at org.testng.SuiteRunner.privateRun(SuiteRunner.java:319)
	at org.testng.SuiteRunner.run(SuiteRunner.java:268)
	at org.testng.SuiteRunnerWorker.runSuite(SuiteRunnerWorker.java:52)
	at org.testng.SuiteRunnerWorker.run(SuiteRunnerWorker.java:86)
	at org.testng.TestNG.runSuitesSequentially(TestNG.java:1244)
	at org.testng.TestNG.runSuitesLocally(TestNG.java:1169)
	at org.testng.TestNG.run(TestNG.java:1064)
	at org.testng.remote.AbstractRemoteTestNG.run(AbstractRemoteTestNG.java:115)
	at org.testng.remote.RemoteTestNG.initAndRun(RemoteTestNG.java:251)
	at org.testng.remote.RemoteTestNG.main(RemoteTestNG.java:77)
]]>
            </full-stacktrace>
          </exception> <!-- java.lang.AssertionError -->
          <reporter-output>
          </reporter-output>
        </test-method> <!-- Verify_Air_Quality_Details_AdCall -->
        <test-method status="FAIL" signature="Verify_MapsDetails_AdCall()[pri:106, instance:com.twc.ios.app.testcases.AndroidSmokeTest@7ae9a33a]" name="Verify_MapsDetails_AdCall" duration-ms="16" started-at="2022-11-23T14:49:47Z" finished-at="2022-11-23T14:49:47Z">
          <exception class="java.lang.AssertionError">
            <message>
              <![CDATA[iu=%2F7646%2Fapp_android_us%2Fdb_display%2Fdetails%2Fmaps ad call is not present]]>
            </message>
            <full-stacktrace>
              <![CDATA[java.lang.AssertionError: iu=%2F7646%2Fapp_android_us%2Fdb_display%2Fdetails%2Fmaps ad call is not present
	at org.testng.Assert.fail(Assert.java:94)
	at com.twc.ios.app.general.Utils.verifyPubadCal(Utils.java:642)
	at com.twc.ios.app.testcases.AndroidSmokeTest.Verify_MapsDetails_AdCall(AndroidSmokeTest.java:329)
	at sun.reflect.NativeMethodAccessorImpl.invoke0(Native Method)
	at sun.reflect.NativeMethodAccessorImpl.invoke(NativeMethodAccessorImpl.java:62)
	at sun.reflect.DelegatingMethodAccessorImpl.invoke(DelegatingMethodAccessorImpl.java:43)
	at java.lang.reflect.Method.invoke(Method.java:498)
	at org.testng.internal.MethodInvocationHelper.invokeMethod(MethodInvocationHelper.java:86)
	at org.testng.internal.Invoker.invokeMethod(Invoker.java:643)
	at org.testng.internal.Invoker.invokeTestMethod(Invoker.java:820)
	at org.testng.internal.Invoker.invokeTestMethods(Invoker.java:1128)
	at org.testng.internal.TestMethodWorker.invokeTestMethods(TestMethodWorker.java:129)
	at org.testng.internal.TestMethodWorker.run(TestMethodWorker.java:112)
	at org.testng.TestRunner.privateRun(TestRunner.java:782)
	at org.testng.TestRunner.run(TestRunner.java:632)
	at org.testng.SuiteRunner.runTest(SuiteRunner.java:366)
	at org.testng.SuiteRunner.runSequentially(SuiteRunner.java:361)
	at org.testng.SuiteRunner.privateRun(SuiteRunner.java:319)
	at org.testng.SuiteRunner.run(SuiteRunner.java:268)
	at org.testng.SuiteRunnerWorker.runSuite(SuiteRunnerWorker.java:52)
	at org.testng.SuiteRunnerWorker.run(SuiteRunnerWorker.java:86)
	at org.testng.TestNG.runSuitesSequentially(TestNG.java:1244)
	at org.testng.TestNG.runSuitesLocally(TestNG.java:1169)
	at org.testng.TestNG.run(TestNG.java:1064)
	at org.testng.remote.AbstractRemoteTestNG.run(AbstractRemoteTestNG.java:115)
	at org.testng.remote.RemoteTestNG.initAndRun(RemoteTestNG.java:251)
	at org.testng.remote.RemoteTestNG.main(RemoteTestNG.java:77)
]]>
            </full-stacktrace>
          </exception> <!-- java.lang.AssertionError -->
          <reporter-output>
          </reporter-output>
        </test-method> <!-- Verify_MapsDetails_AdCall -->
        <test-method status="FAIL" signature="Verify_Health_Flu_ContentPage_AdCall()[pri:107, instance:com.twc.ios.app.testcases.AndroidSmokeTest@7ae9a33a]" name="Verify_Health_Flu_ContentPage_AdCall" duration-ms="14" started-at="2022-11-23T14:49:47Z" finished-at="2022-11-23T14:49:47Z">
          <exception class="java.lang.AssertionError">
            <message>
              <![CDATA[iu=%2F7646%2Fapp_android_us%2Fdb_display%2Fcontent%2Fflu ad call is not present]]>
            </message>
            <full-stacktrace>
              <![CDATA[java.lang.AssertionError: iu=%2F7646%2Fapp_android_us%2Fdb_display%2Fcontent%2Fflu ad call is not present
	at org.testng.Assert.fail(Assert.java:94)
	at com.twc.ios.app.general.Utils.verifyPubadCal(Utils.java:642)
	at com.twc.ios.app.testcases.AndroidSmokeTest.Verify_Health_Flu_ContentPage_AdCall(AndroidSmokeTest.java:342)
	at sun.reflect.NativeMethodAccessorImpl.invoke0(Native Method)
	at sun.reflect.NativeMethodAccessorImpl.invoke(NativeMethodAccessorImpl.java:62)
	at sun.reflect.DelegatingMethodAccessorImpl.invoke(DelegatingMethodAccessorImpl.java:43)
	at java.lang.reflect.Method.invoke(Method.java:498)
	at org.testng.internal.MethodInvocationHelper.invokeMethod(MethodInvocationHelper.java:86)
	at org.testng.internal.Invoker.invokeMethod(Invoker.java:643)
	at org.testng.internal.Invoker.invokeTestMethod(Invoker.java:820)
	at org.testng.internal.Invoker.invokeTestMethods(Invoker.java:1128)
	at org.testng.internal.TestMethodWorker.invokeTestMethods(TestMethodWorker.java:129)
	at org.testng.internal.TestMethodWorker.run(TestMethodWorker.java:112)
	at org.testng.TestRunner.privateRun(TestRunner.java:782)
	at org.testng.TestRunner.run(TestRunner.java:632)
	at org.testng.SuiteRunner.runTest(SuiteRunner.java:366)
	at org.testng.SuiteRunner.runSequentially(SuiteRunner.java:361)
	at org.testng.SuiteRunner.privateRun(SuiteRunner.java:319)
	at org.testng.SuiteRunner.run(SuiteRunner.java:268)
	at org.testng.SuiteRunnerWorker.runSuite(SuiteRunnerWorker.java:52)
	at org.testng.SuiteRunnerWorker.run(SuiteRunnerWorker.java:86)
	at org.testng.TestNG.runSuitesSequentially(TestNG.java:1244)
	at org.testng.TestNG.runSuitesLocally(TestNG.java:1169)
	at org.testng.TestNG.run(TestNG.java:1064)
	at org.testng.remote.AbstractRemoteTestNG.run(AbstractRemoteTestNG.java:115)
	at org.testng.remote.RemoteTestNG.initAndRun(RemoteTestNG.java:251)
	at org.testng.remote.RemoteTestNG.main(RemoteTestNG.java:77)
]]>
            </full-stacktrace>
          </exception> <!-- java.lang.AssertionError -->
          <reporter-output>
          </reporter-output>
        </test-method> <!-- Verify_Health_Flu_ContentPage_AdCall -->
        <test-method status="FAIL" signature="Verify_Health_Allergy_ContentPage_AdCall()[pri:108, instance:com.twc.ios.app.testcases.AndroidSmokeTest@7ae9a33a]" name="Verify_Health_Allergy_ContentPage_AdCall" duration-ms="16" started-at="2022-11-23T14:49:47Z" finished-at="2022-11-23T14:49:47Z">
          <exception class="java.lang.AssertionError">
            <message>
              <![CDATA[iu=%2F7646%2Fapp_android_us%2Fdb_display%2Fcontent%2Fallergy ad call is not present]]>
            </message>
            <full-stacktrace>
              <![CDATA[java.lang.AssertionError: iu=%2F7646%2Fapp_android_us%2Fdb_display%2Fcontent%2Fallergy ad call is not present
	at org.testng.Assert.fail(Assert.java:94)
	at com.twc.ios.app.general.Utils.verifyPubadCal(Utils.java:642)
	at com.twc.ios.app.testcases.AndroidSmokeTest.Verify_Health_Allergy_ContentPage_AdCall(AndroidSmokeTest.java:355)
	at sun.reflect.NativeMethodAccessorImpl.invoke0(Native Method)
	at sun.reflect.NativeMethodAccessorImpl.invoke(NativeMethodAccessorImpl.java:62)
	at sun.reflect.DelegatingMethodAccessorImpl.invoke(DelegatingMethodAccessorImpl.java:43)
	at java.lang.reflect.Method.invoke(Method.java:498)
	at org.testng.internal.MethodInvocationHelper.invokeMethod(MethodInvocationHelper.java:86)
	at org.testng.internal.Invoker.invokeMethod(Invoker.java:643)
	at org.testng.internal.Invoker.invokeTestMethod(Invoker.java:820)
	at org.testng.internal.Invoker.invokeTestMethods(Invoker.java:1128)
	at org.testng.internal.TestMethodWorker.invokeTestMethods(TestMethodWorker.java:129)
	at org.testng.internal.TestMethodWorker.run(TestMethodWorker.java:112)
	at org.testng.TestRunner.privateRun(TestRunner.java:782)
	at org.testng.TestRunner.run(TestRunner.java:632)
	at org.testng.SuiteRunner.runTest(SuiteRunner.java:366)
	at org.testng.SuiteRunner.runSequentially(SuiteRunner.java:361)
	at org.testng.SuiteRunner.privateRun(SuiteRunner.java:319)
	at org.testng.SuiteRunner.run(SuiteRunner.java:268)
	at org.testng.SuiteRunnerWorker.runSuite(SuiteRunnerWorker.java:52)
	at org.testng.SuiteRunnerWorker.run(SuiteRunnerWorker.java:86)
	at org.testng.TestNG.runSuitesSequentially(TestNG.java:1244)
	at org.testng.TestNG.runSuitesLocally(TestNG.java:1169)
	at org.testng.TestNG.run(TestNG.java:1064)
	at org.testng.remote.AbstractRemoteTestNG.run(AbstractRemoteTestNG.java:115)
	at org.testng.remote.RemoteTestNG.initAndRun(RemoteTestNG.java:251)
	at org.testng.remote.RemoteTestNG.main(RemoteTestNG.java:77)
]]>
            </full-stacktrace>
          </exception> <!-- java.lang.AssertionError -->
          <reporter-output>
          </reporter-output>
        </test-method> <!-- Verify_Health_Allergy_ContentPage_AdCall -->
        <test-method status="PASS" signature="Verify_Health_Running_ContentPage_AdCall()[pri:109, instance:com.twc.ios.app.testcases.AndroidSmokeTest@7ae9a33a]" name="Verify_Health_Running_ContentPage_AdCall" duration-ms="15" started-at="2022-11-23T14:49:47Z" finished-at="2022-11-23T14:49:47Z">
          <reporter-output>
          </reporter-output>
        </test-method> <!-- Verify_Health_Running_ContentPage_AdCall -->
        <test-method status="PASS" signature="Verify_Health_BoatAndBeach_ContentPage_AdCall()[pri:110, instance:com.twc.ios.app.testcases.AndroidSmokeTest@7ae9a33a]" name="Verify_Health_BoatAndBeach_ContentPage_AdCall" duration-ms="17" started-at="2022-11-23T14:49:47Z" finished-at="2022-11-23T14:49:47Z">
          <reporter-output>
          </reporter-output>
        </test-method> <!-- Verify_Health_BoatAndBeach_ContentPage_AdCall -->
        <test-method status="FAIL" signature="Verify_AlertCenterAd()[pri:111, instance:com.twc.ios.app.testcases.AndroidSmokeTest@7ae9a33a]" name="Verify_AlertCenterAd" duration-ms="26" started-at="2022-11-23T14:49:47Z" finished-at="2022-11-23T14:49:47Z">
          <exception class="java.lang.AssertionError">
            <message>
              <![CDATA[iu=%2F7646%2Fapp_android_us%2Fdb_display%2Fdetails%2Falerts%2Fcenter ad call is not present]]>
            </message>
            <full-stacktrace>
              <![CDATA[java.lang.AssertionError: iu=%2F7646%2Fapp_android_us%2Fdb_display%2Fdetails%2Falerts%2Fcenter ad call is not present
	at org.testng.Assert.fail(Assert.java:94)
	at com.twc.ios.app.general.Utils.verifyPubadCal(Utils.java:642)
	at com.twc.ios.app.testcases.AndroidSmokeTest.Verify_AlertCenterAd(AndroidSmokeTest.java:393)
	at sun.reflect.NativeMethodAccessorImpl.invoke0(Native Method)
	at sun.reflect.NativeMethodAccessorImpl.invoke(NativeMethodAccessorImpl.java:62)
	at sun.reflect.DelegatingMethodAccessorImpl.invoke(DelegatingMethodAccessorImpl.java:43)
	at java.lang.reflect.Method.invoke(Method.java:498)
	at org.testng.internal.MethodInvocationHelper.invokeMethod(MethodInvocationHelper.java:86)
	at org.testng.internal.Invoker.invokeMethod(Invoker.java:643)
	at org.testng.internal.Invoker.invokeTestMethod(Invoker.java:820)
	at org.testng.internal.Invoker.invokeTestMethods(Invoker.java:1128)
	at org.testng.internal.TestMethodWorker.invokeTestMethods(TestMethodWorker.java:129)
	at org.testng.internal.TestMethodWorker.run(TestMethodWorker.java:112)
	at org.testng.TestRunner.privateRun(TestRunner.java:782)
	at org.testng.TestRunner.run(TestRunner.java:632)
	at org.testng.SuiteRunner.runTest(SuiteRunner.java:366)
	at org.testng.SuiteRunner.runSequentially(SuiteRunner.java:361)
	at org.testng.SuiteRunner.privateRun(SuiteRunner.java:319)
	at org.testng.SuiteRunner.run(SuiteRunner.java:268)
	at org.testng.SuiteRunnerWorker.runSuite(SuiteRunnerWorker.java:52)
	at org.testng.SuiteRunnerWorker.run(SuiteRunnerWorker.java:86)
	at org.testng.TestNG.runSuitesSequentially(TestNG.java:1244)
	at org.testng.TestNG.runSuitesLocally(TestNG.java:1169)
	at org.testng.TestNG.run(TestNG.java:1064)
	at org.testng.remote.AbstractRemoteTestNG.run(AbstractRemoteTestNG.java:115)
	at org.testng.remote.RemoteTestNG.initAndRun(RemoteTestNG.java:251)
	at org.testng.remote.RemoteTestNG.main(RemoteTestNG.java:77)
]]>
            </full-stacktrace>
          </exception> <!-- java.lang.AssertionError -->
          <reporter-output>
          </reporter-output>
        </test-method> <!-- Verify_AlertCenterAd -->
        <test-method status="FAIL" signature="Verify_SafetyAndPreparednessCard_AdCall()[pri:115, instance:com.twc.ios.app.testcases.AndroidSmokeTest@7ae9a33a]" name="Verify_SafetyAndPreparednessCard_AdCall" duration-ms="22" started-at="2022-11-23T14:49:47Z" finished-at="2022-11-23T14:49:47Z">
          <exception class="java.lang.AssertionError">
            <message>
              <![CDATA[iu=%2F7646%2Fapp_android_us%2Fdb_display%2Fcard%2Fsp ad call is not present]]>
            </message>
            <full-stacktrace>
              <![CDATA[java.lang.AssertionError: iu=%2F7646%2Fapp_android_us%2Fdb_display%2Fcard%2Fsp ad call is not present
	at org.testng.Assert.fail(Assert.java:94)
	at com.twc.ios.app.general.Utils.verifyPubadCal(Utils.java:642)
	at com.twc.ios.app.testcases.AndroidSmokeTest.Verify_SafetyAndPreparednessCard_AdCall(AndroidSmokeTest.java:404)
	at sun.reflect.NativeMethodAccessorImpl.invoke0(Native Method)
	at sun.reflect.NativeMethodAccessorImpl.invoke(NativeMethodAccessorImpl.java:62)
	at sun.reflect.DelegatingMethodAccessorImpl.invoke(DelegatingMethodAccessorImpl.java:43)
	at java.lang.reflect.Method.invoke(Method.java:498)
	at org.testng.internal.MethodInvocationHelper.invokeMethod(MethodInvocationHelper.java:86)
	at org.testng.internal.Invoker.invokeMethod(Invoker.java:643)
	at org.testng.internal.Invoker.invokeTestMethod(Invoker.java:820)
	at org.testng.internal.Invoker.invokeTestMethods(Invoker.java:1128)
	at org.testng.internal.TestMethodWorker.invokeTestMethods(TestMethodWorker.java:129)
	at org.testng.internal.TestMethodWorker.run(TestMethodWorker.java:112)
	at org.testng.TestRunner.privateRun(TestRunner.java:782)
	at org.testng.TestRunner.run(TestRunner.java:632)
	at org.testng.SuiteRunner.runTest(SuiteRunner.java:366)
	at org.testng.SuiteRunner.runSequentially(SuiteRunner.java:361)
	at org.testng.SuiteRunner.privateRun(SuiteRunner.java:319)
	at org.testng.SuiteRunner.run(SuiteRunner.java:268)
	at org.testng.SuiteRunnerWorker.runSuite(SuiteRunnerWorker.java:52)
	at org.testng.SuiteRunnerWorker.run(SuiteRunnerWorker.java:86)
	at org.testng.TestNG.runSuitesSequentially(TestNG.java:1244)
	at org.testng.TestNG.runSuitesLocally(TestNG.java:1169)
	at org.testng.TestNG.run(TestNG.java:1064)
	at org.testng.remote.AbstractRemoteTestNG.run(AbstractRemoteTestNG.java:115)
	at org.testng.remote.RemoteTestNG.initAndRun(RemoteTestNG.java:251)
	at org.testng.remote.RemoteTestNG.main(RemoteTestNG.java:77)
]]>
            </full-stacktrace>
          </exception> <!-- java.lang.AssertionError -->
          <reporter-output>
          </reporter-output>
        </test-method> <!-- Verify_SafetyAndPreparednessCard_AdCall -->
        <test-method status="PASS" signature="Verify_Seasonal_Hub_Details_AdCall()[pri:117, instance:com.twc.ios.app.testcases.AndroidSmokeTest@7ae9a33a]" name="Verify_Seasonal_Hub_Details_AdCall" duration-ms="15" started-at="2022-11-23T14:49:47Z" finished-at="2022-11-23T14:49:47Z">
          <reporter-output>
          </reporter-output>
        </test-method> <!-- Verify_Seasonal_Hub_Details_AdCall -->
        <test-method status="FAIL" signature="validate_Marquee_sod_Custom_param()[pri:201, instance:com.twc.ios.app.testcases.AndroidSmokeTest@7ae9a33a]" name="validate_Marquee_sod_Custom_param" duration-ms="25" started-at="2022-11-23T14:49:47Z" finished-at="2022-11-23T14:49:47Z">
          <exception class="java.lang.AssertionError">
            <message>
              <![CDATA[Ad Call :iu=%2F7646%2Fapp_android_us%2Fdb_display%2Fhome_screen%2Fmarquee not found in charles session, hence Custom Parameter: sod validation skipped]]>
            </message>
            <full-stacktrace>
              <![CDATA[java.lang.AssertionError: Ad Call :iu=%2F7646%2Fapp_android_us%2Fdb_display%2Fhome_screen%2Fmarquee not found in charles session, hence Custom Parameter: sod validation skipped
	at org.testng.Assert.fail(Assert.java:94)
	at com.twc.ios.app.general.Utils.validate_custom_param_val_of_gampad(Utils.java:9230)
	at com.twc.ios.app.testcases.AndroidSmokeTest.validate_Marquee_sod_Custom_param(AndroidSmokeTest.java:438)
	at sun.reflect.NativeMethodAccessorImpl.invoke0(Native Method)
	at sun.reflect.NativeMethodAccessorImpl.invoke(NativeMethodAccessorImpl.java:62)
	at sun.reflect.DelegatingMethodAccessorImpl.invoke(DelegatingMethodAccessorImpl.java:43)
	at java.lang.reflect.Method.invoke(Method.java:498)
	at org.testng.internal.MethodInvocationHelper.invokeMethod(MethodInvocationHelper.java:86)
	at org.testng.internal.Invoker.invokeMethod(Invoker.java:643)
	at org.testng.internal.Invoker.invokeTestMethod(Invoker.java:820)
	at org.testng.internal.Invoker.invokeTestMethods(Invoker.java:1128)
	at org.testng.internal.TestMethodWorker.invokeTestMethods(TestMethodWorker.java:129)
	at org.testng.internal.TestMethodWorker.run(TestMethodWorker.java:112)
	at org.testng.TestRunner.privateRun(TestRunner.java:782)
	at org.testng.TestRunner.run(TestRunner.java:632)
	at org.testng.SuiteRunner.runTest(SuiteRunner.java:366)
	at org.testng.SuiteRunner.runSequentially(SuiteRunner.java:361)
	at org.testng.SuiteRunner.privateRun(SuiteRunner.java:319)
	at org.testng.SuiteRunner.run(SuiteRunner.java:268)
	at org.testng.SuiteRunnerWorker.runSuite(SuiteRunnerWorker.java:52)
	at org.testng.SuiteRunnerWorker.run(SuiteRunnerWorker.java:86)
	at org.testng.TestNG.runSuitesSequentially(TestNG.java:1244)
	at org.testng.TestNG.runSuitesLocally(TestNG.java:1169)
	at org.testng.TestNG.run(TestNG.java:1064)
	at org.testng.remote.AbstractRemoteTestNG.run(AbstractRemoteTestNG.java:115)
	at org.testng.remote.RemoteTestNG.initAndRun(RemoteTestNG.java:251)
	at org.testng.remote.RemoteTestNG.main(RemoteTestNG.java:77)
]]>
            </full-stacktrace>
          </exception> <!-- java.lang.AssertionError -->
          <reporter-output>
          </reporter-output>
        </test-method> <!-- validate_Marquee_sod_Custom_param -->
        <test-method status="FAIL" signature="Validate_Feed1_sod_Custom_param()[pri:202, instance:com.twc.ios.app.testcases.AndroidSmokeTest@7ae9a33a]" name="Validate_Feed1_sod_Custom_param" duration-ms="17" started-at="2022-11-23T14:49:47Z" finished-at="2022-11-23T14:49:47Z">
          <exception class="java.lang.AssertionError">
            <message>
              <![CDATA[Ad Call :iu=%2F7646%2Fapp_android_us%2Fdb_display%2Ffeed%2Ffeed_1 not found in charles session, hence Custom Parameter: sod validation skipped]]>
            </message>
            <full-stacktrace>
              <![CDATA[java.lang.AssertionError: Ad Call :iu=%2F7646%2Fapp_android_us%2Fdb_display%2Ffeed%2Ffeed_1 not found in charles session, hence Custom Parameter: sod validation skipped
	at org.testng.Assert.fail(Assert.java:94)
	at com.twc.ios.app.general.Utils.validate_custom_param_val_of_gampad(Utils.java:9230)
	at com.twc.ios.app.testcases.AndroidSmokeTest.Validate_Feed1_sod_Custom_param(AndroidSmokeTest.java:451)
	at sun.reflect.NativeMethodAccessorImpl.invoke0(Native Method)
	at sun.reflect.NativeMethodAccessorImpl.invoke(NativeMethodAccessorImpl.java:62)
	at sun.reflect.DelegatingMethodAccessorImpl.invoke(DelegatingMethodAccessorImpl.java:43)
	at java.lang.reflect.Method.invoke(Method.java:498)
	at org.testng.internal.MethodInvocationHelper.invokeMethod(MethodInvocationHelper.java:86)
	at org.testng.internal.Invoker.invokeMethod(Invoker.java:643)
	at org.testng.internal.Invoker.invokeTestMethod(Invoker.java:820)
	at org.testng.internal.Invoker.invokeTestMethods(Invoker.java:1128)
	at org.testng.internal.TestMethodWorker.invokeTestMethods(TestMethodWorker.java:129)
	at org.testng.internal.TestMethodWorker.run(TestMethodWorker.java:112)
	at org.testng.TestRunner.privateRun(TestRunner.java:782)
	at org.testng.TestRunner.run(TestRunner.java:632)
	at org.testng.SuiteRunner.runTest(SuiteRunner.java:366)
	at org.testng.SuiteRunner.runSequentially(SuiteRunner.java:361)
	at org.testng.SuiteRunner.privateRun(SuiteRunner.java:319)
	at org.testng.SuiteRunner.run(SuiteRunner.java:268)
	at org.testng.SuiteRunnerWorker.runSuite(SuiteRunnerWorker.java:52)
	at org.testng.SuiteRunnerWorker.run(SuiteRunnerWorker.java:86)
	at org.testng.TestNG.runSuitesSequentially(TestNG.java:1244)
	at org.testng.TestNG.runSuitesLocally(TestNG.java:1169)
	at org.testng.TestNG.run(TestNG.java:1064)
	at org.testng.remote.AbstractRemoteTestNG.run(AbstractRemoteTestNG.java:115)
	at org.testng.remote.RemoteTestNG.initAndRun(RemoteTestNG.java:251)
	at org.testng.remote.RemoteTestNG.main(RemoteTestNG.java:77)
]]>
            </full-stacktrace>
          </exception> <!-- java.lang.AssertionError -->
          <reporter-output>
          </reporter-output>
        </test-method> <!-- Validate_Feed1_sod_Custom_param -->
        <test-method status="FAIL" signature="Validate_Marquee_zip_Custom_param()[pri:205, instance:com.twc.ios.app.testcases.AndroidSmokeTest@7ae9a33a]" name="Validate_Marquee_zip_Custom_param" duration-ms="29" started-at="2022-11-23T14:49:47Z" finished-at="2022-11-23T14:49:47Z">
          <exception class="java.lang.AssertionError">
            <message>
              <![CDATA[Either Parameter value is empty or API Call is not generated, hence Custom Parameter validation skipped]]>
            </message>
            <full-stacktrace>
              <![CDATA[java.lang.AssertionError: Either Parameter value is empty or API Call is not generated, hence Custom Parameter validation skipped
	at org.testng.Assert.fail(Assert.java:94)
	at com.twc.ios.app.general.Utils.validate_custom_param_val_of_gampad(Utils.java:9081)
	at com.twc.ios.app.testcases.AndroidSmokeTest.Validate_Marquee_zip_Custom_param(AndroidSmokeTest.java:495)
	at sun.reflect.NativeMethodAccessorImpl.invoke0(Native Method)
	at sun.reflect.NativeMethodAccessorImpl.invoke(NativeMethodAccessorImpl.java:62)
	at sun.reflect.DelegatingMethodAccessorImpl.invoke(DelegatingMethodAccessorImpl.java:43)
	at java.lang.reflect.Method.invoke(Method.java:498)
	at org.testng.internal.MethodInvocationHelper.invokeMethod(MethodInvocationHelper.java:86)
	at org.testng.internal.Invoker.invokeMethod(Invoker.java:643)
	at org.testng.internal.Invoker.invokeTestMethod(Invoker.java:820)
	at org.testng.internal.Invoker.invokeTestMethods(Invoker.java:1128)
	at org.testng.internal.TestMethodWorker.invokeTestMethods(TestMethodWorker.java:129)
	at org.testng.internal.TestMethodWorker.run(TestMethodWorker.java:112)
	at org.testng.TestRunner.privateRun(TestRunner.java:782)
	at org.testng.TestRunner.run(TestRunner.java:632)
	at org.testng.SuiteRunner.runTest(SuiteRunner.java:366)
	at org.testng.SuiteRunner.runSequentially(SuiteRunner.java:361)
	at org.testng.SuiteRunner.privateRun(SuiteRunner.java:319)
	at org.testng.SuiteRunner.run(SuiteRunner.java:268)
	at org.testng.SuiteRunnerWorker.runSuite(SuiteRunnerWorker.java:52)
	at org.testng.SuiteRunnerWorker.run(SuiteRunnerWorker.java:86)
	at org.testng.TestNG.runSuitesSequentially(TestNG.java:1244)
	at org.testng.TestNG.runSuitesLocally(TestNG.java:1169)
	at org.testng.TestNG.run(TestNG.java:1064)
	at org.testng.remote.AbstractRemoteTestNG.run(AbstractRemoteTestNG.java:115)
	at org.testng.remote.RemoteTestNG.initAndRun(RemoteTestNG.java:251)
	at org.testng.remote.RemoteTestNG.main(RemoteTestNG.java:77)
]]>
            </full-stacktrace>
          </exception> <!-- java.lang.AssertionError -->
          <reporter-output>
          </reporter-output>
        </test-method> <!-- Validate_Marquee_zip_Custom_param -->
        <test-method status="FAIL" signature="Validate_Feed1_zip_Custom_param()[pri:206, instance:com.twc.ios.app.testcases.AndroidSmokeTest@7ae9a33a]" name="Validate_Feed1_zip_Custom_param" duration-ms="33" started-at="2022-11-23T14:49:47Z" finished-at="2022-11-23T14:49:48Z">
          <exception class="java.lang.AssertionError">
            <message>
              <![CDATA[Either Parameter value is empty or API Call is not generated, hence Custom Parameter validation skipped]]>
            </message>
            <full-stacktrace>
              <![CDATA[java.lang.AssertionError: Either Parameter value is empty or API Call is not generated, hence Custom Parameter validation skipped
	at org.testng.Assert.fail(Assert.java:94)
	at com.twc.ios.app.general.Utils.validate_custom_param_val_of_gampad(Utils.java:9081)
	at com.twc.ios.app.testcases.AndroidSmokeTest.Validate_Feed1_zip_Custom_param(AndroidSmokeTest.java:508)
	at sun.reflect.NativeMethodAccessorImpl.invoke0(Native Method)
	at sun.reflect.NativeMethodAccessorImpl.invoke(NativeMethodAccessorImpl.java:62)
	at sun.reflect.DelegatingMethodAccessorImpl.invoke(DelegatingMethodAccessorImpl.java:43)
	at java.lang.reflect.Method.invoke(Method.java:498)
	at org.testng.internal.MethodInvocationHelper.invokeMethod(MethodInvocationHelper.java:86)
	at org.testng.internal.Invoker.invokeMethod(Invoker.java:643)
	at org.testng.internal.Invoker.invokeTestMethod(Invoker.java:820)
	at org.testng.internal.Invoker.invokeTestMethods(Invoker.java:1128)
	at org.testng.internal.TestMethodWorker.invokeTestMethods(TestMethodWorker.java:129)
	at org.testng.internal.TestMethodWorker.run(TestMethodWorker.java:112)
	at org.testng.TestRunner.privateRun(TestRunner.java:782)
	at org.testng.TestRunner.run(TestRunner.java:632)
	at org.testng.SuiteRunner.runTest(SuiteRunner.java:366)
	at org.testng.SuiteRunner.runSequentially(SuiteRunner.java:361)
	at org.testng.SuiteRunner.privateRun(SuiteRunner.java:319)
	at org.testng.SuiteRunner.run(SuiteRunner.java:268)
	at org.testng.SuiteRunnerWorker.runSuite(SuiteRunnerWorker.java:52)
	at org.testng.SuiteRunnerWorker.run(SuiteRunnerWorker.java:86)
	at org.testng.TestNG.runSuitesSequentially(TestNG.java:1244)
	at org.testng.TestNG.runSuitesLocally(TestNG.java:1169)
	at org.testng.TestNG.run(TestNG.java:1064)
	at org.testng.remote.AbstractRemoteTestNG.run(AbstractRemoteTestNG.java:115)
	at org.testng.remote.RemoteTestNG.initAndRun(RemoteTestNG.java:251)
	at org.testng.remote.RemoteTestNG.main(RemoteTestNG.java:77)
]]>
            </full-stacktrace>
          </exception> <!-- java.lang.AssertionError -->
          <reporter-output>
          </reporter-output>
        </test-method> <!-- Validate_Feed1_zip_Custom_param -->
        <test-method status="FAIL" signature="Validate_Marquee_plat_Custom_param()[pri:208, instance:com.twc.ios.app.testcases.AndroidSmokeTest@7ae9a33a]" name="Validate_Marquee_plat_Custom_param" duration-ms="22" started-at="2022-11-23T14:49:48Z" finished-at="2022-11-23T14:49:48Z">
          <exception class="java.lang.AssertionError">
            <message>
              <![CDATA[Ad Call :iu=%2F7646%2Fapp_android_us%2Fdb_display%2Fhome_screen%2Fmarquee not found in charles session, hence Custom Parameter: plat validation skipped]]>
            </message>
            <full-stacktrace>
              <![CDATA[java.lang.AssertionError: Ad Call :iu=%2F7646%2Fapp_android_us%2Fdb_display%2Fhome_screen%2Fmarquee not found in charles session, hence Custom Parameter: plat validation skipped
	at org.testng.Assert.fail(Assert.java:94)
	at com.twc.ios.app.general.Utils.validate_custom_param_val_of_gampad(Utils.java:9230)
	at com.twc.ios.app.testcases.AndroidSmokeTest.Validate_Marquee_plat_Custom_param(AndroidSmokeTest.java:534)
	at sun.reflect.NativeMethodAccessorImpl.invoke0(Native Method)
	at sun.reflect.NativeMethodAccessorImpl.invoke(NativeMethodAccessorImpl.java:62)
	at sun.reflect.DelegatingMethodAccessorImpl.invoke(DelegatingMethodAccessorImpl.java:43)
	at java.lang.reflect.Method.invoke(Method.java:498)
	at org.testng.internal.MethodInvocationHelper.invokeMethod(MethodInvocationHelper.java:86)
	at org.testng.internal.Invoker.invokeMethod(Invoker.java:643)
	at org.testng.internal.Invoker.invokeTestMethod(Invoker.java:820)
	at org.testng.internal.Invoker.invokeTestMethods(Invoker.java:1128)
	at org.testng.internal.TestMethodWorker.invokeTestMethods(TestMethodWorker.java:129)
	at org.testng.internal.TestMethodWorker.run(TestMethodWorker.java:112)
	at org.testng.TestRunner.privateRun(TestRunner.java:782)
	at org.testng.TestRunner.run(TestRunner.java:632)
	at org.testng.SuiteRunner.runTest(SuiteRunner.java:366)
	at org.testng.SuiteRunner.runSequentially(SuiteRunner.java:361)
	at org.testng.SuiteRunner.privateRun(SuiteRunner.java:319)
	at org.testng.SuiteRunner.run(SuiteRunner.java:268)
	at org.testng.SuiteRunnerWorker.runSuite(SuiteRunnerWorker.java:52)
	at org.testng.SuiteRunnerWorker.run(SuiteRunnerWorker.java:86)
	at org.testng.TestNG.runSuitesSequentially(TestNG.java:1244)
	at org.testng.TestNG.runSuitesLocally(TestNG.java:1169)
	at org.testng.TestNG.run(TestNG.java:1064)
	at org.testng.remote.AbstractRemoteTestNG.run(AbstractRemoteTestNG.java:115)
	at org.testng.remote.RemoteTestNG.initAndRun(RemoteTestNG.java:251)
	at org.testng.remote.RemoteTestNG.main(RemoteTestNG.java:77)
]]>
            </full-stacktrace>
          </exception> <!-- java.lang.AssertionError -->
          <reporter-output>
          </reporter-output>
        </test-method> <!-- Validate_Marquee_plat_Custom_param -->
        <test-method status="FAIL" signature="Validate_Feed1_plat_Custom_param()[pri:209, instance:com.twc.ios.app.testcases.AndroidSmokeTest@7ae9a33a]" name="Validate_Feed1_plat_Custom_param" duration-ms="17" started-at="2022-11-23T14:49:48Z" finished-at="2022-11-23T14:49:48Z">
          <exception class="java.lang.AssertionError">
            <message>
              <![CDATA[Ad Call :iu=%2F7646%2Fapp_android_us%2Fdb_display%2Ffeed%2Ffeed_1 not found in charles session, hence Custom Parameter: plat validation skipped]]>
            </message>
            <full-stacktrace>
              <![CDATA[java.lang.AssertionError: Ad Call :iu=%2F7646%2Fapp_android_us%2Fdb_display%2Ffeed%2Ffeed_1 not found in charles session, hence Custom Parameter: plat validation skipped
	at org.testng.Assert.fail(Assert.java:94)
	at com.twc.ios.app.general.Utils.validate_custom_param_val_of_gampad(Utils.java:9230)
	at com.twc.ios.app.testcases.AndroidSmokeTest.Validate_Feed1_plat_Custom_param(AndroidSmokeTest.java:547)
	at sun.reflect.NativeMethodAccessorImpl.invoke0(Native Method)
	at sun.reflect.NativeMethodAccessorImpl.invoke(NativeMethodAccessorImpl.java:62)
	at sun.reflect.DelegatingMethodAccessorImpl.invoke(DelegatingMethodAccessorImpl.java:43)
	at java.lang.reflect.Method.invoke(Method.java:498)
	at org.testng.internal.MethodInvocationHelper.invokeMethod(MethodInvocationHelper.java:86)
	at org.testng.internal.Invoker.invokeMethod(Invoker.java:643)
	at org.testng.internal.Invoker.invokeTestMethod(Invoker.java:820)
	at org.testng.internal.Invoker.invokeTestMethods(Invoker.java:1128)
	at org.testng.internal.TestMethodWorker.invokeTestMethods(TestMethodWorker.java:129)
	at org.testng.internal.TestMethodWorker.run(TestMethodWorker.java:112)
	at org.testng.TestRunner.privateRun(TestRunner.java:782)
	at org.testng.TestRunner.run(TestRunner.java:632)
	at org.testng.SuiteRunner.runTest(SuiteRunner.java:366)
	at org.testng.SuiteRunner.runSequentially(SuiteRunner.java:361)
	at org.testng.SuiteRunner.privateRun(SuiteRunner.java:319)
	at org.testng.SuiteRunner.run(SuiteRunner.java:268)
	at org.testng.SuiteRunnerWorker.runSuite(SuiteRunnerWorker.java:52)
	at org.testng.SuiteRunnerWorker.run(SuiteRunnerWorker.java:86)
	at org.testng.TestNG.runSuitesSequentially(TestNG.java:1244)
	at org.testng.TestNG.runSuitesLocally(TestNG.java:1169)
	at org.testng.TestNG.run(TestNG.java:1064)
	at org.testng.remote.AbstractRemoteTestNG.run(AbstractRemoteTestNG.java:115)
	at org.testng.remote.RemoteTestNG.initAndRun(RemoteTestNG.java:251)
	at org.testng.remote.RemoteTestNG.main(RemoteTestNG.java:77)
]]>
            </full-stacktrace>
          </exception> <!-- java.lang.AssertionError -->
          <reporter-output>
          </reporter-output>
        </test-method> <!-- Validate_Feed1_plat_Custom_param -->
        <test-method status="FAIL" signature="Validate_Marquee_adid_Custom_param()[pri:211, instance:com.twc.ios.app.testcases.AndroidSmokeTest@7ae9a33a]" name="Validate_Marquee_adid_Custom_param" duration-ms="18" started-at="2022-11-23T14:49:48Z" finished-at="2022-11-23T14:49:48Z">
          <exception class="java.lang.AssertionError">
            <message>
              <![CDATA[Ad Call :iu=%2F7646%2Fapp_android_us%2Fdb_display%2Fhome_screen%2Fmarquee not found in charles session, hence Custom Parameter: adid validation skipped]]>
            </message>
            <full-stacktrace>
              <![CDATA[java.lang.AssertionError: Ad Call :iu=%2F7646%2Fapp_android_us%2Fdb_display%2Fhome_screen%2Fmarquee not found in charles session, hence Custom Parameter: adid validation skipped
	at org.testng.Assert.fail(Assert.java:94)
	at com.twc.ios.app.general.Utils.validate_custom_param_val_of_gampad(Utils.java:9230)
	at com.twc.ios.app.testcases.AndroidSmokeTest.Validate_Marquee_adid_Custom_param(AndroidSmokeTest.java:573)
	at sun.reflect.NativeMethodAccessorImpl.invoke0(Native Method)
	at sun.reflect.NativeMethodAccessorImpl.invoke(NativeMethodAccessorImpl.java:62)
	at sun.reflect.DelegatingMethodAccessorImpl.invoke(DelegatingMethodAccessorImpl.java:43)
	at java.lang.reflect.Method.invoke(Method.java:498)
	at org.testng.internal.MethodInvocationHelper.invokeMethod(MethodInvocationHelper.java:86)
	at org.testng.internal.Invoker.invokeMethod(Invoker.java:643)
	at org.testng.internal.Invoker.invokeTestMethod(Invoker.java:820)
	at org.testng.internal.Invoker.invokeTestMethods(Invoker.java:1128)
	at org.testng.internal.TestMethodWorker.invokeTestMethods(TestMethodWorker.java:129)
	at org.testng.internal.TestMethodWorker.run(TestMethodWorker.java:112)
	at org.testng.TestRunner.privateRun(TestRunner.java:782)
	at org.testng.TestRunner.run(TestRunner.java:632)
	at org.testng.SuiteRunner.runTest(SuiteRunner.java:366)
	at org.testng.SuiteRunner.runSequentially(SuiteRunner.java:361)
	at org.testng.SuiteRunner.privateRun(SuiteRunner.java:319)
	at org.testng.SuiteRunner.run(SuiteRunner.java:268)
	at org.testng.SuiteRunnerWorker.runSuite(SuiteRunnerWorker.java:52)
	at org.testng.SuiteRunnerWorker.run(SuiteRunnerWorker.java:86)
	at org.testng.TestNG.runSuitesSequentially(TestNG.java:1244)
	at org.testng.TestNG.runSuitesLocally(TestNG.java:1169)
	at org.testng.TestNG.run(TestNG.java:1064)
	at org.testng.remote.AbstractRemoteTestNG.run(AbstractRemoteTestNG.java:115)
	at org.testng.remote.RemoteTestNG.initAndRun(RemoteTestNG.java:251)
	at org.testng.remote.RemoteTestNG.main(RemoteTestNG.java:77)
]]>
            </full-stacktrace>
          </exception> <!-- java.lang.AssertionError -->
          <reporter-output>
          </reporter-output>
        </test-method> <!-- Validate_Marquee_adid_Custom_param -->
        <test-method status="FAIL" signature="Validate_Feed1_adid_Custom_param()[pri:212, instance:com.twc.ios.app.testcases.AndroidSmokeTest@7ae9a33a]" name="Validate_Feed1_adid_Custom_param" duration-ms="18" started-at="2022-11-23T14:49:48Z" finished-at="2022-11-23T14:49:48Z">
          <exception class="java.lang.AssertionError">
            <message>
              <![CDATA[Ad Call :iu=%2F7646%2Fapp_android_us%2Fdb_display%2Ffeed%2Ffeed_1 not found in charles session, hence Custom Parameter: adid validation skipped]]>
            </message>
            <full-stacktrace>
              <![CDATA[java.lang.AssertionError: Ad Call :iu=%2F7646%2Fapp_android_us%2Fdb_display%2Ffeed%2Ffeed_1 not found in charles session, hence Custom Parameter: adid validation skipped
	at org.testng.Assert.fail(Assert.java:94)
	at com.twc.ios.app.general.Utils.validate_custom_param_val_of_gampad(Utils.java:9230)
	at com.twc.ios.app.testcases.AndroidSmokeTest.Validate_Feed1_adid_Custom_param(AndroidSmokeTest.java:586)
	at sun.reflect.NativeMethodAccessorImpl.invoke0(Native Method)
	at sun.reflect.NativeMethodAccessorImpl.invoke(NativeMethodAccessorImpl.java:62)
	at sun.reflect.DelegatingMethodAccessorImpl.invoke(DelegatingMethodAccessorImpl.java:43)
	at java.lang.reflect.Method.invoke(Method.java:498)
	at org.testng.internal.MethodInvocationHelper.invokeMethod(MethodInvocationHelper.java:86)
	at org.testng.internal.Invoker.invokeMethod(Invoker.java:643)
	at org.testng.internal.Invoker.invokeTestMethod(Invoker.java:820)
	at org.testng.internal.Invoker.invokeTestMethods(Invoker.java:1128)
	at org.testng.internal.TestMethodWorker.invokeTestMethods(TestMethodWorker.java:129)
	at org.testng.internal.TestMethodWorker.run(TestMethodWorker.java:112)
	at org.testng.TestRunner.privateRun(TestRunner.java:782)
	at org.testng.TestRunner.run(TestRunner.java:632)
	at org.testng.SuiteRunner.runTest(SuiteRunner.java:366)
	at org.testng.SuiteRunner.runSequentially(SuiteRunner.java:361)
	at org.testng.SuiteRunner.privateRun(SuiteRunner.java:319)
	at org.testng.SuiteRunner.run(SuiteRunner.java:268)
	at org.testng.SuiteRunnerWorker.runSuite(SuiteRunnerWorker.java:52)
	at org.testng.SuiteRunnerWorker.run(SuiteRunnerWorker.java:86)
	at org.testng.TestNG.runSuitesSequentially(TestNG.java:1244)
	at org.testng.TestNG.runSuitesLocally(TestNG.java:1169)
	at org.testng.TestNG.run(TestNG.java:1064)
	at org.testng.remote.AbstractRemoteTestNG.run(AbstractRemoteTestNG.java:115)
	at org.testng.remote.RemoteTestNG.initAndRun(RemoteTestNG.java:251)
	at org.testng.remote.RemoteTestNG.main(RemoteTestNG.java:77)
]]>
            </full-stacktrace>
          </exception> <!-- java.lang.AssertionError -->
          <reporter-output>
          </reporter-output>
        </test-method> <!-- Validate_Feed1_adid_Custom_param -->
        <test-method status="FAIL" signature="Validate_Marquee_cnd_Custom_param()[pri:214, instance:com.twc.ios.app.testcases.AndroidSmokeTest@7ae9a33a]" name="Validate_Marquee_cnd_Custom_param" duration-ms="25" started-at="2022-11-23T14:49:48Z" finished-at="2022-11-23T14:49:48Z">
          <exception class="java.lang.AssertionError">
            <message>
              <![CDATA[Either Parameter value is empty or API Call is not generated, hence Custom Parameter validation skipped]]>
            </message>
            <full-stacktrace>
              <![CDATA[java.lang.AssertionError: Either Parameter value is empty or API Call is not generated, hence Custom Parameter validation skipped
	at org.testng.Assert.fail(Assert.java:94)
	at com.twc.ios.app.general.Utils.validate_custom_param_val_of_gampad(Utils.java:9081)
	at com.twc.ios.app.testcases.AndroidSmokeTest.Validate_Marquee_cnd_Custom_param(AndroidSmokeTest.java:612)
	at sun.reflect.NativeMethodAccessorImpl.invoke0(Native Method)
	at sun.reflect.NativeMethodAccessorImpl.invoke(NativeMethodAccessorImpl.java:62)
	at sun.reflect.DelegatingMethodAccessorImpl.invoke(DelegatingMethodAccessorImpl.java:43)
	at java.lang.reflect.Method.invoke(Method.java:498)
	at org.testng.internal.MethodInvocationHelper.invokeMethod(MethodInvocationHelper.java:86)
	at org.testng.internal.Invoker.invokeMethod(Invoker.java:643)
	at org.testng.internal.Invoker.invokeTestMethod(Invoker.java:820)
	at org.testng.internal.Invoker.invokeTestMethods(Invoker.java:1128)
	at org.testng.internal.TestMethodWorker.invokeTestMethods(TestMethodWorker.java:129)
	at org.testng.internal.TestMethodWorker.run(TestMethodWorker.java:112)
	at org.testng.TestRunner.privateRun(TestRunner.java:782)
	at org.testng.TestRunner.run(TestRunner.java:632)
	at org.testng.SuiteRunner.runTest(SuiteRunner.java:366)
	at org.testng.SuiteRunner.runSequentially(SuiteRunner.java:361)
	at org.testng.SuiteRunner.privateRun(SuiteRunner.java:319)
	at org.testng.SuiteRunner.run(SuiteRunner.java:268)
	at org.testng.SuiteRunnerWorker.runSuite(SuiteRunnerWorker.java:52)
	at org.testng.SuiteRunnerWorker.run(SuiteRunnerWorker.java:86)
	at org.testng.TestNG.runSuitesSequentially(TestNG.java:1244)
	at org.testng.TestNG.runSuitesLocally(TestNG.java:1169)
	at org.testng.TestNG.run(TestNG.java:1064)
	at org.testng.remote.AbstractRemoteTestNG.run(AbstractRemoteTestNG.java:115)
	at org.testng.remote.RemoteTestNG.initAndRun(RemoteTestNG.java:251)
	at org.testng.remote.RemoteTestNG.main(RemoteTestNG.java:77)
]]>
            </full-stacktrace>
          </exception> <!-- java.lang.AssertionError -->
          <reporter-output>
          </reporter-output>
        </test-method> <!-- Validate_Marquee_cnd_Custom_param -->
        <test-method status="FAIL" signature="Validate_Feed1_cnd_Custom_param()[pri:215, instance:com.twc.ios.app.testcases.AndroidSmokeTest@7ae9a33a]" name="Validate_Feed1_cnd_Custom_param" duration-ms="31" started-at="2022-11-23T14:49:48Z" finished-at="2022-11-23T14:49:48Z">
          <exception class="java.lang.AssertionError">
            <message>
              <![CDATA[Either Parameter value is empty or API Call is not generated, hence Custom Parameter validation skipped]]>
            </message>
            <full-stacktrace>
              <![CDATA[java.lang.AssertionError: Either Parameter value is empty or API Call is not generated, hence Custom Parameter validation skipped
	at org.testng.Assert.fail(Assert.java:94)
	at com.twc.ios.app.general.Utils.validate_custom_param_val_of_gampad(Utils.java:9081)
	at com.twc.ios.app.testcases.AndroidSmokeTest.Validate_Feed1_cnd_Custom_param(AndroidSmokeTest.java:625)
	at sun.reflect.NativeMethodAccessorImpl.invoke0(Native Method)
	at sun.reflect.NativeMethodAccessorImpl.invoke(NativeMethodAccessorImpl.java:62)
	at sun.reflect.DelegatingMethodAccessorImpl.invoke(DelegatingMethodAccessorImpl.java:43)
	at java.lang.reflect.Method.invoke(Method.java:498)
	at org.testng.internal.MethodInvocationHelper.invokeMethod(MethodInvocationHelper.java:86)
	at org.testng.internal.Invoker.invokeMethod(Invoker.java:643)
	at org.testng.internal.Invoker.invokeTestMethod(Invoker.java:820)
	at org.testng.internal.Invoker.invokeTestMethods(Invoker.java:1128)
	at org.testng.internal.TestMethodWorker.invokeTestMethods(TestMethodWorker.java:129)
	at org.testng.internal.TestMethodWorker.run(TestMethodWorker.java:112)
	at org.testng.TestRunner.privateRun(TestRunner.java:782)
	at org.testng.TestRunner.run(TestRunner.java:632)
	at org.testng.SuiteRunner.runTest(SuiteRunner.java:366)
	at org.testng.SuiteRunner.runSequentially(SuiteRunner.java:361)
	at org.testng.SuiteRunner.privateRun(SuiteRunner.java:319)
	at org.testng.SuiteRunner.run(SuiteRunner.java:268)
	at org.testng.SuiteRunnerWorker.runSuite(SuiteRunnerWorker.java:52)
	at org.testng.SuiteRunnerWorker.run(SuiteRunnerWorker.java:86)
	at org.testng.TestNG.runSuitesSequentially(TestNG.java:1244)
	at org.testng.TestNG.runSuitesLocally(TestNG.java:1169)
	at org.testng.TestNG.run(TestNG.java:1064)
	at org.testng.remote.AbstractRemoteTestNG.run(AbstractRemoteTestNG.java:115)
	at org.testng.remote.RemoteTestNG.initAndRun(RemoteTestNG.java:251)
	at org.testng.remote.RemoteTestNG.main(RemoteTestNG.java:77)
]]>
            </full-stacktrace>
          </exception> <!-- java.lang.AssertionError -->
          <reporter-output>
          </reporter-output>
        </test-method> <!-- Validate_Feed1_cnd_Custom_param -->
        <test-method status="FAIL" signature="Validate_Marquee_dma_Custom_param()[pri:217, instance:com.twc.ios.app.testcases.AndroidSmokeTest@7ae9a33a]" name="Validate_Marquee_dma_Custom_param" duration-ms="29" started-at="2022-11-23T14:49:48Z" finished-at="2022-11-23T14:49:48Z">
          <exception class="java.lang.AssertionError">
            <message>
              <![CDATA[Either Parameter value is empty or API Call is not generated, hence Custom Parameter validation skipped]]>
            </message>
            <full-stacktrace>
              <![CDATA[java.lang.AssertionError: Either Parameter value is empty or API Call is not generated, hence Custom Parameter validation skipped
	at org.testng.Assert.fail(Assert.java:94)
	at com.twc.ios.app.general.Utils.validate_custom_param_val_of_gampad(Utils.java:9081)
	at com.twc.ios.app.testcases.AndroidSmokeTest.Validate_Marquee_dma_Custom_param(AndroidSmokeTest.java:651)
	at sun.reflect.NativeMethodAccessorImpl.invoke0(Native Method)
	at sun.reflect.NativeMethodAccessorImpl.invoke(NativeMethodAccessorImpl.java:62)
	at sun.reflect.DelegatingMethodAccessorImpl.invoke(DelegatingMethodAccessorImpl.java:43)
	at java.lang.reflect.Method.invoke(Method.java:498)
	at org.testng.internal.MethodInvocationHelper.invokeMethod(MethodInvocationHelper.java:86)
	at org.testng.internal.Invoker.invokeMethod(Invoker.java:643)
	at org.testng.internal.Invoker.invokeTestMethod(Invoker.java:820)
	at org.testng.internal.Invoker.invokeTestMethods(Invoker.java:1128)
	at org.testng.internal.TestMethodWorker.invokeTestMethods(TestMethodWorker.java:129)
	at org.testng.internal.TestMethodWorker.run(TestMethodWorker.java:112)
	at org.testng.TestRunner.privateRun(TestRunner.java:782)
	at org.testng.TestRunner.run(TestRunner.java:632)
	at org.testng.SuiteRunner.runTest(SuiteRunner.java:366)
	at org.testng.SuiteRunner.runSequentially(SuiteRunner.java:361)
	at org.testng.SuiteRunner.privateRun(SuiteRunner.java:319)
	at org.testng.SuiteRunner.run(SuiteRunner.java:268)
	at org.testng.SuiteRunnerWorker.runSuite(SuiteRunnerWorker.java:52)
	at org.testng.SuiteRunnerWorker.run(SuiteRunnerWorker.java:86)
	at org.testng.TestNG.runSuitesSequentially(TestNG.java:1244)
	at org.testng.TestNG.runSuitesLocally(TestNG.java:1169)
	at org.testng.TestNG.run(TestNG.java:1064)
	at org.testng.remote.AbstractRemoteTestNG.run(AbstractRemoteTestNG.java:115)
	at org.testng.remote.RemoteTestNG.initAndRun(RemoteTestNG.java:251)
	at org.testng.remote.RemoteTestNG.main(RemoteTestNG.java:77)
]]>
            </full-stacktrace>
          </exception> <!-- java.lang.AssertionError -->
          <reporter-output>
          </reporter-output>
        </test-method> <!-- Validate_Marquee_dma_Custom_param -->
        <test-method status="FAIL" signature="Validate_Feed1_dma_Custom_param()[pri:218, instance:com.twc.ios.app.testcases.AndroidSmokeTest@7ae9a33a]" name="Validate_Feed1_dma_Custom_param" duration-ms="26" started-at="2022-11-23T14:49:48Z" finished-at="2022-11-23T14:49:48Z">
          <exception class="java.lang.AssertionError">
            <message>
              <![CDATA[Either Parameter value is empty or API Call is not generated, hence Custom Parameter validation skipped]]>
            </message>
            <full-stacktrace>
              <![CDATA[java.lang.AssertionError: Either Parameter value is empty or API Call is not generated, hence Custom Parameter validation skipped
	at org.testng.Assert.fail(Assert.java:94)
	at com.twc.ios.app.general.Utils.validate_custom_param_val_of_gampad(Utils.java:9081)
	at com.twc.ios.app.testcases.AndroidSmokeTest.Validate_Feed1_dma_Custom_param(AndroidSmokeTest.java:664)
	at sun.reflect.NativeMethodAccessorImpl.invoke0(Native Method)
	at sun.reflect.NativeMethodAccessorImpl.invoke(NativeMethodAccessorImpl.java:62)
	at sun.reflect.DelegatingMethodAccessorImpl.invoke(DelegatingMethodAccessorImpl.java:43)
	at java.lang.reflect.Method.invoke(Method.java:498)
	at org.testng.internal.MethodInvocationHelper.invokeMethod(MethodInvocationHelper.java:86)
	at org.testng.internal.Invoker.invokeMethod(Invoker.java:643)
	at org.testng.internal.Invoker.invokeTestMethod(Invoker.java:820)
	at org.testng.internal.Invoker.invokeTestMethods(Invoker.java:1128)
	at org.testng.internal.TestMethodWorker.invokeTestMethods(TestMethodWorker.java:129)
	at org.testng.internal.TestMethodWorker.run(TestMethodWorker.java:112)
	at org.testng.TestRunner.privateRun(TestRunner.java:782)
	at org.testng.TestRunner.run(TestRunner.java:632)
	at org.testng.SuiteRunner.runTest(SuiteRunner.java:366)
	at org.testng.SuiteRunner.runSequentially(SuiteRunner.java:361)
	at org.testng.SuiteRunner.privateRun(SuiteRunner.java:319)
	at org.testng.SuiteRunner.run(SuiteRunner.java:268)
	at org.testng.SuiteRunnerWorker.runSuite(SuiteRunnerWorker.java:52)
	at org.testng.SuiteRunnerWorker.run(SuiteRunnerWorker.java:86)
	at org.testng.TestNG.runSuitesSequentially(TestNG.java:1244)
	at org.testng.TestNG.runSuitesLocally(TestNG.java:1169)
	at org.testng.TestNG.run(TestNG.java:1064)
	at org.testng.remote.AbstractRemoteTestNG.run(AbstractRemoteTestNG.java:115)
	at org.testng.remote.RemoteTestNG.initAndRun(RemoteTestNG.java:251)
	at org.testng.remote.RemoteTestNG.main(RemoteTestNG.java:77)
]]>
            </full-stacktrace>
          </exception> <!-- java.lang.AssertionError -->
          <reporter-output>
          </reporter-output>
        </test-method> <!-- Validate_Feed1_dma_Custom_param -->
        <test-method status="FAIL" signature="Validate_Marquee_tmp_Custom_param()[pri:220, instance:com.twc.ios.app.testcases.AndroidSmokeTest@7ae9a33a]" name="Validate_Marquee_tmp_Custom_param" duration-ms="29" started-at="2022-11-23T14:49:48Z" finished-at="2022-11-23T14:49:48Z">
          <exception class="java.lang.AssertionError">
            <message>
              <![CDATA[Either Parameter value is empty or API Call is not generated, hence Custom Parameter validation skipped]]>
            </message>
            <full-stacktrace>
              <![CDATA[java.lang.AssertionError: Either Parameter value is empty or API Call is not generated, hence Custom Parameter validation skipped
	at org.testng.Assert.fail(Assert.java:94)
	at com.twc.ios.app.general.Utils.validate_custom_param_val_of_gampad(Utils.java:9081)
	at com.twc.ios.app.testcases.AndroidSmokeTest.Validate_Marquee_tmp_Custom_param(AndroidSmokeTest.java:690)
	at sun.reflect.NativeMethodAccessorImpl.invoke0(Native Method)
	at sun.reflect.NativeMethodAccessorImpl.invoke(NativeMethodAccessorImpl.java:62)
	at sun.reflect.DelegatingMethodAccessorImpl.invoke(DelegatingMethodAccessorImpl.java:43)
	at java.lang.reflect.Method.invoke(Method.java:498)
	at org.testng.internal.MethodInvocationHelper.invokeMethod(MethodInvocationHelper.java:86)
	at org.testng.internal.Invoker.invokeMethod(Invoker.java:643)
	at org.testng.internal.Invoker.invokeTestMethod(Invoker.java:820)
	at org.testng.internal.Invoker.invokeTestMethods(Invoker.java:1128)
	at org.testng.internal.TestMethodWorker.invokeTestMethods(TestMethodWorker.java:129)
	at org.testng.internal.TestMethodWorker.run(TestMethodWorker.java:112)
	at org.testng.TestRunner.privateRun(TestRunner.java:782)
	at org.testng.TestRunner.run(TestRunner.java:632)
	at org.testng.SuiteRunner.runTest(SuiteRunner.java:366)
	at org.testng.SuiteRunner.runSequentially(SuiteRunner.java:361)
	at org.testng.SuiteRunner.privateRun(SuiteRunner.java:319)
	at org.testng.SuiteRunner.run(SuiteRunner.java:268)
	at org.testng.SuiteRunnerWorker.runSuite(SuiteRunnerWorker.java:52)
	at org.testng.SuiteRunnerWorker.run(SuiteRunnerWorker.java:86)
	at org.testng.TestNG.runSuitesSequentially(TestNG.java:1244)
	at org.testng.TestNG.runSuitesLocally(TestNG.java:1169)
	at org.testng.TestNG.run(TestNG.java:1064)
	at org.testng.remote.AbstractRemoteTestNG.run(AbstractRemoteTestNG.java:115)
	at org.testng.remote.RemoteTestNG.initAndRun(RemoteTestNG.java:251)
	at org.testng.remote.RemoteTestNG.main(RemoteTestNG.java:77)
]]>
            </full-stacktrace>
          </exception> <!-- java.lang.AssertionError -->
          <reporter-output>
          </reporter-output>
        </test-method> <!-- Validate_Marquee_tmp_Custom_param -->
        <test-method status="FAIL" signature="Validate_Feed1_tmp_Custom_param()[pri:221, instance:com.twc.ios.app.testcases.AndroidSmokeTest@7ae9a33a]" name="Validate_Feed1_tmp_Custom_param" duration-ms="21" started-at="2022-11-23T14:49:48Z" finished-at="2022-11-23T14:49:48Z">
          <exception class="java.lang.AssertionError">
            <message>
              <![CDATA[Either Parameter value is empty or API Call is not generated, hence Custom Parameter validation skipped]]>
            </message>
            <full-stacktrace>
              <![CDATA[java.lang.AssertionError: Either Parameter value is empty or API Call is not generated, hence Custom Parameter validation skipped
	at org.testng.Assert.fail(Assert.java:94)
	at com.twc.ios.app.general.Utils.validate_custom_param_val_of_gampad(Utils.java:9081)
	at com.twc.ios.app.testcases.AndroidSmokeTest.Validate_Feed1_tmp_Custom_param(AndroidSmokeTest.java:703)
	at sun.reflect.NativeMethodAccessorImpl.invoke0(Native Method)
	at sun.reflect.NativeMethodAccessorImpl.invoke(NativeMethodAccessorImpl.java:62)
	at sun.reflect.DelegatingMethodAccessorImpl.invoke(DelegatingMethodAccessorImpl.java:43)
	at java.lang.reflect.Method.invoke(Method.java:498)
	at org.testng.internal.MethodInvocationHelper.invokeMethod(MethodInvocationHelper.java:86)
	at org.testng.internal.Invoker.invokeMethod(Invoker.java:643)
	at org.testng.internal.Invoker.invokeTestMethod(Invoker.java:820)
	at org.testng.internal.Invoker.invokeTestMethods(Invoker.java:1128)
	at org.testng.internal.TestMethodWorker.invokeTestMethods(TestMethodWorker.java:129)
	at org.testng.internal.TestMethodWorker.run(TestMethodWorker.java:112)
	at org.testng.TestRunner.privateRun(TestRunner.java:782)
	at org.testng.TestRunner.run(TestRunner.java:632)
	at org.testng.SuiteRunner.runTest(SuiteRunner.java:366)
	at org.testng.SuiteRunner.runSequentially(SuiteRunner.java:361)
	at org.testng.SuiteRunner.privateRun(SuiteRunner.java:319)
	at org.testng.SuiteRunner.run(SuiteRunner.java:268)
	at org.testng.SuiteRunnerWorker.runSuite(SuiteRunnerWorker.java:52)
	at org.testng.SuiteRunnerWorker.run(SuiteRunnerWorker.java:86)
	at org.testng.TestNG.runSuitesSequentially(TestNG.java:1244)
	at org.testng.TestNG.runSuitesLocally(TestNG.java:1169)
	at org.testng.TestNG.run(TestNG.java:1064)
	at org.testng.remote.AbstractRemoteTestNG.run(AbstractRemoteTestNG.java:115)
	at org.testng.remote.RemoteTestNG.initAndRun(RemoteTestNG.java:251)
	at org.testng.remote.RemoteTestNG.main(RemoteTestNG.java:77)
]]>
            </full-stacktrace>
          </exception> <!-- java.lang.AssertionError -->
          <reporter-output>
          </reporter-output>
        </test-method> <!-- Validate_Feed1_tmp_Custom_param -->
        <test-method status="FAIL" signature="Validate_Marquee_tmpc_Custom_param()[pri:223, instance:com.twc.ios.app.testcases.AndroidSmokeTest@7ae9a33a]" name="Validate_Marquee_tmpc_Custom_param" duration-ms="22" started-at="2022-11-23T14:49:48Z" finished-at="2022-11-23T14:49:48Z">
          <exception class="java.lang.AssertionError">
            <message>
              <![CDATA[Either Parameter value is empty or API Call is not generated, hence Custom Parameter validation skipped]]>
            </message>
            <full-stacktrace>
              <![CDATA[java.lang.AssertionError: Either Parameter value is empty or API Call is not generated, hence Custom Parameter validation skipped
	at org.testng.Assert.fail(Assert.java:94)
	at com.twc.ios.app.general.Utils.validate_custom_param_val_of_gampad(Utils.java:9081)
	at com.twc.ios.app.testcases.AndroidSmokeTest.Validate_Marquee_tmpc_Custom_param(AndroidSmokeTest.java:729)
	at sun.reflect.NativeMethodAccessorImpl.invoke0(Native Method)
	at sun.reflect.NativeMethodAccessorImpl.invoke(NativeMethodAccessorImpl.java:62)
	at sun.reflect.DelegatingMethodAccessorImpl.invoke(DelegatingMethodAccessorImpl.java:43)
	at java.lang.reflect.Method.invoke(Method.java:498)
	at org.testng.internal.MethodInvocationHelper.invokeMethod(MethodInvocationHelper.java:86)
	at org.testng.internal.Invoker.invokeMethod(Invoker.java:643)
	at org.testng.internal.Invoker.invokeTestMethod(Invoker.java:820)
	at org.testng.internal.Invoker.invokeTestMethods(Invoker.java:1128)
	at org.testng.internal.TestMethodWorker.invokeTestMethods(TestMethodWorker.java:129)
	at org.testng.internal.TestMethodWorker.run(TestMethodWorker.java:112)
	at org.testng.TestRunner.privateRun(TestRunner.java:782)
	at org.testng.TestRunner.run(TestRunner.java:632)
	at org.testng.SuiteRunner.runTest(SuiteRunner.java:366)
	at org.testng.SuiteRunner.runSequentially(SuiteRunner.java:361)
	at org.testng.SuiteRunner.privateRun(SuiteRunner.java:319)
	at org.testng.SuiteRunner.run(SuiteRunner.java:268)
	at org.testng.SuiteRunnerWorker.runSuite(SuiteRunnerWorker.java:52)
	at org.testng.SuiteRunnerWorker.run(SuiteRunnerWorker.java:86)
	at org.testng.TestNG.runSuitesSequentially(TestNG.java:1244)
	at org.testng.TestNG.runSuitesLocally(TestNG.java:1169)
	at org.testng.TestNG.run(TestNG.java:1064)
	at org.testng.remote.AbstractRemoteTestNG.run(AbstractRemoteTestNG.java:115)
	at org.testng.remote.RemoteTestNG.initAndRun(RemoteTestNG.java:251)
	at org.testng.remote.RemoteTestNG.main(RemoteTestNG.java:77)
]]>
            </full-stacktrace>
          </exception> <!-- java.lang.AssertionError -->
          <reporter-output>
          </reporter-output>
        </test-method> <!-- Validate_Marquee_tmpc_Custom_param -->
        <test-method status="FAIL" signature="Validate_Feed1_tmpc_Custom_param()[pri:224, instance:com.twc.ios.app.testcases.AndroidSmokeTest@7ae9a33a]" name="Validate_Feed1_tmpc_Custom_param" duration-ms="21" started-at="2022-11-23T14:49:48Z" finished-at="2022-11-23T14:49:48Z">
          <exception class="java.lang.AssertionError">
            <message>
              <![CDATA[Either Parameter value is empty or API Call is not generated, hence Custom Parameter validation skipped]]>
            </message>
            <full-stacktrace>
              <![CDATA[java.lang.AssertionError: Either Parameter value is empty or API Call is not generated, hence Custom Parameter validation skipped
	at org.testng.Assert.fail(Assert.java:94)
	at com.twc.ios.app.general.Utils.validate_custom_param_val_of_gampad(Utils.java:9081)
	at com.twc.ios.app.testcases.AndroidSmokeTest.Validate_Feed1_tmpc_Custom_param(AndroidSmokeTest.java:742)
	at sun.reflect.NativeMethodAccessorImpl.invoke0(Native Method)
	at sun.reflect.NativeMethodAccessorImpl.invoke(NativeMethodAccessorImpl.java:62)
	at sun.reflect.DelegatingMethodAccessorImpl.invoke(DelegatingMethodAccessorImpl.java:43)
	at java.lang.reflect.Method.invoke(Method.java:498)
	at org.testng.internal.MethodInvocationHelper.invokeMethod(MethodInvocationHelper.java:86)
	at org.testng.internal.Invoker.invokeMethod(Invoker.java:643)
	at org.testng.internal.Invoker.invokeTestMethod(Invoker.java:820)
	at org.testng.internal.Invoker.invokeTestMethods(Invoker.java:1128)
	at org.testng.internal.TestMethodWorker.invokeTestMethods(TestMethodWorker.java:129)
	at org.testng.internal.TestMethodWorker.run(TestMethodWorker.java:112)
	at org.testng.TestRunner.privateRun(TestRunner.java:782)
	at org.testng.TestRunner.run(TestRunner.java:632)
	at org.testng.SuiteRunner.runTest(SuiteRunner.java:366)
	at org.testng.SuiteRunner.runSequentially(SuiteRunner.java:361)
	at org.testng.SuiteRunner.privateRun(SuiteRunner.java:319)
	at org.testng.SuiteRunner.run(SuiteRunner.java:268)
	at org.testng.SuiteRunnerWorker.runSuite(SuiteRunnerWorker.java:52)
	at org.testng.SuiteRunnerWorker.run(SuiteRunnerWorker.java:86)
	at org.testng.TestNG.runSuitesSequentially(TestNG.java:1244)
	at org.testng.TestNG.runSuitesLocally(TestNG.java:1169)
	at org.testng.TestNG.run(TestNG.java:1064)
	at org.testng.remote.AbstractRemoteTestNG.run(AbstractRemoteTestNG.java:115)
	at org.testng.remote.RemoteTestNG.initAndRun(RemoteTestNG.java:251)
	at org.testng.remote.RemoteTestNG.main(RemoteTestNG.java:77)
]]>
            </full-stacktrace>
          </exception> <!-- java.lang.AssertionError -->
          <reporter-output>
          </reporter-output>
        </test-method> <!-- Validate_Feed1_tmpc_Custom_param -->
        <test-method status="FAIL" signature="Validate_Marquee_tmpr_Custom_param()[pri:226, instance:com.twc.ios.app.testcases.AndroidSmokeTest@7ae9a33a]" name="Validate_Marquee_tmpr_Custom_param" duration-ms="31" started-at="2022-11-23T14:49:48Z" finished-at="2022-11-23T14:49:48Z">
          <exception class="java.lang.AssertionError">
            <message>
              <![CDATA[Either Parameter value is empty or API Call is not generated, hence Custom Parameter validation skipped]]>
            </message>
            <full-stacktrace>
              <![CDATA[java.lang.AssertionError: Either Parameter value is empty or API Call is not generated, hence Custom Parameter validation skipped
	at org.testng.Assert.fail(Assert.java:94)
	at com.twc.ios.app.general.Utils.validate_custom_param_val_of_gampad(Utils.java:9081)
	at com.twc.ios.app.testcases.AndroidSmokeTest.Validate_Marquee_tmpr_Custom_param(AndroidSmokeTest.java:768)
	at sun.reflect.NativeMethodAccessorImpl.invoke0(Native Method)
	at sun.reflect.NativeMethodAccessorImpl.invoke(NativeMethodAccessorImpl.java:62)
	at sun.reflect.DelegatingMethodAccessorImpl.invoke(DelegatingMethodAccessorImpl.java:43)
	at java.lang.reflect.Method.invoke(Method.java:498)
	at org.testng.internal.MethodInvocationHelper.invokeMethod(MethodInvocationHelper.java:86)
	at org.testng.internal.Invoker.invokeMethod(Invoker.java:643)
	at org.testng.internal.Invoker.invokeTestMethod(Invoker.java:820)
	at org.testng.internal.Invoker.invokeTestMethods(Invoker.java:1128)
	at org.testng.internal.TestMethodWorker.invokeTestMethods(TestMethodWorker.java:129)
	at org.testng.internal.TestMethodWorker.run(TestMethodWorker.java:112)
	at org.testng.TestRunner.privateRun(TestRunner.java:782)
	at org.testng.TestRunner.run(TestRunner.java:632)
	at org.testng.SuiteRunner.runTest(SuiteRunner.java:366)
	at org.testng.SuiteRunner.runSequentially(SuiteRunner.java:361)
	at org.testng.SuiteRunner.privateRun(SuiteRunner.java:319)
	at org.testng.SuiteRunner.run(SuiteRunner.java:268)
	at org.testng.SuiteRunnerWorker.runSuite(SuiteRunnerWorker.java:52)
	at org.testng.SuiteRunnerWorker.run(SuiteRunnerWorker.java:86)
	at org.testng.TestNG.runSuitesSequentially(TestNG.java:1244)
	at org.testng.TestNG.runSuitesLocally(TestNG.java:1169)
	at org.testng.TestNG.run(TestNG.java:1064)
	at org.testng.remote.AbstractRemoteTestNG.run(AbstractRemoteTestNG.java:115)
	at org.testng.remote.RemoteTestNG.initAndRun(RemoteTestNG.java:251)
	at org.testng.remote.RemoteTestNG.main(RemoteTestNG.java:77)
]]>
            </full-stacktrace>
          </exception> <!-- java.lang.AssertionError -->
          <reporter-output>
          </reporter-output>
        </test-method> <!-- Validate_Marquee_tmpr_Custom_param -->
        <test-method status="FAIL" signature="Validate_Feed1_tmpr_Custom_param()[pri:227, instance:com.twc.ios.app.testcases.AndroidSmokeTest@7ae9a33a]" name="Validate_Feed1_tmpr_Custom_param" duration-ms="24" started-at="2022-11-23T14:49:48Z" finished-at="2022-11-23T14:49:48Z">
          <exception class="java.lang.AssertionError">
            <message>
              <![CDATA[Either Parameter value is empty or API Call is not generated, hence Custom Parameter validation skipped]]>
            </message>
            <full-stacktrace>
              <![CDATA[java.lang.AssertionError: Either Parameter value is empty or API Call is not generated, hence Custom Parameter validation skipped
	at org.testng.Assert.fail(Assert.java:94)
	at com.twc.ios.app.general.Utils.validate_custom_param_val_of_gampad(Utils.java:9081)
	at com.twc.ios.app.testcases.AndroidSmokeTest.Validate_Feed1_tmpr_Custom_param(AndroidSmokeTest.java:781)
	at sun.reflect.NativeMethodAccessorImpl.invoke0(Native Method)
	at sun.reflect.NativeMethodAccessorImpl.invoke(NativeMethodAccessorImpl.java:62)
	at sun.reflect.DelegatingMethodAccessorImpl.invoke(DelegatingMethodAccessorImpl.java:43)
	at java.lang.reflect.Method.invoke(Method.java:498)
	at org.testng.internal.MethodInvocationHelper.invokeMethod(MethodInvocationHelper.java:86)
	at org.testng.internal.Invoker.invokeMethod(Invoker.java:643)
	at org.testng.internal.Invoker.invokeTestMethod(Invoker.java:820)
	at org.testng.internal.Invoker.invokeTestMethods(Invoker.java:1128)
	at org.testng.internal.TestMethodWorker.invokeTestMethods(TestMethodWorker.java:129)
	at org.testng.internal.TestMethodWorker.run(TestMethodWorker.java:112)
	at org.testng.TestRunner.privateRun(TestRunner.java:782)
	at org.testng.TestRunner.run(TestRunner.java:632)
	at org.testng.SuiteRunner.runTest(SuiteRunner.java:366)
	at org.testng.SuiteRunner.runSequentially(SuiteRunner.java:361)
	at org.testng.SuiteRunner.privateRun(SuiteRunner.java:319)
	at org.testng.SuiteRunner.run(SuiteRunner.java:268)
	at org.testng.SuiteRunnerWorker.runSuite(SuiteRunnerWorker.java:52)
	at org.testng.SuiteRunnerWorker.run(SuiteRunnerWorker.java:86)
	at org.testng.TestNG.runSuitesSequentially(TestNG.java:1244)
	at org.testng.TestNG.runSuitesLocally(TestNG.java:1169)
	at org.testng.TestNG.run(TestNG.java:1064)
	at org.testng.remote.AbstractRemoteTestNG.run(AbstractRemoteTestNG.java:115)
	at org.testng.remote.RemoteTestNG.initAndRun(RemoteTestNG.java:251)
	at org.testng.remote.RemoteTestNG.main(RemoteTestNG.java:77)
]]>
            </full-stacktrace>
          </exception> <!-- java.lang.AssertionError -->
          <reporter-output>
          </reporter-output>
        </test-method> <!-- Validate_Feed1_tmpr_Custom_param -->
        <test-method status="FAIL" signature="Validate_Marquee_ct_Custom_param()[pri:229, instance:com.twc.ios.app.testcases.AndroidSmokeTest@7ae9a33a]" name="Validate_Marquee_ct_Custom_param" duration-ms="29" started-at="2022-11-23T14:49:48Z" finished-at="2022-11-23T14:49:48Z">
          <exception class="java.lang.AssertionError">
            <message>
              <![CDATA[Either Parameter value is empty or API Call is not generated, hence Custom Parameter validation skipped]]>
            </message>
            <full-stacktrace>
              <![CDATA[java.lang.AssertionError: Either Parameter value is empty or API Call is not generated, hence Custom Parameter validation skipped
	at org.testng.Assert.fail(Assert.java:94)
	at com.twc.ios.app.general.Utils.validate_custom_param_val_of_gampad(Utils.java:9081)
	at com.twc.ios.app.testcases.AndroidSmokeTest.Validate_Marquee_ct_Custom_param(AndroidSmokeTest.java:807)
	at sun.reflect.NativeMethodAccessorImpl.invoke0(Native Method)
[...]
	at com.twc.ios.app.testcases.AndroidSmokeTest.Validate_Criteo_SDK_Bidder_API_Call_Response_Code(AndroidSmokeTest.java:2978)
	at sun.reflect.NativeMethodAccessorImpl.invoke0(Native Method)
	at sun.reflect.NativeMethodAccessorImpl.invoke(NativeMethodAccessorImpl.java:62)
	at sun.reflect.DelegatingMethodAccessorImpl.invoke(DelegatingMethodAccessorImpl.java:43)
	at java.lang.reflect.Method.invoke(Method.java:498)
	at org.testng.internal.MethodInvocationHelper.invokeMethod(MethodInvocationHelper.java:86)
	at org.testng.internal.Invoker.invokeMethod(Invoker.java:643)
	at org.testng.internal.Invoker.invokeTestMethod(Invoker.java:820)
	at org.testng.internal.Invoker.invokeTestMethods(Invoker.java:1128)
	at org.testng.internal.TestMethodWorker.invokeTestMethods(TestMethodWorker.java:129)
	at org.testng.internal.TestMethodWorker.run(TestMethodWorker.java:112)
	at org.testng.TestRunner.privateRun(TestRunner.java:782)
	at org.testng.TestRunner.run(TestRunner.java:632)
	at org.testng.SuiteRunner.runTest(SuiteRunner.java:366)
	at org.testng.SuiteRunner.runSequentially(SuiteRunner.java:361)
	at org.testng.SuiteRunner.privateRun(SuiteRunner.java:319)
	at org.testng.SuiteRunner.run(SuiteRunner.java:268)
	at org.testng.SuiteRunnerWorker.runSuite(SuiteRunnerWorker.java:52)
	at org.testng.SuiteRunnerWorker.run(SuiteRunnerWorker.java:86)
	at org.testng.TestNG.runSuitesSequentially(TestNG.java:1244)
	at org.testng.TestNG.runSuitesLocally(TestNG.java:1169)
	at org.testng.TestNG.run(TestNG.java:1064)
	at org.testng.remote.AbstractRemoteTestNG.run(AbstractRemoteTestNG.java:115)
	at org.testng.remote.RemoteTestNG.initAndRun(RemoteTestNG.java:251)
	at org.testng.remote.RemoteTestNG.main(RemoteTestNG.java:77)
]]>
            </full-stacktrace>
          </exception> <!-- java.lang.AssertionError -->
          <reporter-output>
          </reporter-output>
        </test-method> <!-- Validate_Criteo_SDK_Bidder_API_Call_Response_Code -->
        <test-method status="FAIL" signature="Validate_Criteo_SDK_Initialization_API_Call_Response_Code()[pri:852, instance:com.twc.ios.app.testcases.AndroidSmokeTest@7ae9a33a]" name="Validate_Criteo_SDK_Initialization_API_Call_Response_Code" duration-ms="10" started-at="2022-11-23T15:02:37Z" finished-at="2022-11-23T15:02:37Z">
          <exception class="java.lang.AssertionError">
            <message>
              <![CDATA[bidder.criteo.com/config/app call is not present in Charles session, hence response code validation is failed]]>
            </message>
            <full-stacktrace>
              <![CDATA[java.lang.AssertionError: bidder.criteo.com/config/app call is not present in Charles session, hence response code validation is failed
	at org.testng.Assert.fail(Assert.java:94)
	at com.twc.ios.app.general.Utils.verifyCriteo_config_app_Call_ReponseStatusCode(Utils.java:12966)
	at com.twc.ios.app.testcases.AndroidSmokeTest.Validate_Criteo_SDK_Initialization_API_Call_Response_Code(AndroidSmokeTest.java:2991)
	at sun.reflect.NativeMethodAccessorImpl.invoke0(Native Method)
	at sun.reflect.NativeMethodAccessorImpl.invoke(NativeMethodAccessorImpl.java:62)
	at sun.reflect.DelegatingMethodAccessorImpl.invoke(DelegatingMethodAccessorImpl.java:43)
	at java.lang.reflect.Method.invoke(Method.java:498)
	at org.testng.internal.MethodInvocationHelper.invokeMethod(MethodInvocationHelper.java:86)
	at org.testng.internal.Invoker.invokeMethod(Invoker.java:643)
	at org.testng.internal.Invoker.invokeTestMethod(Invoker.java:820)
	at org.testng.internal.Invoker.invokeTestMethods(Invoker.java:1128)
	at org.testng.internal.TestMethodWorker.invokeTestMethods(TestMethodWorker.java:129)
	at org.testng.internal.TestMethodWorker.run(TestMethodWorker.java:112)
	at org.testng.TestRunner.privateRun(TestRunner.java:782)
	at org.testng.TestRunner.run(TestRunner.java:632)
	at org.testng.SuiteRunner.runTest(SuiteRunner.java:366)
	at org.testng.SuiteRunner.runSequentially(SuiteRunner.java:361)
	at org.testng.SuiteRunner.privateRun(SuiteRunner.java:319)
	at org.testng.SuiteRunner.run(SuiteRunner.java:268)
	at org.testng.SuiteRunnerWorker.runSuite(SuiteRunnerWorker.java:52)
	at org.testng.SuiteRunnerWorker.run(SuiteRunnerWorker.java:86)
	at org.testng.TestNG.runSuitesSequentially(TestNG.java:1244)
	at org.testng.TestNG.runSuitesLocally(TestNG.java:1169)
	at org.testng.TestNG.run(TestNG.java:1064)
	at org.testng.remote.AbstractRemoteTestNG.run(AbstractRemoteTestNG.java:115)
	at org.testng.remote.RemoteTestNG.initAndRun(RemoteTestNG.java:251)
	at org.testng.remote.RemoteTestNG.main(RemoteTestNG.java:77)
]]>
            </full-stacktrace>
          </exception> <!-- java.lang.AssertionError -->
          <reporter-output>
          </reporter-output>
        </test-method> <!-- Validate_Criteo_SDK_Initialization_API_Call_Response_Code -->
        <test-method status="FAIL" signature="Validate_Criteo_SDK_Initialization_API_Call_Response_Parameter_csmEnabled()[pri:853, instance:com.twc.ios.app.testcases.AndroidSmokeTest@7ae9a33a]" name="Validate_Criteo_SDK_Initialization_API_Call_Response_Parameter_csmEnabled" duration-ms="9" started-at="2022-11-23T15:02:37Z" finished-at="2022-11-23T15:02:37Z">
          <exception class="java.lang.AssertionError">
            <message>
              <![CDATA[bidder.criteo.com/config/app call is not present in Charles session, hence Custom Parameter: csmEnabled validation skipped]]>
            </message>
            <full-stacktrace>
              <![CDATA[java.lang.AssertionError: bidder.criteo.com/config/app call is not present in Charles session, hence Custom Parameter: csmEnabled validation skipped
	at org.testng.Assert.fail(Assert.java:94)
	at com.twc.ios.app.general.Utils.validate_Criteo_SDK_config_app_call_response_parameter(Utils.java:13220)
	at com.twc.ios.app.testcases.AndroidSmokeTest.Validate_Criteo_SDK_Initialization_API_Call_Response_Parameter_csmEnabled(AndroidSmokeTest.java:3006)
	at sun.reflect.NativeMethodAccessorImpl.invoke0(Native Method)
	at sun.reflect.NativeMethodAccessorImpl.invoke(NativeMethodAccessorImpl.java:62)
	at sun.reflect.DelegatingMethodAccessorImpl.invoke(DelegatingMethodAccessorImpl.java:43)
	at java.lang.reflect.Method.invoke(Method.java:498)
	at org.testng.internal.MethodInvocationHelper.invokeMethod(MethodInvocationHelper.java:86)
	at org.testng.internal.Invoker.invokeMethod(Invoker.java:643)
	at org.testng.internal.Invoker.invokeTestMethod(Invoker.java:820)
	at org.testng.internal.Invoker.invokeTestMethods(Invoker.java:1128)
	at org.testng.internal.TestMethodWorker.invokeTestMethods(TestMethodWorker.java:129)
	at org.testng.internal.TestMethodWorker.run(TestMethodWorker.java:112)
	at org.testng.TestRunner.privateRun(TestRunner.java:782)
	at org.testng.TestRunner.run(TestRunner.java:632)
	at org.testng.SuiteRunner.runTest(SuiteRunner.java:366)
	at org.testng.SuiteRunner.runSequentially(SuiteRunner.java:361)
	at org.testng.SuiteRunner.privateRun(SuiteRunner.java:319)
	at org.testng.SuiteRunner.run(SuiteRunner.java:268)
	at org.testng.SuiteRunnerWorker.runSuite(SuiteRunnerWorker.java:52)
	at org.testng.SuiteRunnerWorker.run(SuiteRunnerWorker.java:86)
	at org.testng.TestNG.runSuitesSequentially(TestNG.java:1244)
	at org.testng.TestNG.runSuitesLocally(TestNG.java:1169)
	at org.testng.TestNG.run(TestNG.java:1064)
	at org.testng.remote.AbstractRemoteTestNG.run(AbstractRemoteTestNG.java:115)
	at org.testng.remote.RemoteTestNG.initAndRun(RemoteTestNG.java:251)
	at org.testng.remote.RemoteTestNG.main(RemoteTestNG.java:77)
]]>
            </full-stacktrace>
          </exception> <!-- java.lang.AssertionError -->
          <reporter-output>
          </reporter-output>
        </test-method> <!-- Validate_Criteo_SDK_Initialization_API_Call_Response_Parameter_csmEnabled -->
        <test-method status="FAIL" signature="Validate_Criteo_SDK_Initialization_API_Call_Response_Parameter_liveBiddingEnabled()[pri:854, instance:com.twc.ios.app.testcases.AndroidSmokeTest@7ae9a33a]" name="Validate_Criteo_SDK_Initialization_API_Call_Response_Parameter_liveBiddingEnabled" duration-ms="6" started-at="2022-11-23T15:02:37Z" finished-at="2022-11-23T15:02:37Z">
          <exception class="java.lang.AssertionError">
            <message>
              <![CDATA[bidder.criteo.com/config/app call is not present in Charles session, hence Custom Parameter: liveBiddingEnabled validation skipped]]>
            </message>
            <full-stacktrace>
              <![CDATA[java.lang.AssertionError: bidder.criteo.com/config/app call is not present in Charles session, hence Custom Parameter: liveBiddingEnabled validation skipped
	at org.testng.Assert.fail(Assert.java:94)
	at com.twc.ios.app.general.Utils.validate_Criteo_SDK_config_app_call_response_parameter(Utils.java:13220)
	at com.twc.ios.app.testcases.AndroidSmokeTest.Validate_Criteo_SDK_Initialization_API_Call_Response_Parameter_liveBiddingEnabled(AndroidSmokeTest.java:3021)
	at sun.reflect.NativeMethodAccessorImpl.invoke0(Native Method)
	at sun.reflect.NativeMethodAccessorImpl.invoke(NativeMethodAccessorImpl.java:62)
	at sun.reflect.DelegatingMethodAccessorImpl.invoke(DelegatingMethodAccessorImpl.java:43)
	at java.lang.reflect.Method.invoke(Method.java:498)
	at org.testng.internal.MethodInvocationHelper.invokeMethod(MethodInvocationHelper.java:86)
	at org.testng.internal.Invoker.invokeMethod(Invoker.java:643)
	at org.testng.internal.Invoker.invokeTestMethod(Invoker.java:820)
	at org.testng.internal.Invoker.invokeTestMethods(Invoker.java:1128)
	at org.testng.internal.TestMethodWorker.invokeTestMethods(TestMethodWorker.java:129)
	at org.testng.internal.TestMethodWorker.run(TestMethodWorker.java:112)
	at org.testng.TestRunner.privateRun(TestRunner.java:782)
	at org.testng.TestRunner.run(TestRunner.java:632)
	at org.testng.SuiteRunner.runTest(SuiteRunner.java:366)
	at org.testng.SuiteRunner.runSequentially(SuiteRunner.java:361)
	at org.testng.SuiteRunner.privateRun(SuiteRunner.java:319)
	at org.testng.SuiteRunner.run(SuiteRunner.java:268)
	at org.testng.SuiteRunnerWorker.runSuite(SuiteRunnerWorker.java:52)
	at org.testng.SuiteRunnerWorker.run(SuiteRunnerWorker.java:86)
	at org.testng.TestNG.runSuitesSequentially(TestNG.java:1244)
	at org.testng.TestNG.runSuitesLocally(TestNG.java:1169)
	at org.testng.TestNG.run(TestNG.java:1064)
	at org.testng.remote.AbstractRemoteTestNG.run(AbstractRemoteTestNG.java:115)
	at org.testng.remote.RemoteTestNG.initAndRun(RemoteTestNG.java:251)
	at org.testng.remote.RemoteTestNG.main(RemoteTestNG.java:77)
]]>
            </full-stacktrace>
          </exception> <!-- java.lang.AssertionError -->
          <reporter-output>
          </reporter-output>
        </test-method> <!-- Validate_Criteo_SDK_Initialization_API_Call_Response_Parameter_liveBiddingEnabled -->
        <test-method status="FAIL" signature="Validate_Criteo_SDK_Initialization_API_Call_Response_Parameter_prefetchOnInitEnabled()[pri:856, instance:com.twc.ios.app.testcases.AndroidSmokeTest@7ae9a33a]" name="Validate_Criteo_SDK_Initialization_API_Call_Response_Parameter_prefetchOnInitEnabled" duration-ms="11" started-at="2022-11-23T15:02:37Z" finished-at="2022-11-23T15:02:37Z">
          <exception class="java.lang.AssertionError">
            <message>
              <![CDATA[bidder.criteo.com/config/app call is not present in Charles session, hence Custom Parameter: prefetchOnInitEnabled validation skipped]]>
            </message>
            <full-stacktrace>
              <![CDATA[java.lang.AssertionError: bidder.criteo.com/config/app call is not present in Charles session, hence Custom Parameter: prefetchOnInitEnabled validation skipped
	at org.testng.Assert.fail(Assert.java:94)
	at com.twc.ios.app.general.Utils.validate_Criteo_SDK_config_app_call_response_parameter(Utils.java:13220)
	at com.twc.ios.app.testcases.AndroidSmokeTest.Validate_Criteo_SDK_Initialization_API_Call_Response_Parameter_prefetchOnInitEnabled(AndroidSmokeTest.java:3056)
	at sun.reflect.NativeMethodAccessorImpl.invoke0(Native Method)
	at sun.reflect.NativeMethodAccessorImpl.invoke(NativeMethodAccessorImpl.java:62)
	at sun.reflect.DelegatingMethodAccessorImpl.invoke(DelegatingMethodAccessorImpl.java:43)
	at java.lang.reflect.Method.invoke(Method.java:498)
	at org.testng.internal.MethodInvocationHelper.invokeMethod(MethodInvocationHelper.java:86)
	at org.testng.internal.Invoker.invokeMethod(Invoker.java:643)
	at org.testng.internal.Invoker.invokeTestMethod(Invoker.java:820)
	at org.testng.internal.Invoker.invokeTestMethods(Invoker.java:1128)
	at org.testng.internal.TestMethodWorker.invokeTestMethods(TestMethodWorker.java:129)
	at org.testng.internal.TestMethodWorker.run(TestMethodWorker.java:112)
	at org.testng.TestRunner.privateRun(TestRunner.java:782)
	at org.testng.TestRunner.run(TestRunner.java:632)
	at org.testng.SuiteRunner.runTest(SuiteRunner.java:366)
	at org.testng.SuiteRunner.runSequentially(SuiteRunner.java:361)
	at org.testng.SuiteRunner.privateRun(SuiteRunner.java:319)
	at org.testng.SuiteRunner.run(SuiteRunner.java:268)
	at org.testng.SuiteRunnerWorker.runSuite(SuiteRunnerWorker.java:52)
	at org.testng.SuiteRunnerWorker.run(SuiteRunnerWorker.java:86)
	at org.testng.TestNG.runSuitesSequentially(TestNG.java:1244)
	at org.testng.TestNG.runSuitesLocally(TestNG.java:1169)
	at org.testng.TestNG.run(TestNG.java:1064)
	at org.testng.remote.AbstractRemoteTestNG.run(AbstractRemoteTestNG.java:115)
	at org.testng.remote.RemoteTestNG.initAndRun(RemoteTestNG.java:251)
	at org.testng.remote.RemoteTestNG.main(RemoteTestNG.java:77)
]]>
            </full-stacktrace>
          </exception> <!-- java.lang.AssertionError -->
          <reporter-output>
          </reporter-output>
        </test-method> <!-- Validate_Criteo_SDK_Initialization_API_Call_Response_Parameter_prefetchOnInitEnabled -->
        <test-method status="FAIL" signature="Validate_Criteo_SDK_Initialization_API_Call_Response_Parameter_remoteLogLevel()[pri:857, instance:com.twc.ios.app.testcases.AndroidSmokeTest@7ae9a33a]" name="Validate_Criteo_SDK_Initialization_API_Call_Response_Parameter_remoteLogLevel" duration-ms="6" started-at="2022-11-23T15:02:37Z" finished-at="2022-11-23T15:02:37Z">
          <exception class="java.lang.AssertionError">
            <message>
              <![CDATA[bidder.criteo.com/config/app call is not present in Charles session, hence Custom Parameter: remoteLogLevel validation skipped]]>
            </message>
            <full-stacktrace>
              <![CDATA[java.lang.AssertionError: bidder.criteo.com/config/app call is not present in Charles session, hence Custom Parameter: remoteLogLevel validation skipped
	at org.testng.Assert.fail(Assert.java:94)
	at com.twc.ios.app.general.Utils.validate_Criteo_SDK_config_app_call_response_parameter(Utils.java:13220)
	at com.twc.ios.app.testcases.AndroidSmokeTest.Validate_Criteo_SDK_Initialization_API_Call_Response_Parameter_remoteLogLevel(AndroidSmokeTest.java:3071)
	at sun.reflect.NativeMethodAccessorImpl.invoke0(Native Method)
	at sun.reflect.NativeMethodAccessorImpl.invoke(NativeMethodAccessorImpl.java:62)
	at sun.reflect.DelegatingMethodAccessorImpl.invoke(DelegatingMethodAccessorImpl.java:43)
	at java.lang.reflect.Method.invoke(Method.java:498)
	at org.testng.internal.MethodInvocationHelper.invokeMethod(MethodInvocationHelper.java:86)
	at org.testng.internal.Invoker.invokeMethod(Invoker.java:643)
	at org.testng.internal.Invoker.invokeTestMethod(Invoker.java:820)
	at org.testng.internal.Invoker.invokeTestMethods(Invoker.java:1128)
	at org.testng.internal.TestMethodWorker.invokeTestMethods(TestMethodWorker.java:129)
	at org.testng.internal.TestMethodWorker.run(TestMethodWorker.java:112)
	at org.testng.TestRunner.privateRun(TestRunner.java:782)
	at org.testng.TestRunner.run(TestRunner.java:632)
	at org.testng.SuiteRunner.runTest(SuiteRunner.java:366)
	at org.testng.SuiteRunner.runSequentially(SuiteRunner.java:361)
	at org.testng.SuiteRunner.privateRun(SuiteRunner.java:319)
	at org.testng.SuiteRunner.run(SuiteRunner.java:268)
	at org.testng.SuiteRunnerWorker.runSuite(SuiteRunnerWorker.java:52)
	at org.testng.SuiteRunnerWorker.run(SuiteRunnerWorker.java:86)
	at org.testng.TestNG.runSuitesSequentially(TestNG.java:1244)
	at org.testng.TestNG.runSuitesLocally(TestNG.java:1169)
	at org.testng.TestNG.run(TestNG.java:1064)
	at org.testng.remote.AbstractRemoteTestNG.run(AbstractRemoteTestNG.java:115)
	at org.testng.remote.RemoteTestNG.initAndRun(RemoteTestNG.java:251)
	at org.testng.remote.RemoteTestNG.main(RemoteTestNG.java:77)
]]>
            </full-stacktrace>
          </exception> <!-- java.lang.AssertionError -->
          <reporter-output>
          </reporter-output>
        </test-method> <!-- Validate_Criteo_SDK_Initialization_API_Call_Response_Parameter_remoteLogLevel -->
        <test-method status="FAIL" signature="Verify_Confiant_SDK_Calls()[pri:875, instance:com.twc.ios.app.testcases.AndroidSmokeTest@7ae9a33a]" name="Verify_Confiant_SDK_Calls" duration-ms="7" started-at="2022-11-23T15:02:37Z" finished-at="2022-11-23T15:02:37Z">
          <exception class="java.lang.AssertionError">
            <message>
              <![CDATA[cdn.clarium.io/7HVJ0a2cSA4bM1_8xVpJwK0Gzc8/sdk/5.0.3/config.js?cb= call is not present in Charles session]]>
            </message>
            <full-stacktrace>
              <![CDATA[java.lang.AssertionError: cdn.clarium.io/7HVJ0a2cSA4bM1_8xVpJwK0Gzc8/sdk/5.0.3/config.js?cb= call is not present in Charles session
	at org.testng.Assert.fail(Assert.java:94)
	at com.twc.ios.app.general.Utils.verifyConfiantSDKInitializationCallsAndroid(Utils.java:10430)
	at com.twc.ios.app.testcases.AndroidSmokeTest.Verify_Confiant_SDK_Calls(AndroidSmokeTest.java:3089)
	at sun.reflect.NativeMethodAccessorImpl.invoke0(Native Method)
	at sun.reflect.NativeMethodAccessorImpl.invoke(NativeMethodAccessorImpl.java:62)
	at sun.reflect.DelegatingMethodAccessorImpl.invoke(DelegatingMethodAccessorImpl.java:43)
	at java.lang.reflect.Method.invoke(Method.java:498)
	at org.testng.internal.MethodInvocationHelper.invokeMethod(MethodInvocationHelper.java:86)
	at org.testng.internal.Invoker.invokeMethod(Invoker.java:643)
	at org.testng.internal.Invoker.invokeTestMethod(Invoker.java:820)
	at org.testng.internal.Invoker.invokeTestMethods(Invoker.java:1128)
	at org.testng.internal.TestMethodWorker.invokeTestMethods(TestMethodWorker.java:129)
	at org.testng.internal.TestMethodWorker.run(TestMethodWorker.java:112)
	at org.testng.TestRunner.privateRun(TestRunner.java:782)
	at org.testng.TestRunner.run(TestRunner.java:632)
	at org.testng.SuiteRunner.runTest(SuiteRunner.java:366)
	at org.testng.SuiteRunner.runSequentially(SuiteRunner.java:361)
	at org.testng.SuiteRunner.privateRun(SuiteRunner.java:319)
	at org.testng.SuiteRunner.run(SuiteRunner.java:268)
	at org.testng.SuiteRunnerWorker.runSuite(SuiteRunnerWorker.java:52)
	at org.testng.SuiteRunnerWorker.run(SuiteRunnerWorker.java:86)
	at org.testng.TestNG.runSuitesSequentially(TestNG.java:1244)
	at org.testng.TestNG.runSuitesLocally(TestNG.java:1169)
	at org.testng.TestNG.run(TestNG.java:1064)
	at org.testng.remote.AbstractRemoteTestNG.run(AbstractRemoteTestNG.java:115)
	at org.testng.remote.RemoteTestNG.initAndRun(RemoteTestNG.java:251)
	at org.testng.remote.RemoteTestNG.main(RemoteTestNG.java:77)
]]>
            </full-stacktrace>
          </exception> <!-- java.lang.AssertionError -->
          <reporter-output>
          </reporter-output>
        </test-method> <!-- Verify_Confiant_SDK_Calls -->
        <test-method status="PASS" signature="afterClass()[pri:0, instance:com.twc.ios.app.testcases.AndroidSmokeTest@7ae9a33a]" name="afterClass" is-config="true" duration-ms="69583" started-at="2022-11-23T15:02:37Z" finished-at="2022-11-23T15:03:46Z">
          <reporter-output>
          </reporter-output>
        </test-method> <!-- afterClass -->
      </class> <!-- com.twc.ios.app.testcases.AndroidSmokeTest -->
    </test> <!-- Default test -->
  </suite> <!-- Default suite -->
</testng-results>
