<?xml version="1.0" encoding="UTF-8"?>
<!-- Generated by org.testng.reporters.JUnitReportReporter -->
<testsuite hostname="Aswinikumars-MacBook-Pro.local" name="com.twc.ios.app.testcases.AndroidCriteoAndAmazonBidTest" tests="93" failures="1" timestamp="13 Jul 2023 12:21:55 GMT" time="10.816" errors="92">
  <testcase name="Verify_Criteo_SDK_inapp_v2_Call_displayUrl_parameter_with_Interstitials_gampad_call" time="0.002" classname="com.twc.ios.app.testcases.AndroidCriteoAndAmazonBidTest">
    <error type="java.io.FileNotFoundException" message="/Users/aswinikumar/Documents/local/adsqaandroid-automation-masternull (No such file or directory)">
      <![CDATA[java.io.FileNotFoundException: /Users/aswinikumar/Documents/local/adsqaandroid-automation-masternull (No such file or directory)
	at java.io.FileInputStream.open0(Native Method)
	at java.io.FileInputStream.open(FileInputStream.java:195)
	at java.io.FileInputStream.<init>(FileInputStream.java:138)
	at com.twc.ios.app.excel.ExcelData.excelread(ExcelData.java:37)
	at com.twc.ios.app.general.ReadExcelValues.excelValues(ReadExcelValues.java:11)
	at com.twc.ios.app.general.Utils.validate_Criteo_SDK_inapp_v2_call_param_value_with_gampad_param_value(Utils.java:12986)
	at com.twc.ios.app.testcases.AndroidCriteoAndAmazonBidTest.Verify_Criteo_SDK_inapp_v2_Call_displayUrl_parameter_with_Interstitials_gampad_call(AndroidCriteoAndAmazonBidTest.java:1983)
	at sun.reflect.NativeMethodAccessorImpl.invoke0(Native Method)
	at sun.reflect.NativeMethodAccessorImpl.invoke(NativeMethodAccessorImpl.java:62)
	at sun.reflect.DelegatingMethodAccessorImpl.invoke(DelegatingMethodAccessorImpl.java:43)
	at java.lang.reflect.Method.invoke(Method.java:498)
	at org.testng.internal.MethodInvocationHelper.invokeMethod(MethodInvocationHelper.java:86)
	at org.testng.internal.Invoker.invokeMethod(Invoker.java:643)
	at org.testng.internal.Invoker.invokeTestMethod(Invoker.java:820)
	at org.testng.internal.Invoker.invokeTestMethods(Invoker.java:1128)
	at org.testng.internal.TestMethodWorker.invokeTestMethods(TestMethodWorker.java:129)
	at org.testng.internal.TestMethodWorker.run(TestMethodWorker.java:112)
	at org.testng.TestRunner.privateRun(TestRunner.java:782)
	at org.testng.TestRunner.run(TestRunner.java:632)
	at org.testng.SuiteRunner.runTest(SuiteRunner.java:366)
	at org.testng.SuiteRunner.runSequentially(SuiteRunner.java:361)
	at org.testng.SuiteRunner.privateRun(SuiteRunner.java:319)
	at org.testng.SuiteRunner.run(SuiteRunner.java:268)
	at org.testng.SuiteRunnerWorker.runSuite(SuiteRunnerWorker.java:52)
	at org.testng.SuiteRunnerWorker.run(SuiteRunnerWorker.java:86)
	at org.testng.TestNG.runSuitesSequentially(TestNG.java:1244)
	at org.testng.TestNG.runSuitesLocally(TestNG.java:1169)
	at org.testng.TestNG.run(TestNG.java:1064)
	at org.testng.remote.AbstractRemoteTestNG.run(AbstractRemoteTestNG.java:115)
	at org.testng.remote.RemoteTestNG.initAndRun(RemoteTestNG.java:251)
	at org.testng.remote.RemoteTestNG.main(RemoteTestNG.java:77)
]]>
    </error>
  </testcase> <!-- Verify_Criteo_SDK_inapp_v2_Call_displayUrl_parameter_with_Interstitials_gampad_call -->
  <testcase name="Validate_Criteo_SDK_Initialization_API_Call_Response_Parameter_remoteLogLevel" time="0.003" classname="com.twc.ios.app.testcases.AndroidCriteoAndAmazonBidTest">
    <error type="java.io.FileNotFoundException" message="/Users/aswinikumar/Documents/local/adsqaandroid-automation-masternull (No such file or directory)">
      <![CDATA[java.io.FileNotFoundException: /Users/aswinikumar/Documents/local/adsqaandroid-automation-masternull (No such file or directory)
	at java.io.FileInputStream.open0(Native Method)
	at java.io.FileInputStream.open(FileInputStream.java:195)
	at java.io.FileInputStream.<init>(FileInputStream.java:138)
	at com.twc.ios.app.excel.ExcelData.excelread(ExcelData.java:37)
	at com.twc.ios.app.general.ReadExcelValues.excelValues(ReadExcelValues.java:11)
	at com.twc.ios.app.general.Utils.validate_Criteo_SDK_config_app_call_response_parameter(Utils.java:15042)
	at com.twc.ios.app.testcases.AndroidCriteoAndAmazonBidTest.Validate_Criteo_SDK_Initialization_API_Call_Response_Parameter_remoteLogLevel(AndroidCriteoAndAmazonBidTest.java:942)
	at sun.reflect.NativeMethodAccessorImpl.invoke0(Native Method)
	at sun.reflect.NativeMethodAccessorImpl.invoke(NativeMethodAccessorImpl.java:62)
	at sun.reflect.DelegatingMethodAccessorImpl.invoke(DelegatingMethodAccessorImpl.java:43)
	at java.lang.reflect.Method.invoke(Method.java:498)
	at org.testng.internal.MethodInvocationHelper.invokeMethod(MethodInvocationHelper.java:86)
	at org.testng.internal.Invoker.invokeMethod(Invoker.java:643)
	at org.testng.internal.Invoker.invokeTestMethod(Invoker.java:820)
	at org.testng.internal.Invoker.invokeTestMethods(Invoker.java:1128)
	at org.testng.internal.TestMethodWorker.invokeTestMethods(TestMethodWorker.java:129)
	at org.testng.internal.TestMethodWorker.run(TestMethodWorker.java:112)
	at org.testng.TestRunner.privateRun(TestRunner.java:782)
	at org.testng.TestRunner.run(TestRunner.java:632)
	at org.testng.SuiteRunner.runTest(SuiteRunner.java:366)
	at org.testng.SuiteRunner.runSequentially(SuiteRunner.java:361)
	at org.testng.SuiteRunner.privateRun(SuiteRunner.java:319)
	at org.testng.SuiteRunner.run(SuiteRunner.java:268)
	at org.testng.SuiteRunnerWorker.runSuite(SuiteRunnerWorker.java:52)
	at org.testng.SuiteRunnerWorker.run(SuiteRunnerWorker.java:86)
	at org.testng.TestNG.runSuitesSequentially(TestNG.java:1244)
	at org.testng.TestNG.runSuitesLocally(TestNG.java:1169)
	at org.testng.TestNG.run(TestNG.java:1064)
	at org.testng.remote.AbstractRemoteTestNG.run(AbstractRemoteTestNG.java:115)
	at org.testng.remote.RemoteTestNG.initAndRun(RemoteTestNG.java:251)
	at org.testng.remote.RemoteTestNG.main(RemoteTestNG.java:77)
]]>
    </error>
  </testcase> <!-- Validate_Criteo_SDK_Initialization_API_Call_Response_Parameter_remoteLogLevel -->
  <testcase name="Verify_Criteo_SDK_inapp_v2_Call_displayUrl_parameter_with_Hourly2_Big_ad_gampad_call" time="0.003" classname="com.twc.ios.app.testcases.AndroidCriteoAndAmazonBidTest">
    <error type="java.io.FileNotFoundException" message="/Users/aswinikumar/Documents/local/adsqaandroid-automation-masternull (No such file or directory)">
      <![CDATA[java.io.FileNotFoundException: /Users/aswinikumar/Documents/local/adsqaandroid-automation-masternull (No such file or directory)
	at java.io.FileInputStream.open0(Native Method)
	at java.io.FileInputStream.open(FileInputStream.java:195)
	at java.io.FileInputStream.<init>(FileInputStream.java:138)
	at com.twc.ios.app.excel.ExcelData.excelread(ExcelData.java:37)
	at com.twc.ios.app.general.ReadExcelValues.excelValues(ReadExcelValues.java:11)
	at com.twc.ios.app.general.Utils.validate_Criteo_SDK_inapp_v2_call_param_value_with_gampad_param_value(Utils.java:12986)
	at com.twc.ios.app.testcases.AndroidCriteoAndAmazonBidTest.Verify_Criteo_SDK_inapp_v2_Call_displayUrl_parameter_with_Hourly2_Big_ad_gampad_call(AndroidCriteoAndAmazonBidTest.java:1744)
	at sun.reflect.NativeMethodAccessorImpl.invoke0(Native Method)
	at sun.reflect.NativeMethodAccessorImpl.invoke(NativeMethodAccessorImpl.java:62)
	at sun.reflect.DelegatingMethodAccessorImpl.invoke(DelegatingMethodAccessorImpl.java:43)
	at java.lang.reflect.Method.invoke(Method.java:498)
	at org.testng.internal.MethodInvocationHelper.invokeMethod(MethodInvocationHelper.java:86)
	at org.testng.internal.Invoker.invokeMethod(Invoker.java:643)
	at org.testng.internal.Invoker.invokeTestMethod(Invoker.java:820)
	at org.testng.internal.Invoker.invokeTestMethods(Invoker.java:1128)
	at org.testng.internal.TestMethodWorker.invokeTestMethods(TestMethodWorker.java:129)
	at org.testng.internal.TestMethodWorker.run(TestMethodWorker.java:112)
	at org.testng.TestRunner.privateRun(TestRunner.java:782)
	at org.testng.TestRunner.run(TestRunner.java:632)
	at org.testng.SuiteRunner.runTest(SuiteRunner.java:366)
	at org.testng.SuiteRunner.runSequentially(SuiteRunner.java:361)
	at org.testng.SuiteRunner.privateRun(SuiteRunner.java:319)
	at org.testng.SuiteRunner.run(SuiteRunner.java:268)
	at org.testng.SuiteRunnerWorker.runSuite(SuiteRunnerWorker.java:52)
	at org.testng.SuiteRunnerWorker.run(SuiteRunnerWorker.java:86)
	at org.testng.TestNG.runSuitesSequentially(TestNG.java:1244)
	at org.testng.TestNG.runSuitesLocally(TestNG.java:1169)
	at org.testng.TestNG.run(TestNG.java:1064)
	at org.testng.remote.AbstractRemoteTestNG.run(AbstractRemoteTestNG.java:115)
	at org.testng.remote.RemoteTestNG.initAndRun(RemoteTestNG.java:251)
	at org.testng.remote.RemoteTestNG.main(RemoteTestNG.java:77)
]]>
    </error>
  </testcase> <!-- Verify_Criteo_SDK_inapp_v2_Call_displayUrl_parameter_with_Hourly2_Big_ad_gampad_call -->
  <testcase name="Verify_amazon_aax_Allergy_Articles_adcall" time="0.003" classname="com.twc.ios.app.testcases.AndroidCriteoAndAmazonBidTest">
    <error type="java.io.FileNotFoundException" message="/Users/aswinikumar/Documents/local/adsqaandroid-automation-masternull (No such file or directory)">
      <![CDATA[java.io.FileNotFoundException: /Users/aswinikumar/Documents/local/adsqaandroid-automation-masternull (No such file or directory)
	at java.io.FileInputStream.open0(Native Method)
	at java.io.FileInputStream.open(FileInputStream.java:195)
	at java.io.FileInputStream.<init>(FileInputStream.java:138)
	at com.twc.ios.app.excel.ExcelData.excelread(ExcelData.java:37)
	at com.twc.ios.app.general.ReadExcelValues.excelValues(ReadExcelValues.java:11)
	at com.twc.ios.app.general.Utils.verifyAAX_SlotId(Utils.java:1151)
	at com.twc.ios.app.testcases.AndroidCriteoAndAmazonBidTest.Verify_amazon_aax_Allergy_Articles_adcall(AndroidCriteoAndAmazonBidTest.java:765)
	at sun.reflect.NativeMethodAccessorImpl.invoke0(Native Method)
	at sun.reflect.NativeMethodAccessorImpl.invoke(NativeMethodAccessorImpl.java:62)
	at sun.reflect.DelegatingMethodAccessorImpl.invoke(DelegatingMethodAccessorImpl.java:43)
	at java.lang.reflect.Method.invoke(Method.java:498)
	at org.testng.internal.MethodInvocationHelper.invokeMethod(MethodInvocationHelper.java:86)
	at org.testng.internal.Invoker.invokeMethod(Invoker.java:643)
	at org.testng.internal.Invoker.invokeTestMethod(Invoker.java:820)
	at org.testng.internal.Invoker.invokeTestMethods(Invoker.java:1128)
	at org.testng.internal.TestMethodWorker.invokeTestMethods(TestMethodWorker.java:129)
	at org.testng.internal.TestMethodWorker.run(TestMethodWorker.java:112)
	at org.testng.TestRunner.privateRun(TestRunner.java:782)
	at org.testng.TestRunner.run(TestRunner.java:632)
	at org.testng.SuiteRunner.runTest(SuiteRunner.java:366)
	at org.testng.SuiteRunner.runSequentially(SuiteRunner.java:361)
	at org.testng.SuiteRunner.privateRun(SuiteRunner.java:319)
	at org.testng.SuiteRunner.run(SuiteRunner.java:268)
	at org.testng.SuiteRunnerWorker.runSuite(SuiteRunnerWorker.java:52)
	at org.testng.SuiteRunnerWorker.run(SuiteRunnerWorker.java:86)
	at org.testng.TestNG.runSuitesSequentially(TestNG.java:1244)
	at org.testng.TestNG.runSuitesLocally(TestNG.java:1169)
	at org.testng.TestNG.run(TestNG.java:1064)
	at org.testng.remote.AbstractRemoteTestNG.run(AbstractRemoteTestNG.java:115)
	at org.testng.remote.RemoteTestNG.initAndRun(RemoteTestNG.java:251)
	at org.testng.remote.RemoteTestNG.main(RemoteTestNG.java:77)
]]>
    </error>
  </testcase> <!-- Verify_amazon_aax_Allergy_Articles_adcall -->
  <testcase name="Verify_Criteo_SDK_config_app_Call" time="0.004" classname="com.twc.ios.app.testcases.AndroidCriteoAndAmazonBidTest">
    <error type="java.io.FileNotFoundException" message="/Users/aswinikumar/Documents/local/adsqaandroid-automation-masternull (No such file or directory)">
      <![CDATA[java.io.FileNotFoundException: /Users/aswinikumar/Documents/local/adsqaandroid-automation-masternull (No such file or directory)
	at java.io.FileInputStream.open0(Native Method)
	at java.io.FileInputStream.open(FileInputStream.java:195)
	at java.io.FileInputStream.<init>(FileInputStream.java:138)
	at com.twc.ios.app.excel.ExcelData.excelread(ExcelData.java:37)
	at com.twc.ios.app.general.ReadExcelValues.excelValues(ReadExcelValues.java:11)
	at com.twc.ios.app.general.Utils.verifyCriteo_config_app_Call(Utils.java:12096)
	at com.twc.ios.app.testcases.AndroidCriteoAndAmazonBidTest.Verify_Criteo_SDK_config_app_Call(AndroidCriteoAndAmazonBidTest.java:803)
	at sun.reflect.NativeMethodAccessorImpl.invoke0(Native Method)
	at sun.reflect.NativeMethodAccessorImpl.invoke(NativeMethodAccessorImpl.java:62)
	at sun.reflect.DelegatingMethodAccessorImpl.invoke(DelegatingMethodAccessorImpl.java:43)
	at java.lang.reflect.Method.invoke(Method.java:498)
	at org.testng.internal.MethodInvocationHelper.invokeMethod(MethodInvocationHelper.java:86)
	at org.testng.internal.Invoker.invokeMethod(Invoker.java:643)
	at org.testng.internal.Invoker.invokeTestMethod(Invoker.java:820)
	at org.testng.internal.Invoker.invokeTestMethods(Invoker.java:1128)
	at org.testng.internal.TestMethodWorker.invokeTestMethods(TestMethodWorker.java:129)
	at org.testng.internal.TestMethodWorker.run(TestMethodWorker.java:112)
	at org.testng.TestRunner.privateRun(TestRunner.java:782)
	at org.testng.TestRunner.run(TestRunner.java:632)
	at org.testng.SuiteRunner.runTest(SuiteRunner.java:366)
	at org.testng.SuiteRunner.runSequentially(SuiteRunner.java:361)
	at org.testng.SuiteRunner.privateRun(SuiteRunner.java:319)
	at org.testng.SuiteRunner.run(SuiteRunner.java:268)
	at org.testng.SuiteRunnerWorker.runSuite(SuiteRunnerWorker.java:52)
	at org.testng.SuiteRunnerWorker.run(SuiteRunnerWorker.java:86)
	at org.testng.TestNG.runSuitesSequentially(TestNG.java:1244)
	at org.testng.TestNG.runSuitesLocally(TestNG.java:1169)
	at org.testng.TestNG.run(TestNG.java:1064)
	at org.testng.remote.AbstractRemoteTestNG.run(AbstractRemoteTestNG.java:115)
	at org.testng.remote.RemoteTestNG.initAndRun(RemoteTestNG.java:251)
	at org.testng.remote.RemoteTestNG.main(RemoteTestNG.java:77)
]]>
    </error>
  </testcase> <!-- Verify_Criteo_SDK_config_app_Call -->
  <testcase name="Verify_amazon_aax_preload_Daily_details_adcall" time="0.006" classname="com.twc.ios.app.testcases.AndroidCriteoAndAmazonBidTest">
    <error type="java.io.FileNotFoundException" message="/Users/aswinikumar/Documents/local/adsqaandroid-automation-masternull (No such file or directory)">
      <![CDATA[java.io.FileNotFoundException: /Users/aswinikumar/Documents/local/adsqaandroid-automation-masternull (No such file or directory)
	at java.io.FileInputStream.open0(Native Method)
	at java.io.FileInputStream.open(FileInputStream.java:195)
	at java.io.FileInputStream.<init>(FileInputStream.java:138)
	at com.twc.ios.app.excel.ExcelData.excelread(ExcelData.java:37)
	at com.twc.ios.app.general.ReadExcelValues.excelValues(ReadExcelValues.java:11)
	at com.twc.ios.app.general.Utils.verifyAAX_SlotId(Utils.java:1151)
	at com.twc.ios.app.testcases.AndroidCriteoAndAmazonBidTest.Verify_amazon_aax_preload_Daily_details_adcall(AndroidCriteoAndAmazonBidTest.java:256)
	at sun.reflect.NativeMethodAccessorImpl.invoke0(Native Method)
	at sun.reflect.NativeMethodAccessorImpl.invoke(NativeMethodAccessorImpl.java:62)
	at sun.reflect.DelegatingMethodAccessorImpl.invoke(DelegatingMethodAccessorImpl.java:43)
	at java.lang.reflect.Method.invoke(Method.java:498)
	at org.testng.internal.MethodInvocationHelper.invokeMethod(MethodInvocationHelper.java:86)
	at org.testng.internal.Invoker.invokeMethod(Invoker.java:643)
	at org.testng.internal.Invoker.invokeTestMethod(Invoker.java:820)
	at org.testng.internal.Invoker.invokeTestMethods(Invoker.java:1128)
	at org.testng.internal.TestMethodWorker.invokeTestMethods(TestMethodWorker.java:129)
	at org.testng.internal.TestMethodWorker.run(TestMethodWorker.java:112)
	at org.testng.TestRunner.privateRun(TestRunner.java:782)
	at org.testng.TestRunner.run(TestRunner.java:632)
	at org.testng.SuiteRunner.runTest(SuiteRunner.java:366)
	at org.testng.SuiteRunner.runSequentially(SuiteRunner.java:361)
	at org.testng.SuiteRunner.privateRun(SuiteRunner.java:319)
	at org.testng.SuiteRunner.run(SuiteRunner.java:268)
	at org.testng.SuiteRunnerWorker.runSuite(SuiteRunnerWorker.java:52)
	at org.testng.SuiteRunnerWorker.run(SuiteRunnerWorker.java:86)
	at org.testng.TestNG.runSuitesSequentially(TestNG.java:1244)
	at org.testng.TestNG.runSuitesLocally(TestNG.java:1169)
	at org.testng.TestNG.run(TestNG.java:1064)
	at org.testng.remote.AbstractRemoteTestNG.run(AbstractRemoteTestNG.java:115)
	at org.testng.remote.RemoteTestNG.initAndRun(RemoteTestNG.java:251)
	at org.testng.remote.RemoteTestNG.main(RemoteTestNG.java:77)
]]>
    </error>
  </testcase> <!-- Verify_amazon_aax_preload_Daily_details_adcall -->
  <testcase name="Validate_GMA_SDK_version" time="0.010" classname="com.twc.ios.app.testcases.AndroidCriteoAndAmazonBidTest">
    <error type="java.io.FileNotFoundException" message="/Users/aswinikumar/Documents/local/adsqaandroid-automation-masternull (No such file or directory)">
      <![CDATA[java.io.FileNotFoundException: /Users/aswinikumar/Documents/local/adsqaandroid-automation-masternull (No such file or directory)
	at java.io.FileInputStream.open0(Native Method)
	at java.io.FileInputStream.open(FileInputStream.java:195)
	at java.io.FileInputStream.<init>(FileInputStream.java:138)
	at com.twc.ios.app.excel.ExcelData.excelread(ExcelData.java:37)
	at com.twc.ios.app.general.ReadExcelValues.excelValues(ReadExcelValues.java:11)
	at com.twc.ios.app.general.Utils.validate_Noncustom_param_val_of_gampad(Utils.java:11433)
	at com.twc.ios.app.testcases.AndroidCriteoAndAmazonBidTest.Validate_GMA_SDK_version(AndroidCriteoAndAmazonBidTest.java:332)
	at sun.reflect.NativeMethodAccessorImpl.invoke0(Native Method)
	at sun.reflect.NativeMethodAccessorImpl.invoke(NativeMethodAccessorImpl.java:62)
	at sun.reflect.DelegatingMethodAccessorImpl.invoke(DelegatingMethodAccessorImpl.java:43)
	at java.lang.reflect.Method.invoke(Method.java:498)
	at org.testng.internal.MethodInvocationHelper.invokeMethod(MethodInvocationHelper.java:86)
	at org.testng.internal.Invoker.invokeMethod(Invoker.java:643)
	at org.testng.internal.Invoker.invokeTestMethod(Invoker.java:820)
	at org.testng.internal.Invoker.invokeTestMethods(Invoker.java:1128)
	at org.testng.internal.TestMethodWorker.invokeTestMethods(TestMethodWorker.java:129)
	at org.testng.internal.TestMethodWorker.run(TestMethodWorker.java:112)
	at org.testng.TestRunner.privateRun(TestRunner.java:782)
	at org.testng.TestRunner.run(TestRunner.java:632)
	at org.testng.SuiteRunner.runTest(SuiteRunner.java:366)
	at org.testng.SuiteRunner.runSequentially(SuiteRunner.java:361)
	at org.testng.SuiteRunner.privateRun(SuiteRunner.java:319)
	at org.testng.SuiteRunner.run(SuiteRunner.java:268)
	at org.testng.SuiteRunnerWorker.runSuite(SuiteRunnerWorker.java:52)
	at org.testng.SuiteRunnerWorker.run(SuiteRunnerWorker.java:86)
	at org.testng.TestNG.runSuitesSequentially(TestNG.java:1244)
	at org.testng.TestNG.runSuitesLocally(TestNG.java:1169)
	at org.testng.TestNG.run(TestNG.java:1064)
	at org.testng.remote.AbstractRemoteTestNG.run(AbstractRemoteTestNG.java:115)
	at org.testng.remote.RemoteTestNG.initAndRun(RemoteTestNG.java:251)
	at org.testng.remote.RemoteTestNG.main(RemoteTestNG.java:77)
]]>
    </error>
  </testcase> <!-- Validate_GMA_SDK_version -->
  <testcase name="Verify_Criteo_SDK_inapp_v2_Call_displayUrl_parameter_with_Feed1_gampad_call" time="0.003" classname="com.twc.ios.app.testcases.AndroidCriteoAndAmazonBidTest">
    <error type="java.io.FileNotFoundException" message="/Users/aswinikumar/Documents/local/adsqaandroid-automation-masternull (No such file or directory)">
      <![CDATA[java.io.FileNotFoundException: /Users/aswinikumar/Documents/local/adsqaandroid-automation-masternull (No such file or directory)
	at java.io.FileInputStream.open0(Native Method)
	at java.io.FileInputStream.open(FileInputStream.java:195)
	at java.io.FileInputStream.<init>(FileInputStream.java:138)
	at com.twc.ios.app.excel.ExcelData.excelread(ExcelData.java:37)
	at com.twc.ios.app.general.ReadExcelValues.excelValues(ReadExcelValues.java:11)
	at com.twc.ios.app.general.Utils.validate_Criteo_SDK_inapp_v2_call_param_value_with_gampad_param_value(Utils.java:12986)
	at com.twc.ios.app.testcases.AndroidCriteoAndAmazonBidTest.Verify_Criteo_SDK_inapp_v2_Call_displayUrl_parameter_with_Feed1_gampad_call(AndroidCriteoAndAmazonBidTest.java:1024)
	at sun.reflect.NativeMethodAccessorImpl.invoke0(Native Method)
	at sun.reflect.NativeMethodAccessorImpl.invoke(NativeMethodAccessorImpl.java:62)
	at sun.reflect.DelegatingMethodAccessorImpl.invoke(DelegatingMethodAccessorImpl.java:43)
	at java.lang.reflect.Method.invoke(Method.java:498)
	at org.testng.internal.MethodInvocationHelper.invokeMethod(MethodInvocationHelper.java:86)
	at org.testng.internal.Invoker.invokeMethod(Invoker.java:643)
	at org.testng.internal.Invoker.invokeTestMethod(Invoker.java:820)
	at org.testng.internal.Invoker.invokeTestMethods(Invoker.java:1128)
	at org.testng.internal.TestMethodWorker.invokeTestMethods(TestMethodWorker.java:129)
	at org.testng.internal.TestMethodWorker.run(TestMethodWorker.java:112)
	at org.testng.TestRunner.privateRun(TestRunner.java:782)
	at org.testng.TestRunner.run(TestRunner.java:632)
	at org.testng.SuiteRunner.runTest(SuiteRunner.java:366)
	at org.testng.SuiteRunner.runSequentially(SuiteRunner.java:361)
	at org.testng.SuiteRunner.privateRun(SuiteRunner.java:319)
	at org.testng.SuiteRunner.run(SuiteRunner.java:268)
	at org.testng.SuiteRunnerWorker.runSuite(SuiteRunnerWorker.java:52)
	at org.testng.SuiteRunnerWorker.run(SuiteRunnerWorker.java:86)
	at org.testng.TestNG.runSuitesSequentially(TestNG.java:1244)
	at org.testng.TestNG.runSuitesLocally(TestNG.java:1169)
	at org.testng.TestNG.run(TestNG.java:1064)
	at org.testng.remote.AbstractRemoteTestNG.run(AbstractRemoteTestNG.java:115)
	at org.testng.remote.RemoteTestNG.initAndRun(RemoteTestNG.java:251)
	at org.testng.remote.RemoteTestNG.main(RemoteTestNG.java:77)
]]>
    </error>
  </testcase> <!-- Verify_Criteo_SDK_inapp_v2_Call_displayUrl_parameter_with_Feed1_gampad_call -->
  <testcase name="Verify_Criteo_SDK_inapp_v2_Call_cpm_parameter_with_HealthcoldAndFluArticles_gampad_call" time="0.002" classname="com.twc.ios.app.testcases.AndroidCriteoAndAmazonBidTest">
    <error type="java.io.FileNotFoundException" message="/Users/aswinikumar/Documents/local/adsqaandroid-automation-masternull (No such file or directory)">
      <![CDATA[java.io.FileNotFoundException: /Users/aswinikumar/Documents/local/adsqaandroid-automation-masternull (No such file or directory)
	at java.io.FileInputStream.open0(Native Method)
	at java.io.FileInputStream.open(FileInputStream.java:195)
	at java.io.FileInputStream.<init>(FileInputStream.java:138)
	at com.twc.ios.app.excel.ExcelData.excelread(ExcelData.java:37)
	at com.twc.ios.app.general.ReadExcelValues.excelValues(ReadExcelValues.java:11)
	at com.twc.ios.app.general.Utils.validate_Criteo_SDK_inapp_v2_call_param_value_with_gampad_param_value(Utils.java:12986)
	at com.twc.ios.app.testcases.AndroidCriteoAndAmazonBidTest.Verify_Criteo_SDK_inapp_v2_Call_cpm_parameter_with_HealthcoldAndFluArticles_gampad_call(AndroidCriteoAndAmazonBidTest.java:1555)
	at sun.reflect.NativeMethodAccessorImpl.invoke0(Native Method)
	at sun.reflect.NativeMethodAccessorImpl.invoke(NativeMethodAccessorImpl.java:62)
	at sun.reflect.DelegatingMethodAccessorImpl.invoke(DelegatingMethodAccessorImpl.java:43)
	at java.lang.reflect.Method.invoke(Method.java:498)
	at org.testng.internal.MethodInvocationHelper.invokeMethod(MethodInvocationHelper.java:86)
	at org.testng.internal.Invoker.invokeMethod(Invoker.java:643)
	at org.testng.internal.Invoker.invokeTestMethod(Invoker.java:820)
	at org.testng.internal.Invoker.invokeTestMethods(Invoker.java:1128)
	at org.testng.internal.TestMethodWorker.invokeTestMethods(TestMethodWorker.java:129)
	at org.testng.internal.TestMethodWorker.run(TestMethodWorker.java:112)
	at org.testng.TestRunner.privateRun(TestRunner.java:782)
	at org.testng.TestRunner.run(TestRunner.java:632)
	at org.testng.SuiteRunner.runTest(SuiteRunner.java:366)
	at org.testng.SuiteRunner.runSequentially(SuiteRunner.java:361)
	at org.testng.SuiteRunner.privateRun(SuiteRunner.java:319)
	at org.testng.SuiteRunner.run(SuiteRunner.java:268)
	at org.testng.SuiteRunnerWorker.runSuite(SuiteRunnerWorker.java:52)
	at org.testng.SuiteRunnerWorker.run(SuiteRunnerWorker.java:86)
	at org.testng.TestNG.runSuitesSequentially(TestNG.java:1244)
	at org.testng.TestNG.runSuitesLocally(TestNG.java:1169)
	at org.testng.TestNG.run(TestNG.java:1064)
	at org.testng.remote.AbstractRemoteTestNG.run(AbstractRemoteTestNG.java:115)
	at org.testng.remote.RemoteTestNG.initAndRun(RemoteTestNG.java:251)
	at org.testng.remote.RemoteTestNG.main(RemoteTestNG.java:77)
]]>
    </error>
  </testcase> <!-- Verify_Criteo_SDK_inapp_v2_Call_cpm_parameter_with_HealthcoldAndFluArticles_gampad_call -->
  <testcase name="Verify_amazon_aax_preload_PreRollVideo_adcall" time="0.005" classname="com.twc.ios.app.testcases.AndroidCriteoAndAmazonBidTest">
    <error type="java.io.FileNotFoundException" message="/Users/aswinikumar/Documents/local/adsqaandroid-automation-masternull (No such file or directory)">
      <![CDATA[java.io.FileNotFoundException: /Users/aswinikumar/Documents/local/adsqaandroid-automation-masternull (No such file or directory)
	at java.io.FileInputStream.open0(Native Method)
	at java.io.FileInputStream.open(FileInputStream.java:195)
	at java.io.FileInputStream.<init>(FileInputStream.java:138)
	at com.twc.ios.app.excel.ExcelData.excelread(ExcelData.java:37)
	at com.twc.ios.app.general.ReadExcelValues.excelValues(ReadExcelValues.java:11)
	at com.twc.ios.app.general.Utils.verifyAAX_SlotId(Utils.java:1151)
	at com.twc.ios.app.testcases.AndroidCriteoAndAmazonBidTest.Verify_amazon_aax_preload_PreRollVideo_adcall(AndroidCriteoAndAmazonBidTest.java:234)
	at sun.reflect.NativeMethodAccessorImpl.invoke0(Native Method)
	at sun.reflect.NativeMethodAccessorImpl.invoke(NativeMethodAccessorImpl.java:62)
	at sun.reflect.DelegatingMethodAccessorImpl.invoke(DelegatingMethodAccessorImpl.java:43)
	at java.lang.reflect.Method.invoke(Method.java:498)
	at org.testng.internal.MethodInvocationHelper.invokeMethod(MethodInvocationHelper.java:86)
	at org.testng.internal.Invoker.invokeMethod(Invoker.java:643)
	at org.testng.internal.Invoker.invokeTestMethod(Invoker.java:820)
	at org.testng.internal.Invoker.invokeTestMethods(Invoker.java:1128)
	at org.testng.internal.TestMethodWorker.invokeTestMethods(TestMethodWorker.java:129)
	at org.testng.internal.TestMethodWorker.run(TestMethodWorker.java:112)
	at org.testng.TestRunner.privateRun(TestRunner.java:782)
	at org.testng.TestRunner.run(TestRunner.java:632)
	at org.testng.SuiteRunner.runTest(SuiteRunner.java:366)
	at org.testng.SuiteRunner.runSequentially(SuiteRunner.java:361)
	at org.testng.SuiteRunner.privateRun(SuiteRunner.java:319)
	at org.testng.SuiteRunner.run(SuiteRunner.java:268)
	at org.testng.SuiteRunnerWorker.runSuite(SuiteRunnerWorker.java:52)
	at org.testng.SuiteRunnerWorker.run(SuiteRunnerWorker.java:86)
	at org.testng.TestNG.runSuitesSequentially(TestNG.java:1244)
	at org.testng.TestNG.runSuitesLocally(TestNG.java:1169)
	at org.testng.TestNG.run(TestNG.java:1064)
	at org.testng.remote.AbstractRemoteTestNG.run(AbstractRemoteTestNG.java:115)
	at org.testng.remote.RemoteTestNG.initAndRun(RemoteTestNG.java:251)
	at org.testng.remote.RemoteTestNG.main(RemoteTestNG.java:77)
]]>
    </error>
  </testcase> <!-- Verify_amazon_aax_preload_PreRollVideo_adcall -->
  <testcase name="Verify_Criteo_SDK_inapp_v2_Call_displayUrl_parameter_with_HealthallergyArticles_gampad_call" time="0.003" classname="com.twc.ios.app.testcases.AndroidCriteoAndAmazonBidTest">
    <error type="java.io.FileNotFoundException" message="/Users/aswinikumar/Documents/local/adsqaandroid-automation-masternull (No such file or directory)">
      <![CDATA[java.io.FileNotFoundException: /Users/aswinikumar/Documents/local/adsqaandroid-automation-masternull (No such file or directory)
	at java.io.FileInputStream.open0(Native Method)
	at java.io.FileInputStream.open(FileInputStream.java:195)
	at java.io.FileInputStream.<init>(FileInputStream.java:138)
	at com.twc.ios.app.excel.ExcelData.excelread(ExcelData.java:37)
	at com.twc.ios.app.general.ReadExcelValues.excelValues(ReadExcelValues.java:11)
	at com.twc.ios.app.general.Utils.validate_Criteo_SDK_inapp_v2_call_param_value_with_gampad_param_value(Utils.java:12986)
	at com.twc.ios.app.testcases.AndroidCriteoAndAmazonBidTest.Verify_Criteo_SDK_inapp_v2_Call_displayUrl_parameter_with_HealthallergyArticles_gampad_call(AndroidCriteoAndAmazonBidTest.java:1631)
	at sun.reflect.NativeMethodAccessorImpl.invoke0(Native Method)
	at sun.reflect.NativeMethodAccessorImpl.invoke(NativeMethodAccessorImpl.java:62)
	at sun.reflect.DelegatingMethodAccessorImpl.invoke(DelegatingMethodAccessorImpl.java:43)
	at java.lang.reflect.Method.invoke(Method.java:498)
	at org.testng.internal.MethodInvocationHelper.invokeMethod(MethodInvocationHelper.java:86)
	at org.testng.internal.Invoker.invokeMethod(Invoker.java:643)
	at org.testng.internal.Invoker.invokeTestMethod(Invoker.java:820)
	at org.testng.internal.Invoker.invokeTestMethods(Invoker.java:1128)
	at org.testng.internal.TestMethodWorker.invokeTestMethods(TestMethodWorker.java:129)
	at org.testng.internal.TestMethodWorker.run(TestMethodWorker.java:112)
	at org.testng.TestRunner.privateRun(TestRunner.java:782)
	at org.testng.TestRunner.run(TestRunner.java:632)
	at org.testng.SuiteRunner.runTest(SuiteRunner.java:366)
	at org.testng.SuiteRunner.runSequentially(SuiteRunner.java:361)
	at org.testng.SuiteRunner.privateRun(SuiteRunner.java:319)
	at org.testng.SuiteRunner.run(SuiteRunner.java:268)
	at org.testng.SuiteRunnerWorker.runSuite(SuiteRunnerWorker.java:52)
	at org.testng.SuiteRunnerWorker.run(SuiteRunnerWorker.java:86)
	at org.testng.TestNG.runSuitesSequentially(TestNG.java:1244)
	at org.testng.TestNG.runSuitesLocally(TestNG.java:1169)
	at org.testng.TestNG.run(TestNG.java:1064)
	at org.testng.remote.AbstractRemoteTestNG.run(AbstractRemoteTestNG.java:115)
	at org.testng.remote.RemoteTestNG.initAndRun(RemoteTestNG.java:251)
	at org.testng.remote.RemoteTestNG.main(RemoteTestNG.java:77)
]]>
    </error>
  </testcase> <!-- Verify_Criteo_SDK_inapp_v2_Call_displayUrl_parameter_with_HealthallergyArticles_gampad_call -->
  <testcase name="Verify_amazon_aax_Today_details_adcall" time="0.004" classname="com.twc.ios.app.testcases.AndroidCriteoAndAmazonBidTest">
    <error type="java.io.FileNotFoundException" message="/Users/aswinikumar/Documents/local/adsqaandroid-automation-masternull (No such file or directory)">
      <![CDATA[java.io.FileNotFoundException: /Users/aswinikumar/Documents/local/adsqaandroid-automation-masternull (No such file or directory)
	at java.io.FileInputStream.open0(Native Method)
	at java.io.FileInputStream.open(FileInputStream.java:195)
	at java.io.FileInputStream.<init>(FileInputStream.java:138)
	at com.twc.ios.app.excel.ExcelData.excelread(ExcelData.java:37)
	at com.twc.ios.app.general.ReadExcelValues.excelValues(ReadExcelValues.java:11)
	at com.twc.ios.app.general.Utils.verifyAAX_SlotId(Utils.java:1248)
	at com.twc.ios.app.testcases.AndroidCriteoAndAmazonBidTest.Verify_amazon_aax_Today_details_adcall(AndroidCriteoAndAmazonBidTest.java:578)
	at sun.reflect.NativeMethodAccessorImpl.invoke0(Native Method)
	at sun.reflect.NativeMethodAccessorImpl.invoke(NativeMethodAccessorImpl.java:62)
	at sun.reflect.DelegatingMethodAccessorImpl.invoke(DelegatingMethodAccessorImpl.java:43)
	at java.lang.reflect.Method.invoke(Method.java:498)
	at org.testng.internal.MethodInvocationHelper.invokeMethod(MethodInvocationHelper.java:86)
	at org.testng.internal.Invoker.invokeMethod(Invoker.java:643)
	at org.testng.internal.Invoker.invokeTestMethod(Invoker.java:820)
	at org.testng.internal.Invoker.invokeTestMethods(Invoker.java:1128)
	at org.testng.internal.TestMethodWorker.invokeTestMethods(TestMethodWorker.java:129)
	at org.testng.internal.TestMethodWorker.run(TestMethodWorker.java:112)
	at org.testng.TestRunner.privateRun(TestRunner.java:782)
	at org.testng.TestRunner.run(TestRunner.java:632)
	at org.testng.SuiteRunner.runTest(SuiteRunner.java:366)
	at org.testng.SuiteRunner.runSequentially(SuiteRunner.java:361)
	at org.testng.SuiteRunner.privateRun(SuiteRunner.java:319)
	at org.testng.SuiteRunner.run(SuiteRunner.java:268)
	at org.testng.SuiteRunnerWorker.runSuite(SuiteRunnerWorker.java:52)
	at org.testng.SuiteRunnerWorker.run(SuiteRunnerWorker.java:86)
	at org.testng.TestNG.runSuitesSequentially(TestNG.java:1244)
	at org.testng.TestNG.runSuitesLocally(TestNG.java:1169)
	at org.testng.TestNG.run(TestNG.java:1064)
	at org.testng.remote.AbstractRemoteTestNG.run(AbstractRemoteTestNG.java:115)
	at org.testng.remote.RemoteTestNG.initAndRun(RemoteTestNG.java:251)
	at org.testng.remote.RemoteTestNG.main(RemoteTestNG.java:77)
]]>
    </error>
  </testcase> <!-- Verify_amazon_aax_Today_details_adcall -->
  <testcase name="Verify_Criteo_SDK_inapp_v2_Call_displayUrl_parameter_with_map_details_gampad_call" time="0.005" classname="com.twc.ios.app.testcases.AndroidCriteoAndAmazonBidTest">
    <error type="java.io.FileNotFoundException" message="/Users/aswinikumar/Documents/local/adsqaandroid-automation-masternull (No such file or directory)">
      <![CDATA[java.io.FileNotFoundException: /Users/aswinikumar/Documents/local/adsqaandroid-automation-masternull (No such file or directory)
	at java.io.FileInputStream.open0(Native Method)
	at java.io.FileInputStream.open(FileInputStream.java:195)
	at java.io.FileInputStream.<init>(FileInputStream.java:138)
	at com.twc.ios.app.excel.ExcelData.excelread(ExcelData.java:37)
	at com.twc.ios.app.general.ReadExcelValues.excelValues(ReadExcelValues.java:11)
	at com.twc.ios.app.general.Utils.validate_Criteo_SDK_inapp_v2_call_param_value_with_gampad_param_value(Utils.java:12986)
	at com.twc.ios.app.testcases.AndroidCriteoAndAmazonBidTest.Verify_Criteo_SDK_inapp_v2_Call_displayUrl_parameter_with_map_details_gampad_call(AndroidCriteoAndAmazonBidTest.java:1375)
	at sun.reflect.NativeMethodAccessorImpl.invoke0(Native Method)
	at sun.reflect.NativeMethodAccessorImpl.invoke(NativeMethodAccessorImpl.java:62)
	at sun.reflect.DelegatingMethodAccessorImpl.invoke(DelegatingMethodAccessorImpl.java:43)
	at java.lang.reflect.Method.invoke(Method.java:498)
	at org.testng.internal.MethodInvocationHelper.invokeMethod(MethodInvocationHelper.java:86)
	at org.testng.internal.Invoker.invokeMethod(Invoker.java:643)
	at org.testng.internal.Invoker.invokeTestMethod(Invoker.java:820)
	at org.testng.internal.Invoker.invokeTestMethods(Invoker.java:1128)
	at org.testng.internal.TestMethodWorker.invokeTestMethods(TestMethodWorker.java:129)
	at org.testng.internal.TestMethodWorker.run(TestMethodWorker.java:112)
	at org.testng.TestRunner.privateRun(TestRunner.java:782)
	at org.testng.TestRunner.run(TestRunner.java:632)
	at org.testng.SuiteRunner.runTest(SuiteRunner.java:366)
	at org.testng.SuiteRunner.runSequentially(SuiteRunner.java:361)
	at org.testng.SuiteRunner.privateRun(SuiteRunner.java:319)
	at org.testng.SuiteRunner.run(SuiteRunner.java:268)
	at org.testng.SuiteRunnerWorker.runSuite(SuiteRunnerWorker.java:52)
	at org.testng.SuiteRunnerWorker.run(SuiteRunnerWorker.java:86)
	at org.testng.TestNG.runSuitesSequentially(TestNG.java:1244)
	at org.testng.TestNG.runSuitesLocally(TestNG.java:1169)
	at org.testng.TestNG.run(TestNG.java:1064)
	at org.testng.remote.AbstractRemoteTestNG.run(AbstractRemoteTestNG.java:115)
	at org.testng.remote.RemoteTestNG.initAndRun(RemoteTestNG.java:251)
	at org.testng.remote.RemoteTestNG.main(RemoteTestNG.java:77)
]]>
    </error>
  </testcase> <!-- Verify_Criteo_SDK_inapp_v2_Call_displayUrl_parameter_with_map_details_gampad_call -->
  <testcase name="Verify_Criteo_SDK_inapp_v2_Call_cpm_parameter_with_Hourly1_Big_ad_gampad_call" time="0.003" classname="com.twc.ios.app.testcases.AndroidCriteoAndAmazonBidTest">
    <error type="java.io.FileNotFoundException" message="/Users/aswinikumar/Documents/local/adsqaandroid-automation-masternull (No such file or directory)">
      <![CDATA[java.io.FileNotFoundException: /Users/aswinikumar/Documents/local/adsqaandroid-automation-masternull (No such file or directory)
	at java.io.FileInputStream.open0(Native Method)
	at java.io.FileInputStream.open(FileInputStream.java:195)
	at java.io.FileInputStream.<init>(FileInputStream.java:138)
	at com.twc.ios.app.excel.ExcelData.excelread(ExcelData.java:37)
	at com.twc.ios.app.general.ReadExcelValues.excelValues(ReadExcelValues.java:11)
	at com.twc.ios.app.general.Utils.validate_Criteo_SDK_inapp_v2_call_param_value_with_gampad_param_value(Utils.java:12986)
	at com.twc.ios.app.testcases.AndroidCriteoAndAmazonBidTest.Verify_Criteo_SDK_inapp_v2_Call_cpm_parameter_with_Hourly1_Big_ad_gampad_call(AndroidCriteoAndAmazonBidTest.java:1677)
	at sun.reflect.NativeMethodAccessorImpl.invoke0(Native Method)
	at sun.reflect.NativeMethodAccessorImpl.invoke(NativeMethodAccessorImpl.java:62)
	at sun.reflect.DelegatingMethodAccessorImpl.invoke(DelegatingMethodAccessorImpl.java:43)
	at java.lang.reflect.Method.invoke(Method.java:498)
	at org.testng.internal.MethodInvocationHelper.invokeMethod(MethodInvocationHelper.java:86)
	at org.testng.internal.Invoker.invokeMethod(Invoker.java:643)
	at org.testng.internal.Invoker.invokeTestMethod(Invoker.java:820)
	at org.testng.internal.Invoker.invokeTestMethods(Invoker.java:1128)
	at org.testng.internal.TestMethodWorker.invokeTestMethods(TestMethodWorker.java:129)
	at org.testng.internal.TestMethodWorker.run(TestMethodWorker.java:112)
	at org.testng.TestRunner.privateRun(TestRunner.java:782)
	at org.testng.TestRunner.run(TestRunner.java:632)
	at org.testng.SuiteRunner.runTest(SuiteRunner.java:366)
	at org.testng.SuiteRunner.runSequentially(SuiteRunner.java:361)
	at org.testng.SuiteRunner.privateRun(SuiteRunner.java:319)
	at org.testng.SuiteRunner.run(SuiteRunner.java:268)
	at org.testng.SuiteRunnerWorker.runSuite(SuiteRunnerWorker.java:52)
	at org.testng.SuiteRunnerWorker.run(SuiteRunnerWorker.java:86)
	at org.testng.TestNG.runSuitesSequentially(TestNG.java:1244)
	at org.testng.TestNG.runSuitesLocally(TestNG.java:1169)
	at org.testng.TestNG.run(TestNG.java:1064)
	at org.testng.remote.AbstractRemoteTestNG.run(AbstractRemoteTestNG.java:115)
	at org.testng.remote.RemoteTestNG.initAndRun(RemoteTestNG.java:251)
	at org.testng.remote.RemoteTestNG.main(RemoteTestNG.java:77)
]]>
    </error>
  </testcase> <!-- Verify_Criteo_SDK_inapp_v2_Call_cpm_parameter_with_Hourly1_Big_ad_gampad_call -->
  <testcase name="Verify_amazon_aax_preload_Intersitials_adcall" time="0.002" classname="com.twc.ios.app.testcases.AndroidCriteoAndAmazonBidTest">
    <error type="java.io.FileNotFoundException" message="/Users/aswinikumar/Documents/local/adsqaandroid-automation-masternull (No such file or directory)">
      <![CDATA[java.io.FileNotFoundException: /Users/aswinikumar/Documents/local/adsqaandroid-automation-masternull (No such file or directory)
	at java.io.FileInputStream.open0(Native Method)
	at java.io.FileInputStream.open(FileInputStream.java:195)
	at java.io.FileInputStream.<init>(FileInputStream.java:138)
	at com.twc.ios.app.excel.ExcelData.excelread(ExcelData.java:37)
	at com.twc.ios.app.general.ReadExcelValues.excelValues(ReadExcelValues.java:11)
	at com.twc.ios.app.general.Utils.verifyAAX_SlotId(Utils.java:1151)
	at com.twc.ios.app.testcases.AndroidCriteoAndAmazonBidTest.Verify_amazon_aax_preload_Intersitials_adcall(AndroidCriteoAndAmazonBidTest.java:1931)
	at sun.reflect.NativeMethodAccessorImpl.invoke0(Native Method)
	at sun.reflect.NativeMethodAccessorImpl.invoke(NativeMethodAccessorImpl.java:62)
	at sun.reflect.DelegatingMethodAccessorImpl.invoke(DelegatingMethodAccessorImpl.java:43)
	at java.lang.reflect.Method.invoke(Method.java:498)
	at org.testng.internal.MethodInvocationHelper.invokeMethod(MethodInvocationHelper.java:86)
	at org.testng.internal.Invoker.invokeMethod(Invoker.java:643)
	at org.testng.internal.Invoker.invokeTestMethod(Invoker.java:820)
	at org.testng.internal.Invoker.invokeTestMethods(Invoker.java:1128)
	at org.testng.internal.TestMethodWorker.invokeTestMethods(TestMethodWorker.java:129)
	at org.testng.internal.TestMethodWorker.run(TestMethodWorker.java:112)
	at org.testng.TestRunner.privateRun(TestRunner.java:782)
	at org.testng.TestRunner.run(TestRunner.java:632)
	at org.testng.SuiteRunner.runTest(SuiteRunner.java:366)
	at org.testng.SuiteRunner.runSequentially(SuiteRunner.java:361)
	at org.testng.SuiteRunner.privateRun(SuiteRunner.java:319)
	at org.testng.SuiteRunner.run(SuiteRunner.java:268)
	at org.testng.SuiteRunnerWorker.runSuite(SuiteRunnerWorker.java:52)
	at org.testng.SuiteRunnerWorker.run(SuiteRunnerWorker.java:86)
	at org.testng.TestNG.runSuitesSequentially(TestNG.java:1244)
	at org.testng.TestNG.runSuitesLocally(TestNG.java:1169)
	at org.testng.TestNG.run(TestNG.java:1064)
	at org.testng.remote.AbstractRemoteTestNG.run(AbstractRemoteTestNG.java:115)
	at org.testng.remote.RemoteTestNG.initAndRun(RemoteTestNG.java:251)
	at org.testng.remote.RemoteTestNG.main(RemoteTestNG.java:77)
]]>
    </error>
  </testcase> <!-- Verify_amazon_aax_preload_Intersitials_adcall -->
  <testcase name="Verify_Criteo_SDK_inapp_v2_Call_size_parameter_with_Hourly2_Big_ad_gampad_call" time="0.002" classname="com.twc.ios.app.testcases.AndroidCriteoAndAmazonBidTest">
    <error type="java.io.FileNotFoundException" message="/Users/aswinikumar/Documents/local/adsqaandroid-automation-masternull (No such file or directory)">
      <![CDATA[java.io.FileNotFoundException: /Users/aswinikumar/Documents/local/adsqaandroid-automation-masternull (No such file or directory)
	at java.io.FileInputStream.open0(Native Method)
	at java.io.FileInputStream.open(FileInputStream.java:195)
	at java.io.FileInputStream.<init>(FileInputStream.java:138)
	at com.twc.ios.app.excel.ExcelData.excelread(ExcelData.java:37)
	at com.twc.ios.app.general.ReadExcelValues.excelValues(ReadExcelValues.java:11)
	at com.twc.ios.app.general.Utils.validate_Criteo_SDK_inapp_v2_call_param_value_with_gampad_param_value(Utils.java:12986)
	at com.twc.ios.app.testcases.AndroidCriteoAndAmazonBidTest.Verify_Criteo_SDK_inapp_v2_Call_size_parameter_with_Hourly2_Big_ad_gampad_call(AndroidCriteoAndAmazonBidTest.java:1730)
	at sun.reflect.NativeMethodAccessorImpl.invoke0(Native Method)
	at sun.reflect.NativeMethodAccessorImpl.invoke(NativeMethodAccessorImpl.java:62)
	at sun.reflect.DelegatingMethodAccessorImpl.invoke(DelegatingMethodAccessorImpl.java:43)
	at java.lang.reflect.Method.invoke(Method.java:498)
	at org.testng.internal.MethodInvocationHelper.invokeMethod(MethodInvocationHelper.java:86)
	at org.testng.internal.Invoker.invokeMethod(Invoker.java:643)
	at org.testng.internal.Invoker.invokeTestMethod(Invoker.java:820)
	at org.testng.internal.Invoker.invokeTestMethods(Invoker.java:1128)
	at org.testng.internal.TestMethodWorker.invokeTestMethods(TestMethodWorker.java:129)
	at org.testng.internal.TestMethodWorker.run(TestMethodWorker.java:112)
	at org.testng.TestRunner.privateRun(TestRunner.java:782)
	at org.testng.TestRunner.run(TestRunner.java:632)
	at org.testng.SuiteRunner.runTest(SuiteRunner.java:366)
	at org.testng.SuiteRunner.runSequentially(SuiteRunner.java:361)
	at org.testng.SuiteRunner.privateRun(SuiteRunner.java:319)
	at org.testng.SuiteRunner.run(SuiteRunner.java:268)
	at org.testng.SuiteRunnerWorker.runSuite(SuiteRunnerWorker.java:52)
	at org.testng.SuiteRunnerWorker.run(SuiteRunnerWorker.java:86)
	at org.testng.TestNG.runSuitesSequentially(TestNG.java:1244)
	at org.testng.TestNG.runSuitesLocally(TestNG.java:1169)
	at org.testng.TestNG.run(TestNG.java:1064)
	at org.testng.remote.AbstractRemoteTestNG.run(AbstractRemoteTestNG.java:115)
	at org.testng.remote.RemoteTestNG.initAndRun(RemoteTestNG.java:251)
	at org.testng.remote.RemoteTestNG.main(RemoteTestNG.java:77)
]]>
    </error>
  </testcase> <!-- Verify_Criteo_SDK_inapp_v2_Call_size_parameter_with_Hourly2_Big_ad_gampad_call -->
  <testcase name="Verify_Criteo_SDK_inapp_v2_Call_cpm_parameter_with_AlertCenter_gampad_call" time="0.006" classname="com.twc.ios.app.testcases.AndroidCriteoAndAmazonBidTest">
    <error type="java.io.FileNotFoundException" message="/Users/aswinikumar/Documents/local/adsqaandroid-automation-masternull (No such file or directory)">
      <![CDATA[java.io.FileNotFoundException: /Users/aswinikumar/Documents/local/adsqaandroid-automation-masternull (No such file or directory)
	at java.io.FileInputStream.open0(Native Method)
	at java.io.FileInputStream.open(FileInputStream.java:195)
	at java.io.FileInputStream.<init>(FileInputStream.java:138)
	at com.twc.ios.app.excel.ExcelData.excelread(ExcelData.java:37)
	at com.twc.ios.app.general.ReadExcelValues.excelValues(ReadExcelValues.java:11)
	at com.twc.ios.app.general.Utils.validate_Criteo_SDK_inapp_v2_call_param_value_with_gampad_param_value(Utils.java:12986)
	at com.twc.ios.app.testcases.AndroidCriteoAndAmazonBidTest.Verify_Criteo_SDK_inapp_v2_Call_cpm_parameter_with_AlertCenter_gampad_call(AndroidCriteoAndAmazonBidTest.java:1427)
	at sun.reflect.NativeMethodAccessorImpl.invoke0(Native Method)
	at sun.reflect.NativeMethodAccessorImpl.invoke(NativeMethodAccessorImpl.java:62)
	at sun.reflect.DelegatingMethodAccessorImpl.invoke(DelegatingMethodAccessorImpl.java:43)
	at java.lang.reflect.Method.invoke(Method.java:498)
	at org.testng.internal.MethodInvocationHelper.invokeMethod(MethodInvocationHelper.java:86)
	at org.testng.internal.Invoker.invokeMethod(Invoker.java:643)
	at org.testng.internal.Invoker.invokeTestMethod(Invoker.java:820)
	at org.testng.internal.Invoker.invokeTestMethods(Invoker.java:1128)
	at org.testng.internal.TestMethodWorker.invokeTestMethods(TestMethodWorker.java:129)
	at org.testng.internal.TestMethodWorker.run(TestMethodWorker.java:112)
	at org.testng.TestRunner.privateRun(TestRunner.java:782)
	at org.testng.TestRunner.run(TestRunner.java:632)
	at org.testng.SuiteRunner.runTest(SuiteRunner.java:366)
	at org.testng.SuiteRunner.runSequentially(SuiteRunner.java:361)
	at org.testng.SuiteRunner.privateRun(SuiteRunner.java:319)
	at org.testng.SuiteRunner.run(SuiteRunner.java:268)
	at org.testng.SuiteRunnerWorker.runSuite(SuiteRunnerWorker.java:52)
	at org.testng.SuiteRunnerWorker.run(SuiteRunnerWorker.java:86)
	at org.testng.TestNG.runSuitesSequentially(TestNG.java:1244)
	at org.testng.TestNG.runSuitesLocally(TestNG.java:1169)
	at org.testng.TestNG.run(TestNG.java:1064)
	at org.testng.remote.AbstractRemoteTestNG.run(AbstractRemoteTestNG.java:115)
	at org.testng.remote.RemoteTestNG.initAndRun(RemoteTestNG.java:251)
	at org.testng.remote.RemoteTestNG.main(RemoteTestNG.java:77)
]]>
    </error>
  </testcase> <!-- Verify_Criteo_SDK_inapp_v2_Call_cpm_parameter_with_AlertCenter_gampad_call -->
  <testcase name="Verify_Daily_Details_ad_call_amazon_bid_id" time="0.003" classname="com.twc.ios.app.testcases.AndroidCriteoAndAmazonBidTest">
    <error type="java.io.FileNotFoundException" message="/Users/aswinikumar/Documents/local/adsqaandroid-automation-masternull (No such file or directory)">
      <![CDATA[java.io.FileNotFoundException: /Users/aswinikumar/Documents/local/adsqaandroid-automation-masternull (No such file or directory)
	at java.io.FileInputStream.open0(Native Method)
	at java.io.FileInputStream.open(FileInputStream.java:195)
	at java.io.FileInputStream.<init>(FileInputStream.java:138)
	at com.twc.ios.app.excel.ExcelData.excelread(ExcelData.java:37)
	at com.twc.ios.app.general.ReadExcelValues.excelValues(ReadExcelValues.java:11)
	at com.twc.ios.app.general.Utils.validate_aax_bid_value_with_gampad_bid_value(Utils.java:5098)
	at com.twc.ios.app.testcases.AndroidCriteoAndAmazonBidTest.Verify_Daily_Details_ad_call_amazon_bid_id(AndroidCriteoAndAmazonBidTest.java:555)
	at sun.reflect.NativeMethodAccessorImpl.invoke0(Native Method)
	at sun.reflect.NativeMethodAccessorImpl.invoke(NativeMethodAccessorImpl.java:62)
	at sun.reflect.DelegatingMethodAccessorImpl.invoke(DelegatingMethodAccessorImpl.java:43)
	at java.lang.reflect.Method.invoke(Method.java:498)
	at org.testng.internal.MethodInvocationHelper.invokeMethod(MethodInvocationHelper.java:86)
	at org.testng.internal.Invoker.invokeMethod(Invoker.java:643)
	at org.testng.internal.Invoker.invokeTestMethod(Invoker.java:820)
	at org.testng.internal.Invoker.invokeTestMethods(Invoker.java:1128)
	at org.testng.internal.TestMethodWorker.invokeTestMethods(TestMethodWorker.java:129)
	at org.testng.internal.TestMethodWorker.run(TestMethodWorker.java:112)
	at org.testng.TestRunner.privateRun(TestRunner.java:782)
	at org.testng.TestRunner.run(TestRunner.java:632)
	at org.testng.SuiteRunner.runTest(SuiteRunner.java:366)
	at org.testng.SuiteRunner.runSequentially(SuiteRunner.java:361)
	at org.testng.SuiteRunner.privateRun(SuiteRunner.java:319)
	at org.testng.SuiteRunner.run(SuiteRunner.java:268)
	at org.testng.SuiteRunnerWorker.runSuite(SuiteRunnerWorker.java:52)
	at org.testng.SuiteRunnerWorker.run(SuiteRunnerWorker.java:86)
	at org.testng.TestNG.runSuitesSequentially(TestNG.java:1244)
	at org.testng.TestNG.runSuitesLocally(TestNG.java:1169)
	at org.testng.TestNG.run(TestNG.java:1064)
	at org.testng.remote.AbstractRemoteTestNG.run(AbstractRemoteTestNG.java:115)
	at org.testng.remote.RemoteTestNG.initAndRun(RemoteTestNG.java:251)
	at org.testng.remote.RemoteTestNG.main(RemoteTestNG.java:77)
]]>
    </error>
  </testcase> <!-- Verify_Daily_Details_ad_call_amazon_bid_id -->
  <testcase name="Verify_Hourly2_Big_adcall_amazon_bid_id" time="0.003" classname="com.twc.ios.app.testcases.AndroidCriteoAndAmazonBidTest">
    <error type="java.io.FileNotFoundException" message="/Users/aswinikumar/Documents/local/adsqaandroid-automation-masternull (No such file or directory)">
      <![CDATA[java.io.FileNotFoundException: /Users/aswinikumar/Documents/local/adsqaandroid-automation-masternull (No such file or directory)
	at java.io.FileInputStream.open0(Native Method)
	at java.io.FileInputStream.open(FileInputStream.java:195)
	at java.io.FileInputStream.<init>(FileInputStream.java:138)
	at com.twc.ios.app.excel.ExcelData.excelread(ExcelData.java:37)
	at com.twc.ios.app.general.ReadExcelValues.excelValues(ReadExcelValues.java:11)
	at com.twc.ios.app.general.Utils.validate_aax_bid_value_with_gampad_bid_value(Utils.java:4180)
	at com.twc.ios.app.testcases.AndroidCriteoAndAmazonBidTest.Verify_Hourly2_Big_adcall_amazon_bid_id(AndroidCriteoAndAmazonBidTest.java:1818)
	at sun.reflect.NativeMethodAccessorImpl.invoke0(Native Method)
	at sun.reflect.NativeMethodAccessorImpl.invoke(NativeMethodAccessorImpl.java:62)
	at sun.reflect.DelegatingMethodAccessorImpl.invoke(DelegatingMethodAccessorImpl.java:43)
	at java.lang.reflect.Method.invoke(Method.java:498)
	at org.testng.internal.MethodInvocationHelper.invokeMethod(MethodInvocationHelper.java:86)
	at org.testng.internal.Invoker.invokeMethod(Invoker.java:643)
	at org.testng.internal.Invoker.invokeTestMethod(Invoker.java:820)
	at org.testng.internal.Invoker.invokeTestMethods(Invoker.java:1128)
	at org.testng.internal.TestMethodWorker.invokeTestMethods(TestMethodWorker.java:129)
	at org.testng.internal.TestMethodWorker.run(TestMethodWorker.java:112)
	at org.testng.TestRunner.privateRun(TestRunner.java:782)
	at org.testng.TestRunner.run(TestRunner.java:632)
	at org.testng.SuiteRunner.runTest(SuiteRunner.java:366)
	at org.testng.SuiteRunner.runSequentially(SuiteRunner.java:361)
	at org.testng.SuiteRunner.privateRun(SuiteRunner.java:319)
	at org.testng.SuiteRunner.run(SuiteRunner.java:268)
	at org.testng.SuiteRunnerWorker.runSuite(SuiteRunnerWorker.java:52)
	at org.testng.SuiteRunnerWorker.run(SuiteRunnerWorker.java:86)
	at org.testng.TestNG.runSuitesSequentially(TestNG.java:1244)
	at org.testng.TestNG.runSuitesLocally(TestNG.java:1169)
	at org.testng.TestNG.run(TestNG.java:1064)
	at org.testng.remote.AbstractRemoteTestNG.run(AbstractRemoteTestNG.java:115)
	at org.testng.remote.RemoteTestNG.initAndRun(RemoteTestNG.java:251)
	at org.testng.remote.RemoteTestNG.main(RemoteTestNG.java:77)
]]>
    </error>
  </testcase> <!-- Verify_Hourly2_Big_adcall_amazon_bid_id -->
  <testcase name="Verify_Criteo_SDK_inapp_v2_Call_cpm_parameter_with_Feed1_gampad_call" time="0.002" classname="com.twc.ios.app.testcases.AndroidCriteoAndAmazonBidTest">
    <error type="java.io.FileNotFoundException" message="/Users/aswinikumar/Documents/local/adsqaandroid-automation-masternull (No such file or directory)">
      <![CDATA[java.io.FileNotFoundException: /Users/aswinikumar/Documents/local/adsqaandroid-automation-masternull (No such file or directory)
	at java.io.FileInputStream.open0(Native Method)
	at java.io.FileInputStream.open(FileInputStream.java:195)
	at java.io.FileInputStream.<init>(FileInputStream.java:138)
	at com.twc.ios.app.excel.ExcelData.excelread(ExcelData.java:37)
	at com.twc.ios.app.general.ReadExcelValues.excelValues(ReadExcelValues.java:11)
	at com.twc.ios.app.general.Utils.validate_Criteo_SDK_inapp_v2_call_param_value_with_gampad_param_value(Utils.java:12986)
	at com.twc.ios.app.testcases.AndroidCriteoAndAmazonBidTest.Verify_Criteo_SDK_inapp_v2_Call_cpm_parameter_with_Feed1_gampad_call(AndroidCriteoAndAmazonBidTest.java:1000)
	at sun.reflect.NativeMethodAccessorImpl.invoke0(Native Method)
	at sun.reflect.NativeMethodAccessorImpl.invoke(NativeMethodAccessorImpl.java:62)
	at sun.reflect.DelegatingMethodAccessorImpl.invoke(DelegatingMethodAccessorImpl.java:43)
	at java.lang.reflect.Method.invoke(Method.java:498)
	at org.testng.internal.MethodInvocationHelper.invokeMethod(MethodInvocationHelper.java:86)
	at org.testng.internal.Invoker.invokeMethod(Invoker.java:643)
	at org.testng.internal.Invoker.invokeTestMethod(Invoker.java:820)
	at org.testng.internal.Invoker.invokeTestMethods(Invoker.java:1128)
	at org.testng.internal.TestMethodWorker.invokeTestMethods(TestMethodWorker.java:129)
	at org.testng.internal.TestMethodWorker.run(TestMethodWorker.java:112)
	at org.testng.TestRunner.privateRun(TestRunner.java:782)
	at org.testng.TestRunner.run(TestRunner.java:632)
	at org.testng.SuiteRunner.runTest(SuiteRunner.java:366)
	at org.testng.SuiteRunner.runSequentially(SuiteRunner.java:361)
	at org.testng.SuiteRunner.privateRun(SuiteRunner.java:319)
	at org.testng.SuiteRunner.run(SuiteRunner.java:268)
	at org.testng.SuiteRunnerWorker.runSuite(SuiteRunnerWorker.java:52)
	at org.testng.SuiteRunnerWorker.run(SuiteRunnerWorker.java:86)
	at org.testng.TestNG.runSuitesSequentially(TestNG.java:1244)
	at org.testng.TestNG.runSuitesLocally(TestNG.java:1169)
	at org.testng.TestNG.run(TestNG.java:1064)
	at org.testng.remote.AbstractRemoteTestNG.run(AbstractRemoteTestNG.java:115)
	at org.testng.remote.RemoteTestNG.initAndRun(RemoteTestNG.java:251)
	at org.testng.remote.RemoteTestNG.main(RemoteTestNG.java:77)
]]>
    </error>
  </testcase> <!-- Verify_Criteo_SDK_inapp_v2_Call_cpm_parameter_with_Feed1_gampad_call -->
  <testcase name="Verify_Criteo_SDK_inapp_v2_Call_cpm_parameter_with_Hourly3_Big_ad_gampad_call" time="0.003" classname="com.twc.ios.app.testcases.AndroidCriteoAndAmazonBidTest">
    <error type="java.io.FileNotFoundException" message="/Users/aswinikumar/Documents/local/adsqaandroid-automation-masternull (No such file or directory)">
      <![CDATA[java.io.FileNotFoundException: /Users/aswinikumar/Documents/local/adsqaandroid-automation-masternull (No such file or directory)
	at java.io.FileInputStream.open0(Native Method)
	at java.io.FileInputStream.open(FileInputStream.java:195)
	at java.io.FileInputStream.<init>(FileInputStream.java:138)
	at com.twc.ios.app.excel.ExcelData.excelread(ExcelData.java:37)
	at com.twc.ios.app.general.ReadExcelValues.excelValues(ReadExcelValues.java:11)
	at com.twc.ios.app.general.Utils.validate_Criteo_SDK_inapp_v2_call_param_value_with_gampad_param_value(Utils.java:12986)
	at com.twc.ios.app.testcases.AndroidCriteoAndAmazonBidTest.Verify_Criteo_SDK_inapp_v2_Call_cpm_parameter_with_Hourly3_Big_ad_gampad_call(AndroidCriteoAndAmazonBidTest.java:1757)
	at sun.reflect.NativeMethodAccessorImpl.invoke0(Native Method)
	at sun.reflect.NativeMethodAccessorImpl.invoke(NativeMethodAccessorImpl.java:62)
	at sun.reflect.DelegatingMethodAccessorImpl.invoke(DelegatingMethodAccessorImpl.java:43)
	at java.lang.reflect.Method.invoke(Method.java:498)
	at org.testng.internal.MethodInvocationHelper.invokeMethod(MethodInvocationHelper.java:86)
	at org.testng.internal.Invoker.invokeMethod(Invoker.java:643)
	at org.testng.internal.Invoker.invokeTestMethod(Invoker.java:820)
	at org.testng.internal.Invoker.invokeTestMethods(Invoker.java:1128)
	at org.testng.internal.TestMethodWorker.invokeTestMethods(TestMethodWorker.java:129)
	at org.testng.internal.TestMethodWorker.run(TestMethodWorker.java:112)
	at org.testng.TestRunner.privateRun(TestRunner.java:782)
	at org.testng.TestRunner.run(TestRunner.java:632)
	at org.testng.SuiteRunner.runTest(SuiteRunner.java:366)
	at org.testng.SuiteRunner.runSequentially(SuiteRunner.java:361)
	at org.testng.SuiteRunner.privateRun(SuiteRunner.java:319)
	at org.testng.SuiteRunner.run(SuiteRunner.java:268)
	at org.testng.SuiteRunnerWorker.runSuite(SuiteRunnerWorker.java:52)
	at org.testng.SuiteRunnerWorker.run(SuiteRunnerWorker.java:86)
	at org.testng.TestNG.runSuitesSequentially(TestNG.java:1244)
	at org.testng.TestNG.runSuitesLocally(TestNG.java:1169)
	at org.testng.TestNG.run(TestNG.java:1064)
	at org.testng.remote.AbstractRemoteTestNG.run(AbstractRemoteTestNG.java:115)
	at org.testng.remote.RemoteTestNG.initAndRun(RemoteTestNG.java:251)
	at org.testng.remote.RemoteTestNG.main(RemoteTestNG.java:77)
]]>
    </error>
  </testcase> <!-- Verify_Criteo_SDK_inapp_v2_Call_cpm_parameter_with_Hourly3_Big_ad_gampad_call -->
  <testcase name="Validate_Criteo_SDK_config_app_Call_bundleId_parameter" time="0.003" classname="com.twc.ios.app.testcases.AndroidCriteoAndAmazonBidTest">
    <error type="java.io.FileNotFoundException" message="/Users/aswinikumar/Documents/local/adsqaandroid-automation-masternull (No such file or directory)">
      <![CDATA[java.io.FileNotFoundException: /Users/aswinikumar/Documents/local/adsqaandroid-automation-masternull (No such file or directory)
	at java.io.FileInputStream.open0(Native Method)
	at java.io.FileInputStream.open(FileInputStream.java:195)
	at java.io.FileInputStream.<init>(FileInputStream.java:138)
	at com.twc.ios.app.excel.ExcelData.excelread(ExcelData.java:37)
	at com.twc.ios.app.general.ReadExcelValues.excelValues(ReadExcelValues.java:11)
	at com.twc.ios.app.general.Utils.validate_Criteo_SDK_config_app_call_parameter(Utils.java:12444)
	at com.twc.ios.app.testcases.AndroidCriteoAndAmazonBidTest.Validate_Criteo_SDK_config_app_Call_bundleId_parameter(AndroidCriteoAndAmazonBidTest.java:824)
	at sun.reflect.NativeMethodAccessorImpl.invoke0(Native Method)
	at sun.reflect.NativeMethodAccessorImpl.invoke(NativeMethodAccessorImpl.java:62)
	at sun.reflect.DelegatingMethodAccessorImpl.invoke(DelegatingMethodAccessorImpl.java:43)
	at java.lang.reflect.Method.invoke(Method.java:498)
	at org.testng.internal.MethodInvocationHelper.invokeMethod(MethodInvocationHelper.java:86)
	at org.testng.internal.Invoker.invokeMethod(Invoker.java:643)
	at org.testng.internal.Invoker.invokeTestMethod(Invoker.java:820)
	at org.testng.internal.Invoker.invokeTestMethods(Invoker.java:1128)
	at org.testng.internal.TestMethodWorker.invokeTestMethods(TestMethodWorker.java:129)
	at org.testng.internal.TestMethodWorker.run(TestMethodWorker.java:112)
	at org.testng.TestRunner.privateRun(TestRunner.java:782)
	at org.testng.TestRunner.run(TestRunner.java:632)
	at org.testng.SuiteRunner.runTest(SuiteRunner.java:366)
	at org.testng.SuiteRunner.runSequentially(SuiteRunner.java:361)
	at org.testng.SuiteRunner.privateRun(SuiteRunner.java:319)
	at org.testng.SuiteRunner.run(SuiteRunner.java:268)
	at org.testng.SuiteRunnerWorker.runSuite(SuiteRunnerWorker.java:52)
	at org.testng.SuiteRunnerWorker.run(SuiteRunnerWorker.java:86)
	at org.testng.TestNG.runSuitesSequentially(TestNG.java:1244)
	at org.testng.TestNG.runSuitesLocally(TestNG.java:1169)
	at org.testng.TestNG.run(TestNG.java:1064)
	at org.testng.remote.AbstractRemoteTestNG.run(AbstractRemoteTestNG.java:115)
	at org.testng.remote.RemoteTestNG.initAndRun(RemoteTestNG.java:251)
	at org.testng.remote.RemoteTestNG.main(RemoteTestNG.java:77)
]]>
    </error>
  </testcase> <!-- Validate_Criteo_SDK_config_app_Call_bundleId_parameter -->
  <testcase name="Verify_Criteo_SDK_inapp_v2_Call_size_parameter_with_homescreen_adhesive_gampad_call" time="0.003" classname="com.twc.ios.app.testcases.AndroidCriteoAndAmazonBidTest">
    <error type="java.io.FileNotFoundException" message="/Users/aswinikumar/Documents/local/adsqaandroid-automation-masternull (No such file or directory)">
      <![CDATA[java.io.FileNotFoundException: /Users/aswinikumar/Documents/local/adsqaandroid-automation-masternull (No such file or directory)
	at java.io.FileInputStream.open0(Native Method)
	at java.io.FileInputStream.open(FileInputStream.java:195)
	at java.io.FileInputStream.<init>(FileInputStream.java:138)
	at com.twc.ios.app.excel.ExcelData.excelread(ExcelData.java:37)
	at com.twc.ios.app.general.ReadExcelValues.excelValues(ReadExcelValues.java:11)
	at com.twc.ios.app.general.Utils.validate_Criteo_SDK_inapp_v2_call_param_value_with_gampad_param_value(Utils.java:12986)
	at com.twc.ios.app.testcases.AndroidCriteoAndAmazonBidTest.Verify_Criteo_SDK_inapp_v2_Call_size_parameter_with_homescreen_adhesive_gampad_call(AndroidCriteoAndAmazonBidTest.java:970)
	at sun.reflect.NativeMethodAccessorImpl.invoke0(Native Method)
	at sun.reflect.NativeMethodAccessorImpl.invoke(NativeMethodAccessorImpl.java:62)
	at sun.reflect.DelegatingMethodAccessorImpl.invoke(DelegatingMethodAccessorImpl.java:43)
	at java.lang.reflect.Method.invoke(Method.java:498)
	at org.testng.internal.MethodInvocationHelper.invokeMethod(MethodInvocationHelper.java:86)
	at org.testng.internal.Invoker.invokeMethod(Invoker.java:643)
	at org.testng.internal.Invoker.invokeTestMethod(Invoker.java:820)
	at org.testng.internal.Invoker.invokeTestMethods(Invoker.java:1128)
	at org.testng.internal.TestMethodWorker.invokeTestMethods(TestMethodWorker.java:129)
	at org.testng.internal.TestMethodWorker.run(TestMethodWorker.java:112)
	at org.testng.TestRunner.privateRun(TestRunner.java:782)
	at org.testng.TestRunner.run(TestRunner.java:632)
	at org.testng.SuiteRunner.runTest(SuiteRunner.java:366)
	at org.testng.SuiteRunner.runSequentially(SuiteRunner.java:361)
	at org.testng.SuiteRunner.privateRun(SuiteRunner.java:319)
	at org.testng.SuiteRunner.run(SuiteRunner.java:268)
	at org.testng.SuiteRunnerWorker.runSuite(SuiteRunnerWorker.java:52)
	at org.testng.SuiteRunnerWorker.run(SuiteRunnerWorker.java:86)
	at org.testng.TestNG.runSuitesSequentially(TestNG.java:1244)
	at org.testng.TestNG.runSuitesLocally(TestNG.java:1169)
	at org.testng.TestNG.run(TestNG.java:1064)
	at org.testng.remote.AbstractRemoteTestNG.run(AbstractRemoteTestNG.java:115)
	at org.testng.remote.RemoteTestNG.initAndRun(RemoteTestNG.java:251)
	at org.testng.remote.RemoteTestNG.main(RemoteTestNG.java:77)
]]>
    </error>
  </testcase> <!-- Verify_Criteo_SDK_inapp_v2_Call_size_parameter_with_homescreen_adhesive_gampad_call -->
  <testcase name="Verify_amazon_aax_preload_Hourly2_bigad_adcall" time="0.007" classname="com.twc.ios.app.testcases.AndroidCriteoAndAmazonBidTest">
    <error type="java.io.FileNotFoundException" message="/Users/aswinikumar/Documents/local/adsqaandroid-automation-masternull (No such file or directory)">
      <![CDATA[java.io.FileNotFoundException: /Users/aswinikumar/Documents/local/adsqaandroid-automation-masternull (No such file or directory)
	at java.io.FileInputStream.open0(Native Method)
	at java.io.FileInputStream.open(FileInputStream.java:195)
	at java.io.FileInputStream.<init>(FileInputStream.java:138)
	at com.twc.ios.app.excel.ExcelData.excelread(ExcelData.java:37)
	at com.twc.ios.app.general.ReadExcelValues.excelValues(ReadExcelValues.java:11)
	at com.twc.ios.app.general.Utils.verifyAAX_SlotId(Utils.java:1151)
	at com.twc.ios.app.testcases.AndroidCriteoAndAmazonBidTest.Verify_amazon_aax_preload_Hourly2_bigad_adcall(AndroidCriteoAndAmazonBidTest.java:290)
	at sun.reflect.NativeMethodAccessorImpl.invoke0(Native Method)
	at sun.reflect.NativeMethodAccessorImpl.invoke(NativeMethodAccessorImpl.java:62)
	at sun.reflect.DelegatingMethodAccessorImpl.invoke(DelegatingMethodAccessorImpl.java:43)
	at java.lang.reflect.Method.invoke(Method.java:498)
	at org.testng.internal.MethodInvocationHelper.invokeMethod(MethodInvocationHelper.java:86)
	at org.testng.internal.Invoker.invokeMethod(Invoker.java:643)
	at org.testng.internal.Invoker.invokeTestMethod(Invoker.java:820)
	at org.testng.internal.Invoker.invokeTestMethods(Invoker.java:1128)
	at org.testng.internal.TestMethodWorker.invokeTestMethods(TestMethodWorker.java:129)
	at org.testng.internal.TestMethodWorker.run(TestMethodWorker.java:112)
	at org.testng.TestRunner.privateRun(TestRunner.java:782)
	at org.testng.TestRunner.run(TestRunner.java:632)
	at org.testng.SuiteRunner.runTest(SuiteRunner.java:366)
	at org.testng.SuiteRunner.runSequentially(SuiteRunner.java:361)
	at org.testng.SuiteRunner.privateRun(SuiteRunner.java:319)
	at org.testng.SuiteRunner.run(SuiteRunner.java:268)
	at org.testng.SuiteRunnerWorker.runSuite(SuiteRunnerWorker.java:52)
	at org.testng.SuiteRunnerWorker.run(SuiteRunnerWorker.java:86)
	at org.testng.TestNG.runSuitesSequentially(TestNG.java:1244)
	at org.testng.TestNG.runSuitesLocally(TestNG.java:1169)
	at org.testng.TestNG.run(TestNG.java:1064)
	at org.testng.remote.AbstractRemoteTestNG.run(AbstractRemoteTestNG.java:115)
	at org.testng.remote.RemoteTestNG.initAndRun(RemoteTestNG.java:251)
	at org.testng.remote.RemoteTestNG.main(RemoteTestNG.java:77)
]]>
    </error>
  </testcase> <!-- Verify_amazon_aax_preload_Hourly2_bigad_adcall -->
  <testcase name="Verify_Map_Details_ad_call_amazon_bid_id" time="0.004" classname="com.twc.ios.app.testcases.AndroidCriteoAndAmazonBidTest">
    <error type="java.io.FileNotFoundException" message="/Users/aswinikumar/Documents/local/adsqaandroid-automation-masternull (No such file or directory)">
      <![CDATA[java.io.FileNotFoundException: /Users/aswinikumar/Documents/local/adsqaandroid-automation-masternull (No such file or directory)
	at java.io.FileInputStream.open0(Native Method)
	at java.io.FileInputStream.open(FileInputStream.java:195)
	at java.io.FileInputStream.<init>(FileInputStream.java:138)
	at com.twc.ios.app.excel.ExcelData.excelread(ExcelData.java:37)
	at com.twc.ios.app.general.ReadExcelValues.excelValues(ReadExcelValues.java:11)
	at com.twc.ios.app.general.Utils.validate_aax_bid_value_with_gampad_bid_value(Utils.java:5098)
	at com.twc.ios.app.testcases.AndroidCriteoAndAmazonBidTest.Verify_Map_Details_ad_call_amazon_bid_id(AndroidCriteoAndAmazonBidTest.java:566)
	at sun.reflect.NativeMethodAccessorImpl.invoke0(Native Method)
	at sun.reflect.NativeMethodAccessorImpl.invoke(NativeMethodAccessorImpl.java:62)
	at sun.reflect.DelegatingMethodAccessorImpl.invoke(DelegatingMethodAccessorImpl.java:43)
	at java.lang.reflect.Method.invoke(Method.java:498)
	at org.testng.internal.MethodInvocationHelper.invokeMethod(MethodInvocationHelper.java:86)
	at org.testng.internal.Invoker.invokeMethod(Invoker.java:643)
	at org.testng.internal.Invoker.invokeTestMethod(Invoker.java:820)
	at org.testng.internal.Invoker.invokeTestMethods(Invoker.java:1128)
	at org.testng.internal.TestMethodWorker.invokeTestMethods(TestMethodWorker.java:129)
	at org.testng.internal.TestMethodWorker.run(TestMethodWorker.java:112)
	at org.testng.TestRunner.privateRun(TestRunner.java:782)
	at org.testng.TestRunner.run(TestRunner.java:632)
	at org.testng.SuiteRunner.runTest(SuiteRunner.java:366)
	at org.testng.SuiteRunner.runSequentially(SuiteRunner.java:361)
	at org.testng.SuiteRunner.privateRun(SuiteRunner.java:319)
	at org.testng.SuiteRunner.run(SuiteRunner.java:268)
	at org.testng.SuiteRunnerWorker.runSuite(SuiteRunnerWorker.java:52)
	at org.testng.SuiteRunnerWorker.run(SuiteRunnerWorker.java:86)
	at org.testng.TestNG.runSuitesSequentially(TestNG.java:1244)
	at org.testng.TestNG.runSuitesLocally(TestNG.java:1169)
	at org.testng.TestNG.run(TestNG.java:1064)
	at org.testng.remote.AbstractRemoteTestNG.run(AbstractRemoteTestNG.java:115)
	at org.testng.remote.RemoteTestNG.initAndRun(RemoteTestNG.java:251)
	at org.testng.remote.RemoteTestNG.main(RemoteTestNG.java:77)
]]>
    </error>
  </testcase> <!-- Verify_Map_Details_ad_call_amazon_bid_id -->
  <testcase name="Verify_Criteo_SDK_inapp_v2_Call" time="0.004" classname="com.twc.ios.app.testcases.AndroidCriteoAndAmazonBidTest">
    <error type="java.io.FileNotFoundException" message="/Users/aswinikumar/Documents/local/adsqaandroid-automation-masternull (No such file or directory)">
      <![CDATA[java.io.FileNotFoundException: /Users/aswinikumar/Documents/local/adsqaandroid-automation-masternull (No such file or directory)
	at java.io.FileInputStream.open0(Native Method)
	at java.io.FileInputStream.open(FileInputStream.java:195)
	at java.io.FileInputStream.<init>(FileInputStream.java:138)
	at com.twc.ios.app.excel.ExcelData.excelread(ExcelData.java:37)
	at com.twc.ios.app.general.ReadExcelValues.excelValues(ReadExcelValues.java:11)
	at com.twc.ios.app.general.Utils.verifyCriteo_inapp_v2_Call(Utils.java:12028)
	at com.twc.ios.app.testcases.AndroidCriteoAndAmazonBidTest.Verify_Criteo_SDK_inapp_v2_Call(AndroidCriteoAndAmazonBidTest.java:790)
	at sun.reflect.NativeMethodAccessorImpl.invoke0(Native Method)
	at sun.reflect.NativeMethodAccessorImpl.invoke(NativeMethodAccessorImpl.java:62)
	at sun.reflect.DelegatingMethodAccessorImpl.invoke(DelegatingMethodAccessorImpl.java:43)
	at java.lang.reflect.Method.invoke(Method.java:498)
	at org.testng.internal.MethodInvocationHelper.invokeMethod(MethodInvocationHelper.java:86)
	at org.testng.internal.Invoker.invokeMethod(Invoker.java:643)
	at org.testng.internal.Invoker.invokeTestMethod(Invoker.java:820)
	at org.testng.internal.Invoker.invokeTestMethods(Invoker.java:1128)
	at org.testng.internal.TestMethodWorker.invokeTestMethods(TestMethodWorker.java:129)
	at org.testng.internal.TestMethodWorker.run(TestMethodWorker.java:112)
	at org.testng.TestRunner.privateRun(TestRunner.java:782)
	at org.testng.TestRunner.run(TestRunner.java:632)
	at org.testng.SuiteRunner.runTest(SuiteRunner.java:366)
	at org.testng.SuiteRunner.runSequentially(SuiteRunner.java:361)
	at org.testng.SuiteRunner.privateRun(SuiteRunner.java:319)
	at org.testng.SuiteRunner.run(SuiteRunner.java:268)
	at org.testng.SuiteRunnerWorker.runSuite(SuiteRunnerWorker.java:52)
	at org.testng.SuiteRunnerWorker.run(SuiteRunnerWorker.java:86)
	at org.testng.TestNG.runSuitesSequentially(TestNG.java:1244)
	at org.testng.TestNG.runSuitesLocally(TestNG.java:1169)
	at org.testng.TestNG.run(TestNG.java:1064)
	at org.testng.remote.AbstractRemoteTestNG.run(AbstractRemoteTestNG.java:115)
	at org.testng.remote.RemoteTestNG.initAndRun(RemoteTestNG.java:251)
	at org.testng.remote.RemoteTestNG.main(RemoteTestNG.java:77)
]]>
    </error>
  </testcase> <!-- Verify_Criteo_SDK_inapp_v2_Call -->
  <testcase name="Verify_Criteo_SDK_inapp_v2_Call_size_parameter_with_Hourly1_Big_ad_gampad_call" time="0.002" classname="com.twc.ios.app.testcases.AndroidCriteoAndAmazonBidTest">
    <error type="java.io.FileNotFoundException" message="/Users/aswinikumar/Documents/local/adsqaandroid-automation-masternull (No such file or directory)">
      <![CDATA[java.io.FileNotFoundException: /Users/aswinikumar/Documents/local/adsqaandroid-automation-masternull (No such file or directory)
	at java.io.FileInputStream.open0(Native Method)
	at java.io.FileInputStream.open(FileInputStream.java:195)
	at java.io.FileInputStream.<init>(FileInputStream.java:138)
	at com.twc.ios.app.excel.ExcelData.excelread(ExcelData.java:37)
	at com.twc.ios.app.general.ReadExcelValues.excelValues(ReadExcelValues.java:11)
	at com.twc.ios.app.general.Utils.validate_Criteo_SDK_inapp_v2_call_param_value_with_gampad_param_value(Utils.java:12986)
	at com.twc.ios.app.testcases.AndroidCriteoAndAmazonBidTest.Verify_Criteo_SDK_inapp_v2_Call_size_parameter_with_Hourly1_Big_ad_gampad_call(AndroidCriteoAndAmazonBidTest.java:1690)
	at sun.reflect.NativeMethodAccessorImpl.invoke0(Native Method)
	at sun.reflect.NativeMethodAccessorImpl.invoke(NativeMethodAccessorImpl.java:62)
	at sun.reflect.DelegatingMethodAccessorImpl.invoke(DelegatingMethodAccessorImpl.java:43)
	at java.lang.reflect.Method.invoke(Method.java:498)
	at org.testng.internal.MethodInvocationHelper.invokeMethod(MethodInvocationHelper.java:86)
	at org.testng.internal.Invoker.invokeMethod(Invoker.java:643)
	at org.testng.internal.Invoker.invokeTestMethod(Invoker.java:820)
	at org.testng.internal.Invoker.invokeTestMethods(Invoker.java:1128)
	at org.testng.internal.TestMethodWorker.invokeTestMethods(TestMethodWorker.java:129)
	at org.testng.internal.TestMethodWorker.run(TestMethodWorker.java:112)
	at org.testng.TestRunner.privateRun(TestRunner.java:782)
	at org.testng.TestRunner.run(TestRunner.java:632)
	at org.testng.SuiteRunner.runTest(SuiteRunner.java:366)
	at org.testng.SuiteRunner.runSequentially(SuiteRunner.java:361)
	at org.testng.SuiteRunner.privateRun(SuiteRunner.java:319)
	at org.testng.SuiteRunner.run(SuiteRunner.java:268)
	at org.testng.SuiteRunnerWorker.runSuite(SuiteRunnerWorker.java:52)
	at org.testng.SuiteRunnerWorker.run(SuiteRunnerWorker.java:86)
	at org.testng.TestNG.runSuitesSequentially(TestNG.java:1244)
	at org.testng.TestNG.runSuitesLocally(TestNG.java:1169)
	at org.testng.TestNG.run(TestNG.java:1064)
	at org.testng.remote.AbstractRemoteTestNG.run(AbstractRemoteTestNG.java:115)
	at org.testng.remote.RemoteTestNG.initAndRun(RemoteTestNG.java:251)
	at org.testng.remote.RemoteTestNG.main(RemoteTestNG.java:77)
]]>
    </error>
  </testcase> <!-- Verify_Criteo_SDK_inapp_v2_Call_size_parameter_with_Hourly1_Big_ad_gampad_call -->
  <testcase name="Validate_Criteo_SDK_Initialization_API_Call_Response_Parameter_csmEnabled" time="0.002" classname="com.twc.ios.app.testcases.AndroidCriteoAndAmazonBidTest">
    <error type="java.io.FileNotFoundException" message="/Users/aswinikumar/Documents/local/adsqaandroid-automation-masternull (No such file or directory)">
      <![CDATA[java.io.FileNotFoundException: /Users/aswinikumar/Documents/local/adsqaandroid-automation-masternull (No such file or directory)
	at java.io.FileInputStream.open0(Native Method)
	at java.io.FileInputStream.open(FileInputStream.java:195)
	at java.io.FileInputStream.<init>(FileInputStream.java:138)
	at com.twc.ios.app.excel.ExcelData.excelread(ExcelData.java:37)
	at com.twc.ios.app.general.ReadExcelValues.excelValues(ReadExcelValues.java:11)
	at com.twc.ios.app.general.Utils.validate_Criteo_SDK_config_app_call_response_parameter(Utils.java:15042)
	at com.twc.ios.app.testcases.AndroidCriteoAndAmazonBidTest.Validate_Criteo_SDK_Initialization_API_Call_Response_Parameter_csmEnabled(AndroidCriteoAndAmazonBidTest.java:876)
	at sun.reflect.NativeMethodAccessorImpl.invoke0(Native Method)
	at sun.reflect.NativeMethodAccessorImpl.invoke(NativeMethodAccessorImpl.java:62)
	at sun.reflect.DelegatingMethodAccessorImpl.invoke(DelegatingMethodAccessorImpl.java:43)
	at java.lang.reflect.Method.invoke(Method.java:498)
	at org.testng.internal.MethodInvocationHelper.invokeMethod(MethodInvocationHelper.java:86)
	at org.testng.internal.Invoker.invokeMethod(Invoker.java:643)
	at org.testng.internal.Invoker.invokeTestMethod(Invoker.java:820)
	at org.testng.internal.Invoker.invokeTestMethods(Invoker.java:1128)
	at org.testng.internal.TestMethodWorker.invokeTestMethods(TestMethodWorker.java:129)
	at org.testng.internal.TestMethodWorker.run(TestMethodWorker.java:112)
	at org.testng.TestRunner.privateRun(TestRunner.java:782)
	at org.testng.TestRunner.run(TestRunner.java:632)
	at org.testng.SuiteRunner.runTest(SuiteRunner.java:366)
	at org.testng.SuiteRunner.runSequentially(SuiteRunner.java:361)
	at org.testng.SuiteRunner.privateRun(SuiteRunner.java:319)
	at org.testng.SuiteRunner.run(SuiteRunner.java:268)
	at org.testng.SuiteRunnerWorker.runSuite(SuiteRunnerWorker.java:52)
	at org.testng.SuiteRunnerWorker.run(SuiteRunnerWorker.java:86)
	at org.testng.TestNG.runSuitesSequentially(TestNG.java:1244)
	at org.testng.TestNG.runSuitesLocally(TestNG.java:1169)
	at org.testng.TestNG.run(TestNG.java:1064)
	at org.testng.remote.AbstractRemoteTestNG.run(AbstractRemoteTestNG.java:115)
	at org.testng.remote.RemoteTestNG.initAndRun(RemoteTestNG.java:251)
	at org.testng.remote.RemoteTestNG.main(RemoteTestNG.java:77)
]]>
    </error>
  </testcase> <!-- Validate_Criteo_SDK_Initialization_API_Call_Response_Parameter_csmEnabled -->
  <testcase name="Verify_Criteo_SDK_inapp_v2_Call_displayUrl_parameter_with_Hourly1_Big_ad_gampad_call" time="0.002" classname="com.twc.ios.app.testcases.AndroidCriteoAndAmazonBidTest">
    <error type="java.io.FileNotFoundException" message="/Users/aswinikumar/Documents/local/adsqaandroid-automation-masternull (No such file or directory)">
      <![CDATA[java.io.FileNotFoundException: /Users/aswinikumar/Documents/local/adsqaandroid-automation-masternull (No such file or directory)
	at java.io.FileInputStream.open0(Native Method)
	at java.io.FileInputStream.open(FileInputStream.java:195)
	at java.io.FileInputStream.<init>(FileInputStream.java:138)
	at com.twc.ios.app.excel.ExcelData.excelread(ExcelData.java:37)
	at com.twc.ios.app.general.ReadExcelValues.excelValues(ReadExcelValues.java:11)
	at com.twc.ios.app.general.Utils.validate_Criteo_SDK_inapp_v2_call_param_value_with_gampad_param_value(Utils.java:12986)
	at com.twc.ios.app.testcases.AndroidCriteoAndAmazonBidTest.Verify_Criteo_SDK_inapp_v2_Call_displayUrl_parameter_with_Hourly1_Big_ad_gampad_call(AndroidCriteoAndAmazonBidTest.java:1704)
	at sun.reflect.NativeMethodAccessorImpl.invoke0(Native Method)
	at sun.reflect.NativeMethodAccessorImpl.invoke(NativeMethodAccessorImpl.java:62)
	at sun.reflect.DelegatingMethodAccessorImpl.invoke(DelegatingMethodAccessorImpl.java:43)
	at java.lang.reflect.Method.invoke(Method.java:498)
	at org.testng.internal.MethodInvocationHelper.invokeMethod(MethodInvocationHelper.java:86)
	at org.testng.internal.Invoker.invokeMethod(Invoker.java:643)
	at org.testng.internal.Invoker.invokeTestMethod(Invoker.java:820)
	at org.testng.internal.Invoker.invokeTestMethods(Invoker.java:1128)
	at org.testng.internal.TestMethodWorker.invokeTestMethods(TestMethodWorker.java:129)
	at org.testng.internal.TestMethodWorker.run(TestMethodWorker.java:112)
	at org.testng.TestRunner.privateRun(TestRunner.java:782)
	at org.testng.TestRunner.run(TestRunner.java:632)
	at org.testng.SuiteRunner.runTest(SuiteRunner.java:366)
	at org.testng.SuiteRunner.runSequentially(SuiteRunner.java:361)
	at org.testng.SuiteRunner.privateRun(SuiteRunner.java:319)
	at org.testng.SuiteRunner.run(SuiteRunner.java:268)
	at org.testng.SuiteRunnerWorker.runSuite(SuiteRunnerWorker.java:52)
	at org.testng.SuiteRunnerWorker.run(SuiteRunnerWorker.java:86)
	at org.testng.TestNG.runSuitesSequentially(TestNG.java:1244)
	at org.testng.TestNG.runSuitesLocally(TestNG.java:1169)
	at org.testng.TestNG.run(TestNG.java:1064)
	at org.testng.remote.AbstractRemoteTestNG.run(AbstractRemoteTestNG.java:115)
	at org.testng.remote.RemoteTestNG.initAndRun(RemoteTestNG.java:251)
	at org.testng.remote.RemoteTestNG.main(RemoteTestNG.java:77)
]]>
    </error>
  </testcase> <!-- Verify_Criteo_SDK_inapp_v2_Call_displayUrl_parameter_with_Hourly1_Big_ad_gampad_call -->
  <testcase name="Verify_AlertCenter_ad_call_amazon_bid_id" time="0.004" classname="com.twc.ios.app.testcases.AndroidCriteoAndAmazonBidTest">
    <error type="java.io.FileNotFoundException" message="/Users/aswinikumar/Documents/local/adsqaandroid-automation-masternull (No such file or directory)">
[...]
	at org.testng.SuiteRunnerWorker.runSuite(SuiteRunnerWorker.java:52)
	at org.testng.SuiteRunnerWorker.run(SuiteRunnerWorker.java:86)
	at org.testng.TestNG.runSuitesSequentially(TestNG.java:1244)
	at org.testng.TestNG.runSuitesLocally(TestNG.java:1169)
	at org.testng.TestNG.run(TestNG.java:1064)
	at org.testng.remote.AbstractRemoteTestNG.run(AbstractRemoteTestNG.java:115)
	at org.testng.remote.RemoteTestNG.initAndRun(RemoteTestNG.java:251)
	at org.testng.remote.RemoteTestNG.main(RemoteTestNG.java:77)
]]>
    </error>
  </testcase> <!-- Validate_Criteo_SDK_Initialization_API_Call_Response_Parameter_liveBiddingEnabled -->
  <testcase name="Verify_Criteo_SDK_inapp_v2_Call_cpm_parameter_with_Interstitials_gampad_call" time="0.002" classname="com.twc.ios.app.testcases.AndroidCriteoAndAmazonBidTest">
    <error type="java.io.FileNotFoundException" message="/Users/aswinikumar/Documents/local/adsqaandroid-automation-masternull (No such file or directory)">
      <![CDATA[java.io.FileNotFoundException: /Users/aswinikumar/Documents/local/adsqaandroid-automation-masternull (No such file or directory)
	at java.io.FileInputStream.open0(Native Method)
	at java.io.FileInputStream.open(FileInputStream.java:195)
	at java.io.FileInputStream.<init>(FileInputStream.java:138)
	at com.twc.ios.app.excel.ExcelData.excelread(ExcelData.java:37)
	at com.twc.ios.app.general.ReadExcelValues.excelValues(ReadExcelValues.java:11)
	at com.twc.ios.app.general.Utils.validate_Criteo_SDK_inapp_v2_call_param_value_with_gampad_param_value(Utils.java:12986)
	at com.twc.ios.app.testcases.AndroidCriteoAndAmazonBidTest.Verify_Criteo_SDK_inapp_v2_Call_cpm_parameter_with_Interstitials_gampad_call(AndroidCriteoAndAmazonBidTest.java:1956)
	at sun.reflect.NativeMethodAccessorImpl.invoke0(Native Method)
	at sun.reflect.NativeMethodAccessorImpl.invoke(NativeMethodAccessorImpl.java:62)
	at sun.reflect.DelegatingMethodAccessorImpl.invoke(DelegatingMethodAccessorImpl.java:43)
	at java.lang.reflect.Method.invoke(Method.java:498)
	at org.testng.internal.MethodInvocationHelper.invokeMethod(MethodInvocationHelper.java:86)
	at org.testng.internal.Invoker.invokeMethod(Invoker.java:643)
	at org.testng.internal.Invoker.invokeTestMethod(Invoker.java:820)
	at org.testng.internal.Invoker.invokeTestMethods(Invoker.java:1128)
	at org.testng.internal.TestMethodWorker.invokeTestMethods(TestMethodWorker.java:129)
	at org.testng.internal.TestMethodWorker.run(TestMethodWorker.java:112)
	at org.testng.TestRunner.privateRun(TestRunner.java:782)
	at org.testng.TestRunner.run(TestRunner.java:632)
	at org.testng.SuiteRunner.runTest(SuiteRunner.java:366)
	at org.testng.SuiteRunner.runSequentially(SuiteRunner.java:361)
	at org.testng.SuiteRunner.privateRun(SuiteRunner.java:319)
	at org.testng.SuiteRunner.run(SuiteRunner.java:268)
	at org.testng.SuiteRunnerWorker.runSuite(SuiteRunnerWorker.java:52)
	at org.testng.SuiteRunnerWorker.run(SuiteRunnerWorker.java:86)
	at org.testng.TestNG.runSuitesSequentially(TestNG.java:1244)
	at org.testng.TestNG.runSuitesLocally(TestNG.java:1169)
	at org.testng.TestNG.run(TestNG.java:1064)
	at org.testng.remote.AbstractRemoteTestNG.run(AbstractRemoteTestNG.java:115)
	at org.testng.remote.RemoteTestNG.initAndRun(RemoteTestNG.java:251)
	at org.testng.remote.RemoteTestNG.main(RemoteTestNG.java:77)
]]>
    </error>
  </testcase> <!-- Verify_Criteo_SDK_inapp_v2_Call_cpm_parameter_with_Interstitials_gampad_call -->
  <testcase name="Verify_amazon_aax_News_details_adcall" time="0.004" classname="com.twc.ios.app.testcases.AndroidCriteoAndAmazonBidTest">
    <error type="java.io.FileNotFoundException" message="/Users/aswinikumar/Documents/local/adsqaandroid-automation-masternull (No such file or directory)">
      <![CDATA[java.io.FileNotFoundException: /Users/aswinikumar/Documents/local/adsqaandroid-automation-masternull (No such file or directory)
	at java.io.FileInputStream.open0(Native Method)
	at java.io.FileInputStream.open(FileInputStream.java:195)
	at java.io.FileInputStream.<init>(FileInputStream.java:138)
	at com.twc.ios.app.excel.ExcelData.excelread(ExcelData.java:37)
	at com.twc.ios.app.general.ReadExcelValues.excelValues(ReadExcelValues.java:11)
	at com.twc.ios.app.general.Utils.verifyAAX_SlotId(Utils.java:1151)
	at com.twc.ios.app.testcases.AndroidCriteoAndAmazonBidTest.Verify_amazon_aax_News_details_adcall(AndroidCriteoAndAmazonBidTest.java:602)
	at sun.reflect.NativeMethodAccessorImpl.invoke0(Native Method)
	at sun.reflect.NativeMethodAccessorImpl.invoke(NativeMethodAccessorImpl.java:62)
	at sun.reflect.DelegatingMethodAccessorImpl.invoke(DelegatingMethodAccessorImpl.java:43)
	at java.lang.reflect.Method.invoke(Method.java:498)
	at org.testng.internal.MethodInvocationHelper.invokeMethod(MethodInvocationHelper.java:86)
	at org.testng.internal.Invoker.invokeMethod(Invoker.java:643)
	at org.testng.internal.Invoker.invokeTestMethod(Invoker.java:820)
	at org.testng.internal.Invoker.invokeTestMethods(Invoker.java:1128)
	at org.testng.internal.TestMethodWorker.invokeTestMethods(TestMethodWorker.java:129)
	at org.testng.internal.TestMethodWorker.run(TestMethodWorker.java:112)
	at org.testng.TestRunner.privateRun(TestRunner.java:782)
	at org.testng.TestRunner.run(TestRunner.java:632)
	at org.testng.SuiteRunner.runTest(SuiteRunner.java:366)
	at org.testng.SuiteRunner.runSequentially(SuiteRunner.java:361)
	at org.testng.SuiteRunner.privateRun(SuiteRunner.java:319)
	at org.testng.SuiteRunner.run(SuiteRunner.java:268)
	at org.testng.SuiteRunnerWorker.runSuite(SuiteRunnerWorker.java:52)
	at org.testng.SuiteRunnerWorker.run(SuiteRunnerWorker.java:86)
	at org.testng.TestNG.runSuitesSequentially(TestNG.java:1244)
	at org.testng.TestNG.runSuitesLocally(TestNG.java:1169)
	at org.testng.TestNG.run(TestNG.java:1064)
	at org.testng.remote.AbstractRemoteTestNG.run(AbstractRemoteTestNG.java:115)
	at org.testng.remote.RemoteTestNG.initAndRun(RemoteTestNG.java:251)
	at org.testng.remote.RemoteTestNG.main(RemoteTestNG.java:77)
]]>
    </error>
  </testcase> <!-- Verify_amazon_aax_News_details_adcall -->
  <testcase name="Verify_Criteo_SDK_inapp_v2_Call_cpm_parameter_with_Hourly2_Big_ad_gampad_call" time="0.002" classname="com.twc.ios.app.testcases.AndroidCriteoAndAmazonBidTest">
    <error type="java.io.FileNotFoundException" message="/Users/aswinikumar/Documents/local/adsqaandroid-automation-masternull (No such file or directory)">
      <![CDATA[java.io.FileNotFoundException: /Users/aswinikumar/Documents/local/adsqaandroid-automation-masternull (No such file or directory)
	at java.io.FileInputStream.open0(Native Method)
	at java.io.FileInputStream.open(FileInputStream.java:195)
	at java.io.FileInputStream.<init>(FileInputStream.java:138)
	at com.twc.ios.app.excel.ExcelData.excelread(ExcelData.java:37)
	at com.twc.ios.app.general.ReadExcelValues.excelValues(ReadExcelValues.java:11)
	at com.twc.ios.app.general.Utils.validate_Criteo_SDK_inapp_v2_call_param_value_with_gampad_param_value(Utils.java:12986)
	at com.twc.ios.app.testcases.AndroidCriteoAndAmazonBidTest.Verify_Criteo_SDK_inapp_v2_Call_cpm_parameter_with_Hourly2_Big_ad_gampad_call(AndroidCriteoAndAmazonBidTest.java:1717)
	at sun.reflect.NativeMethodAccessorImpl.invoke0(Native Method)
	at sun.reflect.NativeMethodAccessorImpl.invoke(NativeMethodAccessorImpl.java:62)
	at sun.reflect.DelegatingMethodAccessorImpl.invoke(DelegatingMethodAccessorImpl.java:43)
	at java.lang.reflect.Method.invoke(Method.java:498)
	at org.testng.internal.MethodInvocationHelper.invokeMethod(MethodInvocationHelper.java:86)
	at org.testng.internal.Invoker.invokeMethod(Invoker.java:643)
	at org.testng.internal.Invoker.invokeTestMethod(Invoker.java:820)
	at org.testng.internal.Invoker.invokeTestMethods(Invoker.java:1128)
	at org.testng.internal.TestMethodWorker.invokeTestMethods(TestMethodWorker.java:129)
	at org.testng.internal.TestMethodWorker.run(TestMethodWorker.java:112)
	at org.testng.TestRunner.privateRun(TestRunner.java:782)
	at org.testng.TestRunner.run(TestRunner.java:632)
	at org.testng.SuiteRunner.runTest(SuiteRunner.java:366)
	at org.testng.SuiteRunner.runSequentially(SuiteRunner.java:361)
	at org.testng.SuiteRunner.privateRun(SuiteRunner.java:319)
	at org.testng.SuiteRunner.run(SuiteRunner.java:268)
	at org.testng.SuiteRunnerWorker.runSuite(SuiteRunnerWorker.java:52)
	at org.testng.SuiteRunnerWorker.run(SuiteRunnerWorker.java:86)
	at org.testng.TestNG.runSuitesSequentially(TestNG.java:1244)
	at org.testng.TestNG.runSuitesLocally(TestNG.java:1169)
	at org.testng.TestNG.run(TestNG.java:1064)
	at org.testng.remote.AbstractRemoteTestNG.run(AbstractRemoteTestNG.java:115)
	at org.testng.remote.RemoteTestNG.initAndRun(RemoteTestNG.java:251)
	at org.testng.remote.RemoteTestNG.main(RemoteTestNG.java:77)
]]>
    </error>
  </testcase> <!-- Verify_Criteo_SDK_inapp_v2_Call_cpm_parameter_with_Hourly2_Big_ad_gampad_call -->
  <testcase name="Verify_amazon_aax_preload_map_details_adcall" time="0.005" classname="com.twc.ios.app.testcases.AndroidCriteoAndAmazonBidTest">
    <error type="java.io.FileNotFoundException" message="/Users/aswinikumar/Documents/local/adsqaandroid-automation-masternull (No such file or directory)">
      <![CDATA[java.io.FileNotFoundException: /Users/aswinikumar/Documents/local/adsqaandroid-automation-masternull (No such file or directory)
	at java.io.FileInputStream.open0(Native Method)
	at java.io.FileInputStream.open(FileInputStream.java:195)
	at java.io.FileInputStream.<init>(FileInputStream.java:138)
	at com.twc.ios.app.excel.ExcelData.excelread(ExcelData.java:37)
	at com.twc.ios.app.general.ReadExcelValues.excelValues(ReadExcelValues.java:11)
	at com.twc.ios.app.general.Utils.verifyAAX_SlotId(Utils.java:1151)
	at com.twc.ios.app.testcases.AndroidCriteoAndAmazonBidTest.Verify_amazon_aax_preload_map_details_adcall(AndroidCriteoAndAmazonBidTest.java:245)
	at sun.reflect.NativeMethodAccessorImpl.invoke0(Native Method)
	at sun.reflect.NativeMethodAccessorImpl.invoke(NativeMethodAccessorImpl.java:62)
	at sun.reflect.DelegatingMethodAccessorImpl.invoke(DelegatingMethodAccessorImpl.java:43)
	at java.lang.reflect.Method.invoke(Method.java:498)
	at org.testng.internal.MethodInvocationHelper.invokeMethod(MethodInvocationHelper.java:86)
	at org.testng.internal.Invoker.invokeMethod(Invoker.java:643)
	at org.testng.internal.Invoker.invokeTestMethod(Invoker.java:820)
	at org.testng.internal.Invoker.invokeTestMethods(Invoker.java:1128)
	at org.testng.internal.TestMethodWorker.invokeTestMethods(TestMethodWorker.java:129)
	at org.testng.internal.TestMethodWorker.run(TestMethodWorker.java:112)
	at org.testng.TestRunner.privateRun(TestRunner.java:782)
	at org.testng.TestRunner.run(TestRunner.java:632)
	at org.testng.SuiteRunner.runTest(SuiteRunner.java:366)
	at org.testng.SuiteRunner.runSequentially(SuiteRunner.java:361)
	at org.testng.SuiteRunner.privateRun(SuiteRunner.java:319)
	at org.testng.SuiteRunner.run(SuiteRunner.java:268)
	at org.testng.SuiteRunnerWorker.runSuite(SuiteRunnerWorker.java:52)
	at org.testng.SuiteRunnerWorker.run(SuiteRunnerWorker.java:86)
	at org.testng.TestNG.runSuitesSequentially(TestNG.java:1244)
	at org.testng.TestNG.runSuitesLocally(TestNG.java:1169)
	at org.testng.TestNG.run(TestNG.java:1064)
	at org.testng.remote.AbstractRemoteTestNG.run(AbstractRemoteTestNG.java:115)
	at org.testng.remote.RemoteTestNG.initAndRun(RemoteTestNG.java:251)
	at org.testng.remote.RemoteTestNG.main(RemoteTestNG.java:77)
]]>
    </error>
  </testcase> <!-- Verify_amazon_aax_preload_map_details_adcall -->
  <testcase name="Verify_Criteo_SDK_inapp_v2_Call_size_parameter_with_Feed1_gampad_call" time="0.003" classname="com.twc.ios.app.testcases.AndroidCriteoAndAmazonBidTest">
    <error type="java.io.FileNotFoundException" message="/Users/aswinikumar/Documents/local/adsqaandroid-automation-masternull (No such file or directory)">
      <![CDATA[java.io.FileNotFoundException: /Users/aswinikumar/Documents/local/adsqaandroid-automation-masternull (No such file or directory)
	at java.io.FileInputStream.open0(Native Method)
	at java.io.FileInputStream.open(FileInputStream.java:195)
	at java.io.FileInputStream.<init>(FileInputStream.java:138)
	at com.twc.ios.app.excel.ExcelData.excelread(ExcelData.java:37)
	at com.twc.ios.app.general.ReadExcelValues.excelValues(ReadExcelValues.java:11)
	at com.twc.ios.app.general.Utils.validate_Criteo_SDK_inapp_v2_call_param_value_with_gampad_param_value(Utils.java:12986)
	at com.twc.ios.app.testcases.AndroidCriteoAndAmazonBidTest.Verify_Criteo_SDK_inapp_v2_Call_size_parameter_with_Feed1_gampad_call(AndroidCriteoAndAmazonBidTest.java:1012)
	at sun.reflect.NativeMethodAccessorImpl.invoke0(Native Method)
	at sun.reflect.NativeMethodAccessorImpl.invoke(NativeMethodAccessorImpl.java:62)
	at sun.reflect.DelegatingMethodAccessorImpl.invoke(DelegatingMethodAccessorImpl.java:43)
	at java.lang.reflect.Method.invoke(Method.java:498)
	at org.testng.internal.MethodInvocationHelper.invokeMethod(MethodInvocationHelper.java:86)
	at org.testng.internal.Invoker.invokeMethod(Invoker.java:643)
	at org.testng.internal.Invoker.invokeTestMethod(Invoker.java:820)
	at org.testng.internal.Invoker.invokeTestMethods(Invoker.java:1128)
	at org.testng.internal.TestMethodWorker.invokeTestMethods(TestMethodWorker.java:129)
	at org.testng.internal.TestMethodWorker.run(TestMethodWorker.java:112)
	at org.testng.TestRunner.privateRun(TestRunner.java:782)
	at org.testng.TestRunner.run(TestRunner.java:632)
	at org.testng.SuiteRunner.runTest(SuiteRunner.java:366)
	at org.testng.SuiteRunner.runSequentially(SuiteRunner.java:361)
	at org.testng.SuiteRunner.privateRun(SuiteRunner.java:319)
	at org.testng.SuiteRunner.run(SuiteRunner.java:268)
	at org.testng.SuiteRunnerWorker.runSuite(SuiteRunnerWorker.java:52)
	at org.testng.SuiteRunnerWorker.run(SuiteRunnerWorker.java:86)
	at org.testng.TestNG.runSuitesSequentially(TestNG.java:1244)
	at org.testng.TestNG.runSuitesLocally(TestNG.java:1169)
	at org.testng.TestNG.run(TestNG.java:1064)
	at org.testng.remote.AbstractRemoteTestNG.run(AbstractRemoteTestNG.java:115)
	at org.testng.remote.RemoteTestNG.initAndRun(RemoteTestNG.java:251)
	at org.testng.remote.RemoteTestNG.main(RemoteTestNG.java:77)
]]>
    </error>
  </testcase> <!-- Verify_Criteo_SDK_inapp_v2_Call_size_parameter_with_Feed1_gampad_call -->
  <testcase name="Validate_Criteo_SDK_Initialization_API_Call_Response_Parameter_prefetchOnInitEnabled" time="0.003" classname="com.twc.ios.app.testcases.AndroidCriteoAndAmazonBidTest">
    <error type="java.io.FileNotFoundException" message="/Users/aswinikumar/Documents/local/adsqaandroid-automation-masternull (No such file or directory)">
      <![CDATA[java.io.FileNotFoundException: /Users/aswinikumar/Documents/local/adsqaandroid-automation-masternull (No such file or directory)
	at java.io.FileInputStream.open0(Native Method)
	at java.io.FileInputStream.open(FileInputStream.java:195)
	at java.io.FileInputStream.<init>(FileInputStream.java:138)
	at com.twc.ios.app.excel.ExcelData.excelread(ExcelData.java:37)
	at com.twc.ios.app.general.ReadExcelValues.excelValues(ReadExcelValues.java:11)
	at com.twc.ios.app.general.Utils.validate_Criteo_SDK_config_app_call_response_parameter(Utils.java:15042)
	at com.twc.ios.app.testcases.AndroidCriteoAndAmazonBidTest.Validate_Criteo_SDK_Initialization_API_Call_Response_Parameter_prefetchOnInitEnabled(AndroidCriteoAndAmazonBidTest.java:927)
	at sun.reflect.NativeMethodAccessorImpl.invoke0(Native Method)
	at sun.reflect.NativeMethodAccessorImpl.invoke(NativeMethodAccessorImpl.java:62)
	at sun.reflect.DelegatingMethodAccessorImpl.invoke(DelegatingMethodAccessorImpl.java:43)
	at java.lang.reflect.Method.invoke(Method.java:498)
	at org.testng.internal.MethodInvocationHelper.invokeMethod(MethodInvocationHelper.java:86)
	at org.testng.internal.Invoker.invokeMethod(Invoker.java:643)
	at org.testng.internal.Invoker.invokeTestMethod(Invoker.java:820)
	at org.testng.internal.Invoker.invokeTestMethods(Invoker.java:1128)
	at org.testng.internal.TestMethodWorker.invokeTestMethods(TestMethodWorker.java:129)
	at org.testng.internal.TestMethodWorker.run(TestMethodWorker.java:112)
	at org.testng.TestRunner.privateRun(TestRunner.java:782)
	at org.testng.TestRunner.run(TestRunner.java:632)
	at org.testng.SuiteRunner.runTest(SuiteRunner.java:366)
	at org.testng.SuiteRunner.runSequentially(SuiteRunner.java:361)
	at org.testng.SuiteRunner.privateRun(SuiteRunner.java:319)
	at org.testng.SuiteRunner.run(SuiteRunner.java:268)
	at org.testng.SuiteRunnerWorker.runSuite(SuiteRunnerWorker.java:52)
	at org.testng.SuiteRunnerWorker.run(SuiteRunnerWorker.java:86)
	at org.testng.TestNG.runSuitesSequentially(TestNG.java:1244)
	at org.testng.TestNG.runSuitesLocally(TestNG.java:1169)
	at org.testng.TestNG.run(TestNG.java:1064)
	at org.testng.remote.AbstractRemoteTestNG.run(AbstractRemoteTestNG.java:115)
	at org.testng.remote.RemoteTestNG.initAndRun(RemoteTestNG.java:251)
	at org.testng.remote.RemoteTestNG.main(RemoteTestNG.java:77)
]]>
    </error>
  </testcase> <!-- Validate_Criteo_SDK_Initialization_API_Call_Response_Parameter_prefetchOnInitEnabled -->
  <testcase name="Verify_Criteo_SDK_inapp_v2_Call_displayUrl_parameter_with_AlertCenter_gampad_call" time="0.004" classname="com.twc.ios.app.testcases.AndroidCriteoAndAmazonBidTest">
    <error type="java.io.FileNotFoundException" message="/Users/aswinikumar/Documents/local/adsqaandroid-automation-masternull (No such file or directory)">
      <![CDATA[java.io.FileNotFoundException: /Users/aswinikumar/Documents/local/adsqaandroid-automation-masternull (No such file or directory)
	at java.io.FileInputStream.open0(Native Method)
	at java.io.FileInputStream.open(FileInputStream.java:195)
	at java.io.FileInputStream.<init>(FileInputStream.java:138)
	at com.twc.ios.app.excel.ExcelData.excelread(ExcelData.java:37)
	at com.twc.ios.app.general.ReadExcelValues.excelValues(ReadExcelValues.java:11)
	at com.twc.ios.app.general.Utils.validate_Criteo_SDK_inapp_v2_call_param_value_with_gampad_param_value(Utils.java:12986)
	at com.twc.ios.app.testcases.AndroidCriteoAndAmazonBidTest.Verify_Criteo_SDK_inapp_v2_Call_displayUrl_parameter_with_AlertCenter_gampad_call(AndroidCriteoAndAmazonBidTest.java:1452)
	at sun.reflect.NativeMethodAccessorImpl.invoke0(Native Method)
	at sun.reflect.NativeMethodAccessorImpl.invoke(NativeMethodAccessorImpl.java:62)
	at sun.reflect.DelegatingMethodAccessorImpl.invoke(DelegatingMethodAccessorImpl.java:43)
	at java.lang.reflect.Method.invoke(Method.java:498)
	at org.testng.internal.MethodInvocationHelper.invokeMethod(MethodInvocationHelper.java:86)
	at org.testng.internal.Invoker.invokeMethod(Invoker.java:643)
	at org.testng.internal.Invoker.invokeTestMethod(Invoker.java:820)
	at org.testng.internal.Invoker.invokeTestMethods(Invoker.java:1128)
	at org.testng.internal.TestMethodWorker.invokeTestMethods(TestMethodWorker.java:129)
	at org.testng.internal.TestMethodWorker.run(TestMethodWorker.java:112)
	at org.testng.TestRunner.privateRun(TestRunner.java:782)
	at org.testng.TestRunner.run(TestRunner.java:632)
	at org.testng.SuiteRunner.runTest(SuiteRunner.java:366)
	at org.testng.SuiteRunner.runSequentially(SuiteRunner.java:361)
	at org.testng.SuiteRunner.privateRun(SuiteRunner.java:319)
	at org.testng.SuiteRunner.run(SuiteRunner.java:268)
	at org.testng.SuiteRunnerWorker.runSuite(SuiteRunnerWorker.java:52)
	at org.testng.SuiteRunnerWorker.run(SuiteRunnerWorker.java:86)
	at org.testng.TestNG.runSuitesSequentially(TestNG.java:1244)
	at org.testng.TestNG.runSuitesLocally(TestNG.java:1169)
	at org.testng.TestNG.run(TestNG.java:1064)
	at org.testng.remote.AbstractRemoteTestNG.run(AbstractRemoteTestNG.java:115)
	at org.testng.remote.RemoteTestNG.initAndRun(RemoteTestNG.java:251)
	at org.testng.remote.RemoteTestNG.main(RemoteTestNG.java:77)
]]>
    </error>
  </testcase> <!-- Verify_Criteo_SDK_inapp_v2_Call_displayUrl_parameter_with_AlertCenter_gampad_call -->
</testsuite> <!-- com.twc.ios.app.testcases.AndroidCriteoAndAmazonBidTest -->
